[35m[1mConsolidate compiler generated dependencies of target moveG_action[0m
[35m[1mConsolidate compiler generated dependencies of target moveJs_action[0m
[35m[1mConsolidate compiler generated dependencies of target moveXYZW_action[0m
[35m[1mConsolidate compiler generated dependencies of target moveL_action[0m
[35m[1mConsolidate compiler generated dependencies of target moveXYZ_action[0m
[35m[1mConsolidate compiler generated dependencies of target moveJ_action[0m
[35m[1mConsolidate compiler generated dependencies of target moveR_action[0m
[35m[1mConsolidate compiler generated dependencies of target moveRs_action[0m
[  4%] [32mBuilding CXX object CMakeFiles/moveG_action.dir/scripts/moveG_action.cpp.o[0m
[  9%] [32mBuilding CXX object CMakeFiles/moveJs_action.dir/scripts/moveJs_action.cpp.o[0m
[ 13%] [32mBuilding CXX object CMakeFiles/moveXYZ_action.dir/scripts/moveXYZ_action.cpp.o[0m
[ 18%] [32mBuilding CXX object CMakeFiles/moveXYZW_action.dir/scripts/moveXYZW_action.cpp.o[0m
[ 22%] [32mBuilding CXX object CMakeFiles/moveL_action.dir/scripts/moveL_action.cpp.o[0m
[ 27%] [32mBuilding CXX object CMakeFiles/moveJ_action.dir/scripts/moveJ_action.cpp.o[0m
[ 31%] [32mBuilding CXX object CMakeFiles/moveR_action.dir/scripts/moveR_action.cpp.o[0m
[ 36%] [32mBuilding CXX object CMakeFiles/moveRs_action.dir/scripts/moveRs_action.cpp.o[0m
[01m[K/home/yuritvr/PFC/new_arm_ws/src/ros2_RobotSimulation/ros2_actions/scripts/moveR_action.cpp:[m[K In constructor â€˜[01m[Kros2_RobotTrigger::ros2_RobotTrigger()[m[Kâ€™:
[01m[K/home/yuritvr/PFC/new_arm_ws/src/ros2_RobotSimulation/ros2_actions/scripts/moveR_action.cpp:64:32:[m[K [01;31m[Kerror: [m[Kno matching function for call to â€˜[01m[Kros2_RobotTrigger::declare_parameter(const char [10])[m[Kâ€™
   64 |         [01;31m[Kthis->declare_parameter("ROB_PARAM")[m[K;
      |         [01;31m[K~~~~~~~~~~~~~~~~~~~~~~~^~~~~~~~~~~~~[m[K
In file included from [01m[K/opt/ros/humble/include/rclcpp/rclcpp/executors/single_threaded_executor.hpp:28[m[K,
                 from [01m[K/opt/ros/humble/include/rclcpp/rclcpp/executors.hpp:22[m[K,
                 from [01m[K/opt/ros/humble/include/rclcpp/rclcpp/rclcpp.hpp:155[m[K,
                 from [01m[K/home/yuritvr/PFC/new_arm_ws/src/ros2_RobotSimulation/ros2_actions/scripts/moveR_action.cpp:40[m[K:
[01m[K/opt/ros/humble/include/rclcpp/rclcpp/node.hpp:421:3:[m[K [01;36m[Knote: [m[Kcandidate: â€˜[01m[Ktemplate<class ParameterT> auto rclcpp::Node::declare_parameter(const string&, const ParameterT&, const ParameterDescriptor&, bool)[m[Kâ€™
  421 |   [01;36m[Kdeclare_parameter[m[K(
      |   [01;36m[K^~~~~~~~~~~~~~~~~[m[K
[01m[K/opt/ros/humble/include/rclcpp/rclcpp/node.hpp:421:3:[m[K [01;36m[Knote: [m[K  template argument deduction/substitution failed:
[01m[K/home/yuritvr/PFC/new_arm_ws/src/ros2_RobotSimulation/ros2_actions/scripts/moveR_action.cpp:64:32:[m[K [01;36m[Knote: [m[K  candidate expects 4 arguments, 1 provided
   64 |         [01;36m[Kthis->declare_parameter("ROB_PARAM")[m[K;
      |         [01;36m[K~~~~~~~~~~~~~~~~~~~~~~~^~~~~~~~~~~~~[m[K
In file included from [01m[K/opt/ros/humble/include/rclcpp/rclcpp/executors/single_threaded_executor.hpp:28[m[K,
                 from [01m[K/opt/ros/humble/include/rclcpp/rclcpp/executors.hpp:22[m[K,
                 from [01m[K/opt/ros/humble/include/rclcpp/rclcpp/rclcpp.hpp:155[m[K,
                 from [01m[K/home/yuritvr/PFC/new_arm_ws/src/ros2_RobotSimulation/ros2_actions/scripts/moveR_action.cpp:40[m[K:
[01m[K/opt/ros/humble/include/rclcpp/rclcpp/node.hpp:434:3:[m[K [01;36m[Knote: [m[Kcandidate: â€˜[01m[Ktemplate<class ParameterT> auto rclcpp::Node::declare_parameter(const string&, const ParameterDescriptor&, bool)[m[Kâ€™
  434 |   [01;36m[Kdeclare_parameter[m[K(
      |   [01;36m[K^~~~~~~~~~~~~~~~~[m[K
[01m[K/opt/ros/humble/include/rclcpp/rclcpp/node.hpp:434:3:[m[K [01;36m[Knote: [m[K  template argument deduction/substitution failed:
[01m[K/home/yuritvr/PFC/new_arm_ws/src/ros2_RobotSimulation/ros2_actions/scripts/moveR_action.cpp:64:32:[m[K [01;36m[Knote: [m[K  couldnâ€™t deduce template parameter â€˜[01m[KParameterT[m[Kâ€™
   64 |         [01;36m[Kthis->declare_parameter("ROB_PARAM")[m[K;
      |         [01;36m[K~~~~~~~~~~~~~~~~~~~~~~~^~~~~~~~~~~~~[m[K
In file included from [01m[K/opt/ros/humble/include/rclcpp/rclcpp/executors/single_threaded_executor.hpp:28[m[K,
                 from [01m[K/opt/ros/humble/include/rclcpp/rclcpp/executors.hpp:22[m[K,
                 from [01m[K/opt/ros/humble/include/rclcpp/rclcpp/rclcpp.hpp:155[m[K,
                 from [01m[K/home/yuritvr/PFC/new_arm_ws/src/ros2_RobotSimulation/ros2_actions/scripts/moveR_action.cpp:40[m[K:
[01m[K/opt/ros/humble/include/rclcpp/rclcpp/node.hpp:366:3:[m[K [01;36m[Knote: [m[Kcandidate: â€˜[01m[Kconst rclcpp::ParameterValue& rclcpp::Node::declare_parameter(const string&, const rclcpp::ParameterValue&, const ParameterDescriptor&, bool)[m[Kâ€™
  366 |   [01;36m[Kdeclare_parameter[m[K(
      |   [01;36m[K^~~~~~~~~~~~~~~~~[m[K
[01m[K/opt/ros/humble/include/rclcpp/rclcpp/node.hpp:366:3:[m[K [01;36m[Knote: [m[K  candidate expects 4 arguments, 1 provided
[01m[K/opt/ros/humble/include/rclcpp/rclcpp/node.hpp:391:3:[m[K [01;36m[Knote: [m[Kcandidate: â€˜[01m[Kconst rclcpp::ParameterValue& rclcpp::Node::declare_parameter(const string&, rclcpp::ParameterType, const ParameterDescriptor&, bool)[m[Kâ€™
  391 |   [01;36m[Kdeclare_parameter[m[K(
      |   [01;36m[K^~~~~~~~~~~~~~~~~[m[K
[01m[K/opt/ros/humble/include/rclcpp/rclcpp/node.hpp:391:3:[m[K [01;36m[Knote: [m[K  candidate expects 4 arguments, 1 provided
[01m[K/home/yuritvr/PFC/new_arm_ws/src/ros2_RobotSimulation/ros2_actions/scripts/moveR_action.cpp:[m[K In member function â€˜[01m[Krclcpp_action::GoalResponse ActionServer::handle_goal(const GoalUUID&, std::shared_ptr<const ros2_data::action::MoveR_Goal_<std::allocator<void> > >)[m[Kâ€™:
[01m[K/home/yuritvr/PFC/new_arm_ws/src/ros2_RobotSimulation/ros2_actions/scripts/moveR_action.cpp:95:41:[m[K [01;35m[Kwarning: [m[Kunused parameter â€˜[01m[Kuuid[m[Kâ€™ [[01;35m[K]8;;https://gcc.gnu.org/onlinedocs/gcc/Warning-Options.html#index-Wunused-parameter-Wunused-parameter]8;;[m[K]
   95 |         [01;35m[Kconst rclcpp_action::GoalUUID & uuid[m[K,
      |         [01;35m[K~~~~~~~~~~~~~~~~~~~~~~~~~~~~~~~~^~~~[m[K
[01m[K/home/yuritvr/PFC/new_arm_ws/src/ros2_RobotSimulation/ros2_actions/scripts/moveR_action.cpp:[m[K In member function â€˜[01m[Kvoid ActionServer::execute(std::shared_ptr<rclcpp_action::ServerGoalHandle<ros2_data::action::MoveR> >)[m[Kâ€™:
[01m[K/home/yuritvr/PFC/new_arm_ws/src/ros2_RobotSimulation/ros2_actions/scripts/moveR_action.cpp:337:112:[m[K [01;35m[Kwarning: [m[Kâ€˜[01m[Kusing MoveItErrorCode = class moveit::core::MoveItErrorCode[m[Kâ€™ is deprecated: Use moveit::core::MoveItErrorCode [[01;35m[K]8;;https://gcc.gnu.org/onlinedocs/gcc/Warning-Options.html#index-Wdeprecated-declarations-Wdeprecated-declarations]8;;[m[K]
  337 |             bool success = (move_group_interface.plan(my_plan) == moveit::planning_interface::MoveItErrorCode::[01;35m[KSUCCESS[m[K);
      |                                                                                                                [01;35m[K^~~~~~~[m[K
In file included from [01m[K/home/yuritvr/PFC/new_arm_ws/src/ros2_RobotSimulation/ros2_actions/scripts/moveR_action.cpp:43[m[K:
[01m[K/opt/ros/humble/include/moveit/move_group_interface/move_group_interface_improved.h:71:7:[m[K [01;36m[Knote: [m[Kdeclared here
   71 | using [01;36m[KMoveItErrorCode[m[K [[deprecated("Use moveit::core::MoveItErrorCode")]] = moveit::core::MoveItErrorCode;
      |       [01;36m[K^~~~~~~~~~~~~~~[m[K
[01m[K/home/yuritvr/PFC/new_arm_ws/src/ros2_RobotSimulation/ros2_actions/scripts/moveR_action.cpp:362:53:[m[K [01;35m[Kwarning: [m[Kcomparison with string literal results in unspecified behavior [[01;35m[K]8;;https://gcc.gnu.org/onlinedocs/gcc/Warning-Options.html#index-Waddress-Waddress]8;;[m[K]
  362 |         } else if (LimitCheck == true && [01;35m[KInputJoint == "Valid"[m[K) {
      |                                          [01;35m[K~~~~~~~~~~~^~~~~~~~~~[m[K
[01m[K/home/yuritvr/PFC/new_arm_ws/src/ros2_RobotSimulation/ros2_actions/scripts/moveXYZ_action.cpp:[m[K In constructor â€˜[01m[Kros2_RobotTrigger::ros2_RobotTrigger()[m[Kâ€™:
[01m[K/home/yuritvr/PFC/new_arm_ws/src/ros2_RobotSimulation/ros2_actions/scripts/moveXYZ_action.cpp:60:32:[m[K [01;31m[Kerror: [m[Kno matching function for call to â€˜[01m[Kros2_RobotTrigger::declare_parameter(const char [10])[m[Kâ€™
   60 |         [01;31m[Kthis->declare_parameter("ROB_PARAM")[m[K;
      |         [01;31m[K~~~~~~~~~~~~~~~~~~~~~~~^~~~~~~~~~~~~[m[K
In file included from [01m[K/opt/ros/humble/include/rclcpp/rclcpp/executors/single_threaded_executor.hpp:28[m[K,
                 from [01m[K/opt/ros/humble/include/rclcpp/rclcpp/executors.hpp:22[m[K,
                 from [01m[K/opt/ros/humble/include/rclcpp/rclcpp/rclcpp.hpp:155[m[K,
                 from [01m[K/home/yuritvr/PFC/new_arm_ws/src/ros2_RobotSimulation/ros2_actions/scripts/moveXYZ_action.cpp:40[m[K:
[01m[K/opt/ros/humble/include/rclcpp/rclcpp/node.hpp:421:3:[m[K [01;36m[Knote: [m[Kcandidate: â€˜[01m[Ktemplate<class ParameterT> auto rclcpp::Node::declare_parameter(const string&, const ParameterT&, const ParameterDescriptor&, bool)[m[Kâ€™
  421 |   [01;36m[Kdeclare_parameter[m[K(
      |   [01;36m[K^~~~~~~~~~~~~~~~~[m[K
[01m[K/opt/ros/humble/include/rclcpp/rclcpp/node.hpp:421:3:[m[K [01;36m[Knote: [m[K  template argument deduction/substitution failed:
[01m[K/home/yuritvr/PFC/new_arm_ws/src/ros2_RobotSimulation/ros2_actions/scripts/moveXYZ_action.cpp:60:32:[m[K [01;36m[Knote: [m[K  candidate expects 4 arguments, 1 provided
   60 |         [01;36m[Kthis->declare_parameter("ROB_PARAM")[m[K;
      |         [01;36m[K~~~~~~~~~~~~~~~~~~~~~~~^~~~~~~~~~~~~[m[K
In file included from [01m[K/opt/ros/humble/include/rclcpp/rclcpp/executors/single_threaded_executor.hpp:28[m[K,
                 from [01m[K/opt/ros/humble/include/rclcpp/rclcpp/executors.hpp:22[m[K,
                 from [01m[K/opt/ros/humble/include/rclcpp/rclcpp/rclcpp.hpp:155[m[K,
                 from [01m[K/home/yuritvr/PFC/new_arm_ws/src/ros2_RobotSimulation/ros2_actions/scripts/moveXYZ_action.cpp:40[m[K:
[01m[K/opt/ros/humble/include/rclcpp/rclcpp/node.hpp:434:3:[m[K [01;36m[Knote: [m[Kcandidate: â€˜[01m[Ktemplate<class ParameterT> auto rclcpp::Node::declare_parameter(const string&, const ParameterDescriptor&, bool)[m[Kâ€™
  434 |   [01;36m[Kdeclare_parameter[m[K(
      |   [01;36m[K^~~~~~~~~~~~~~~~~[m[K
[01m[K/opt/ros/humble/include/rclcpp/rclcpp/node.hpp:434:3:[m[K [01;36m[Knote: [m[K  template argument deduction/substitution failed:
[01m[K/home/yuritvr/PFC/new_arm_ws/src/ros2_RobotSimulation/ros2_actions/scripts/moveXYZ_action.cpp:60:32:[m[K [01;36m[Knote: [m[K  couldnâ€™t deduce template parameter â€˜[01m[KParameterT[m[Kâ€™
   60 |         [01;36m[Kthis->declare_parameter("ROB_PARAM")[m[K;
      |         [01;36m[K~~~~~~~~~~~~~~~~~~~~~~~^~~~~~~~~~~~~[m[K
In file included from [01m[K/opt/ros/humble/include/rclcpp/rclcpp/executors/single_threaded_executor.hpp:28[m[K,
                 from [01m[K/opt/ros/humble/include/rclcpp/rclcpp/executors.hpp:22[m[K,
                 from [01m[K/opt/ros/humble/include/rclcpp/rclcpp/rclcpp.hpp:155[m[K,
                 from [01m[K/home/yuritvr/PFC/new_arm_ws/src/ros2_RobotSimulation/ros2_actions/scripts/moveXYZ_action.cpp:40[m[K:
[01m[K/opt/ros/humble/include/rclcpp/rclcpp/node.hpp:366:3:[m[K [01;36m[Knote: [m[Kcandidate: â€˜[01m[Kconst rclcpp::ParameterValue& rclcpp::Node::declare_parameter(const string&, const rclcpp::ParameterValue&, const ParameterDescriptor&, bool)[m[Kâ€™
  366 |   [01;36m[Kdeclare_parameter[m[K(
      |   [01;36m[K^~~~~~~~~~~~~~~~~[m[K
[01m[K/opt/ros/humble/include/rclcpp/rclcpp/node.hpp:366:3:[m[K [01;36m[Knote: [m[K  candidate expects 4 arguments, 1 provided
[01m[K/opt/ros/humble/include/rclcpp/rclcpp/node.hpp:391:3:[m[K [01;36m[Knote: [m[Kcandidate: â€˜[01m[Kconst rclcpp::ParameterValue& rclcpp::Node::declare_parameter(const string&, rclcpp::ParameterType, const ParameterDescriptor&, bool)[m[Kâ€™
  391 |   [01;36m[Kdeclare_parameter[m[K(
      |   [01;36m[K^~~~~~~~~~~~~~~~~[m[K
[01m[K/opt/ros/humble/include/rclcpp/rclcpp/node.hpp:391:3:[m[K [01;36m[Knote: [m[K  candidate expects 4 arguments, 1 provided
[01m[K/home/yuritvr/PFC/new_arm_ws/src/ros2_RobotSimulation/ros2_actions/scripts/moveL_action.cpp:[m[K In constructor â€˜[01m[Kros2_RobotTrigger::ros2_RobotTrigger()[m[Kâ€™:
[01m[K/home/yuritvr/PFC/new_arm_ws/src/ros2_RobotSimulation/ros2_actions/scripts/moveL_action.cpp:60:32:[m[K [01;31m[Kerror: [m[Kno matching function for call to â€˜[01m[Kros2_RobotTrigger::declare_parameter(const char [10])[m[Kâ€™
   60 |         [01;31m[Kthis->declare_parameter("ROB_PARAM")[m[K;
      |         [01;31m[K~~~~~~~~~~~~~~~~~~~~~~~^~~~~~~~~~~~~[m[K
In file included from [01m[K/opt/ros/humble/include/rclcpp/rclcpp/executors/single_threaded_executor.hpp:28[m[K,
                 from [01m[K/opt/ros/humble/include/rclcpp/rclcpp/executors.hpp:22[m[K,
                 from [01m[K/opt/ros/humble/include/rclcpp/rclcpp/rclcpp.hpp:155[m[K,
                 from [01m[K/home/yuritvr/PFC/new_arm_ws/src/ros2_RobotSimulation/ros2_actions/scripts/moveL_action.cpp:40[m[K:
[01m[K/opt/ros/humble/include/rclcpp/rclcpp/node.hpp:421:3:[m[K [01;36m[Knote: [m[Kcandidate: â€˜[01m[Ktemplate<class ParameterT> auto rclcpp::Node::declare_parameter(const string&, const ParameterT&, const ParameterDescriptor&, bool)[m[Kâ€™
  421 |   [01;36m[Kdeclare_parameter[m[K(
      |   [01;36m[K^~~~~~~~~~~~~~~~~[m[K
[01m[K/opt/ros/humble/include/rclcpp/rclcpp/node.hpp:421:3:[m[K [01;36m[Knote: [m[K  template argument deduction/substitution failed:
[01m[K/home/yuritvr/PFC/new_arm_ws/src/ros2_RobotSimulation/ros2_actions/scripts/moveL_action.cpp:60:32:[m[K [01;36m[Knote: [m[K  candidate expects 4 arguments, 1 provided
   60 |         [01;36m[Kthis->declare_parameter("ROB_PARAM")[m[K;
      |         [01;36m[K~~~~~~~~~~~~~~~~~~~~~~~^~~~~~~~~~~~~[m[K
In file included from [01m[K/opt/ros/humble/include/rclcpp/rclcpp/executors/single_threaded_executor.hpp:28[m[K,
                 from [01m[K/opt/ros/humble/include/rclcpp/rclcpp/executors.hpp:22[m[K,
                 from [01m[K/opt/ros/humble/include/rclcpp/rclcpp/rclcpp.hpp:155[m[K,
                 from [01m[K/home/yuritvr/PFC/new_arm_ws/src/ros2_RobotSimulation/ros2_actions/scripts/moveL_action.cpp:40[m[K:
[01m[K/opt/ros/humble/include/rclcpp/rclcpp/node.hpp:434:3:[m[K [01;36m[Knote: [m[Kcandidate: â€˜[01m[Ktemplate<class ParameterT> auto rclcpp::Node::declare_parameter(const string&, const ParameterDescriptor&, bool)[m[Kâ€™
  434 |   [01;36m[Kdeclare_parameter[m[K(
      |   [01;36m[K^~~~~~~~~~~~~~~~~[m[K
[01m[K/opt/ros/humble/include/rclcpp/rclcpp/node.hpp:434:3:[m[K [01;36m[Knote: [m[K  template argument deduction/substitution failed:
[01m[K/home/yuritvr/PFC/new_arm_ws/src/ros2_RobotSimulation/ros2_actions/scripts/moveL_action.cpp:60:32:[m[K [01;36m[Knote: [m[K  couldnâ€™t deduce template parameter â€˜[01m[KParameterT[m[Kâ€™
   60 |         [01;36m[Kthis->declare_parameter("ROB_PARAM")[m[K;
      |         [01;36m[K~~~~~~~~~~~~~~~~~~~~~~~^~~~~~~~~~~~~[m[K
In file included from [01m[K/opt/ros/humble/include/rclcpp/rclcpp/executors/single_threaded_executor.hpp:28[m[K,
                 from [01m[K/opt/ros/humble/include/rclcpp/rclcpp/executors.hpp:22[m[K,
                 from [01m[K/opt/ros/humble/include/rclcpp/rclcpp/rclcpp.hpp:155[m[K,
                 from [01m[K/home/yuritvr/PFC/new_arm_ws/src/ros2_RobotSimulation/ros2_actions/scripts/moveL_action.cpp:40[m[K:
[01m[K/opt/ros/humble/include/rclcpp/rclcpp/node.hpp:366:3:[m[K [01;36m[Knote: [m[Kcandidate: â€˜[01m[Kconst rclcpp::ParameterValue& rclcpp::Node::declare_parameter(const string&, const rclcpp::ParameterValue&, const ParameterDescriptor&, bool)[m[Kâ€™
  366 |   [01;36m[Kdeclare_parameter[m[K(
      |   [01;36m[K^~~~~~~~~~~~~~~~~[m[K
[01m[K/opt/ros/humble/include/rclcpp/rclcpp/node.hpp:366:3:[m[K [01;36m[Knote: [m[K  candidate expects 4 arguments, 1 provided
[01m[K/opt/ros/humble/include/rclcpp/rclcpp/node.hpp:391:3:[m[K [01;36m[Knote: [m[Kcandidate: â€˜[01m[Kconst rclcpp::ParameterValue& rclcpp::Node::declare_parameter(const string&, rclcpp::ParameterType, const ParameterDescriptor&, bool)[m[Kâ€™
  391 |   [01;36m[Kdeclare_parameter[m[K(
      |   [01;36m[K^~~~~~~~~~~~~~~~~[m[K
[01m[K/opt/ros/humble/include/rclcpp/rclcpp/node.hpp:391:3:[m[K [01;36m[Knote: [m[K  candidate expects 4 arguments, 1 provided
[01m[K/home/yuritvr/PFC/new_arm_ws/src/ros2_RobotSimulation/ros2_actions/scripts/moveJ_action.cpp:[m[K In constructor â€˜[01m[Kros2_RobotTrigger::ros2_RobotTrigger()[m[Kâ€™:
[01m[K/home/yuritvr/PFC/new_arm_ws/src/ros2_RobotSimulation/ros2_actions/scripts/moveJ_action.cpp:61:32:[m[K [01;31m[Kerror: [m[Kno matching function for call to â€˜[01m[Kros2_RobotTrigger::declare_parameter(const char [10])[m[Kâ€™
   61 |         [01;31m[Kthis->declare_parameter("ROB_PARAM")[m[K;
      |         [01;31m[K~~~~~~~~~~~~~~~~~~~~~~~^~~~~~~~~~~~~[m[K
In file included from [01m[K/opt/ros/humble/include/rclcpp/rclcpp/executors/single_threaded_executor.hpp:28[m[K,
                 from [01m[K/opt/ros/humble/include/rclcpp/rclcpp/executors.hpp:22[m[K,
                 from [01m[K/opt/ros/humble/include/rclcpp/rclcpp/rclcpp.hpp:155[m[K,
                 from [01m[K/home/yuritvr/PFC/new_arm_ws/src/ros2_RobotSimulation/ros2_actions/scripts/moveJ_action.cpp:40[m[K:
[01m[K/opt/ros/humble/include/rclcpp/rclcpp/node.hpp:421:3:[m[K [01;36m[Knote: [m[Kcandidate: â€˜[01m[Ktemplate<class ParameterT> auto rclcpp::Node::declare_parameter(const string&, const ParameterT&, const ParameterDescriptor&, bool)[m[Kâ€™
  421 |   [01;36m[Kdeclare_parameter[m[K(
      |   [01;36m[K^~~~~~~~~~~~~~~~~[m[K
[01m[K/opt/ros/humble/include/rclcpp/rclcpp/node.hpp:421:3:[m[K [01;36m[Knote: [m[K  template argument deduction/substitution failed:
[01m[K/home/yuritvr/PFC/new_arm_ws/src/ros2_RobotSimulation/ros2_actions/scripts/moveJ_action.cpp:61:32:[m[K [01;36m[Knote: [m[K  candidate expects 4 arguments, 1 provided
   61 |         [01;36m[Kthis->declare_parameter("ROB_PARAM")[m[K;
      |         [01;36m[K~~~~~~~~~~~~~~~~~~~~~~~^~~~~~~~~~~~~[m[K
In file included from [01m[K/opt/ros/humble/include/rclcpp/rclcpp/executors/single_threaded_executor.hpp:28[m[K,
                 from [01m[K/opt/ros/humble/include/rclcpp/rclcpp/executors.hpp:22[m[K,
                 from [01m[K/opt/ros/humble/include/rclcpp/rclcpp/rclcpp.hpp:155[m[K,
                 from [01m[K/home/yuritvr/PFC/new_arm_ws/src/ros2_RobotSimulation/ros2_actions/scripts/moveJ_action.cpp:40[m[K:
[01m[K/opt/ros/humble/include/rclcpp/rclcpp/node.hpp:434:3:[m[K [01;36m[Knote: [m[Kcandidate: â€˜[01m[Ktemplate<class ParameterT> auto rclcpp::Node::declare_parameter(const string&, const ParameterDescriptor&, bool)[m[Kâ€™
  434 |   [01;36m[Kdeclare_parameter[m[K(
      |   [01;36m[K^~~~~~~~~~~~~~~~~[m[K
[01m[K/opt/ros/humble/include/rclcpp/rclcpp/node.hpp:434:3:[m[K [01;36m[Knote: [m[K  template argument deduction/substitution failed:
[01m[K/home/yuritvr/PFC/new_arm_ws/src/ros2_RobotSimulation/ros2_actions/scripts/moveJ_action.cpp:61:32:[m[K [01;36m[Knote: [m[K  couldnâ€™t deduce template parameter â€˜[01m[KParameterT[m[Kâ€™
   61 |         [01;36m[Kthis->declare_parameter("ROB_PARAM")[m[K;
      |         [01;36m[K~~~~~~~~~~~~~~~~~~~~~~~^~~~~~~~~~~~~[m[K
In file included from [01m[K/opt/ros/humble/include/rclcpp/rclcpp/executors/single_threaded_executor.hpp:28[m[K,
                 from [01m[K/opt/ros/humble/include/rclcpp/rclcpp/executors.hpp:22[m[K,
                 from [01m[K/opt/ros/humble/include/rclcpp/rclcpp/rclcpp.hpp:155[m[K,
                 from [01m[K/home/yuritvr/PFC/new_arm_ws/src/ros2_RobotSimulation/ros2_actions/scripts/moveJ_action.cpp:40[m[K:
[01m[K/opt/ros/humble/include/rclcpp/rclcpp/node.hpp:366:3:[m[K [01;36m[Knote: [m[Kcandidate: â€˜[01m[Kconst rclcpp::ParameterValue& rclcpp::Node::declare_parameter(const string&, const rclcpp::ParameterValue&, const ParameterDescriptor&, bool)[m[Kâ€™
  366 |   [01;36m[Kdeclare_parameter[m[K(
      |   [01;36m[K^~~~~~~~~~~~~~~~~[m[K
[01m[K/opt/ros/humble/include/rclcpp/rclcpp/node.hpp:366:3:[m[K [01;36m[Knote: [m[K  candidate expects 4 arguments, 1 provided
[01m[K/opt/ros/humble/include/rclcpp/rclcpp/node.hpp:391:3:[m[K [01;36m[Knote: [m[Kcandidate: â€˜[01m[Kconst rclcpp::ParameterValue& rclcpp::Node::declare_parameter(const string&, rclcpp::ParameterType, const ParameterDescriptor&, bool)[m[Kâ€™
  391 |   [01;36m[Kdeclare_parameter[m[K(
      |   [01;36m[K^~~~~~~~~~~~~~~~~[m[K
[01m[K/opt/ros/humble/include/rclcpp/rclcpp/node.hpp:391:3:[m[K [01;36m[Knote: [m[K  candidate expects 4 arguments, 1 provided
[01m[K/home/yuritvr/PFC/new_arm_ws/src/ros2_RobotSimulation/ros2_actions/scripts/moveG_action.cpp:[m[K In constructor â€˜[01m[Kros2_RobotTrigger::ros2_RobotTrigger()[m[Kâ€™:
[01m[K/home/yuritvr/PFC/new_arm_ws/src/ros2_RobotSimulation/ros2_actions/scripts/moveG_action.cpp:60:32:[m[K [01;31m[Kerror: [m[Kno matching function for call to â€˜[01m[Kros2_RobotTrigger::declare_parameter(const char [10])[m[Kâ€™
   60 |         [01;31m[Kthis->declare_parameter("ROB_PARAM")[m[K;
      |         [01;31m[K~~~~~~~~~~~~~~~~~~~~~~~^~~~~~~~~~~~~[m[K
In file included from [01m[K/opt/ros/humble/include/rclcpp/rclcpp/executors/single_threaded_executor.hpp:28[m[K,
                 from [01m[K/opt/ros/humble/include/rclcpp/rclcpp/executors.hpp:22[m[K,
                 from [01m[K/opt/ros/humble/include/rclcpp/rclcpp/rclcpp.hpp:155[m[K,
                 from [01m[K/home/yuritvr/PFC/new_arm_ws/src/ros2_RobotSimulation/ros2_actions/scripts/moveG_action.cpp:40[m[K:
[01m[K/opt/ros/humble/include/rclcpp/rclcpp/node.hpp:421:3:[m[K [01;36m[Knote: [m[Kcandidate: â€˜[01m[Ktemplate<class ParameterT> auto rclcpp::Node::declare_parameter(const string&, const ParameterT&, const ParameterDescriptor&, bool)[m[Kâ€™
  421 |   [01;36m[Kdeclare_parameter[m[K(
      |   [01;36m[K^~~~~~~~~~~~~~~~~[m[K
[01m[K/opt/ros/humble/include/rclcpp/rclcpp/node.hpp:421:3:[m[K [01;36m[Knote: [m[K  template argument deduction/substitution failed:
[01m[K/home/yuritvr/PFC/new_arm_ws/src/ros2_RobotSimulation/ros2_actions/scripts/moveG_action.cpp:60:32:[m[K [01;36m[Knote: [m[K  candidate expects 4 arguments, 1 provided
   60 |         [01;36m[Kthis->declare_parameter("ROB_PARAM")[m[K;
      |         [01;36m[K~~~~~~~~~~~~~~~~~~~~~~~^~~~~~~~~~~~~[m[K
In file included from [01m[K/opt/ros/humble/include/rclcpp/rclcpp/executors/single_threaded_executor.hpp:28[m[K,
                 from [01m[K/opt/ros/humble/include/rclcpp/rclcpp/executors.hpp:22[m[K,
                 from [01m[K/opt/ros/humble/include/rclcpp/rclcpp/rclcpp.hpp:155[m[K,
                 from [01m[K/home/yuritvr/PFC/new_arm_ws/src/ros2_RobotSimulation/ros2_actions/scripts/moveG_action.cpp:40[m[K:
[01m[K/opt/ros/humble/include/rclcpp/rclcpp/node.hpp:434:3:[m[K [01;36m[Knote: [m[Kcandidate: â€˜[01m[Ktemplate<class ParameterT> auto rclcpp::Node::declare_parameter(const string&, const ParameterDescriptor&, bool)[m[Kâ€™
  434 |   [01;36m[Kdeclare_parameter[m[K(
      |   [01;36m[K^~~~~~~~~~~~~~~~~[m[K
[01m[K/opt/ros/humble/include/rclcpp/rclcpp/node.hpp:434:3:[m[K [01;36m[Knote: [m[K  template argument deduction/substitution failed:
[01m[K/home/yuritvr/PFC/new_arm_ws/src/ros2_RobotSimulation/ros2_actions/scripts/moveG_action.cpp:60:32:[m[K [01;36m[Knote: [m[K  couldnâ€™t deduce template parameter â€˜[01m[KParameterT[m[Kâ€™
   60 |         [01;36m[Kthis->declare_parameter("ROB_PARAM")[m[K;
      |         [01;36m[K~~~~~~~~~~~~~~~~~~~~~~~^~~~~~~~~~~~~[m[K
In file included from [01m[K/opt/ros/humble/include/rclcpp/rclcpp/executors/single_threaded_executor.hpp:28[m[K,
                 from [01m[K/opt/ros/humble/include/rclcpp/rclcpp/executors.hpp:22[m[K,
                 from [01m[K/opt/ros/humble/include/rclcpp/rclcpp/rclcpp.hpp:155[m[K,
                 from [01m[K/home/yuritvr/PFC/new_arm_ws/src/ros2_RobotSimulation/ros2_actions/scripts/moveG_action.cpp:40[m[K:
[01m[K/opt/ros/humble/include/rclcpp/rclcpp/node.hpp:366:3:[m[K [01;36m[Knote: [m[Kcandidate: â€˜[01m[Kconst rclcpp::ParameterValue& rclcpp::Node::declare_parameter(const string&, const rclcpp::ParameterValue&, const ParameterDescriptor&, bool)[m[Kâ€™
  366 |   [01;36m[Kdeclare_parameter[m[K(
      |   [01;36m[K^~~~~~~~~~~~~~~~~[m[K
[01m[K/opt/ros/humble/include/rclcpp/rclcpp/node.hpp:366:3:[m[K [01;36m[Knote: [m[K  candidate expects 4 arguments, 1 provided
[01m[K/opt/ros/humble/include/rclcpp/rclcpp/node.hpp:391:3:[m[K [01;36m[Knote: [m[Kcandidate: â€˜[01m[Kconst rclcpp::ParameterValue& rclcpp::Node::declare_parameter(const string&, rclcpp::ParameterType, const ParameterDescriptor&, bool)[m[Kâ€™
  391 |   [01;36m[Kdeclare_parameter[m[K(
      |   [01;36m[K^~~~~~~~~~~~~~~~~[m[K
[01m[K/opt/ros/humble/include/rclcpp/rclcpp/node.hpp:391:3:[m[K [01;36m[Knote: [m[K  candidate expects 4 arguments, 1 provided
[01m[K/home/yuritvr/PFC/new_arm_ws/src/ros2_RobotSimulation/ros2_actions/scripts/moveXYZ_action.cpp:[m[K In member function â€˜[01m[Krclcpp_action::GoalResponse ActionServer::handle_goal(const GoalUUID&, std::shared_ptr<const ros2_data::action::MoveXYZ_Goal_<std::allocator<void> > >)[m[Kâ€™:
[01m[K/home/yuritvr/PFC/new_arm_ws/src/ros2_RobotSimulation/ros2_actions/scripts/moveXYZ_action.cpp:94:41:[m[K [01;35m[Kwarning: [m[Kunused parameter â€˜[01m[Kuuid[m[Kâ€™ [[01;35m[K]8;;https://gcc.gnu.org/onlinedocs/gcc/Warning-Options.html#index-Wunused-parameter-Wunused-parameter]8;;[m[K]
   94 |         [01;35m[Kconst rclcpp_action::GoalUUID & uuid[m[K,
      |         [01;35m[K~~~~~~~~~~~~~~~~~~~~~~~~~~~~~~~~^~~~[m[K
[01m[K/home/yuritvr/PFC/new_arm_ws/src/ros2_RobotSimulation/ros2_actions/scripts/moveL_action.cpp:[m[K In member function â€˜[01m[Krclcpp_action::GoalResponse ActionServer::handle_goal(const GoalUUID&, std::shared_ptr<const ros2_data::action::MoveL_Goal_<std::allocator<void> > >)[m[Kâ€™:
[01m[K/home/yuritvr/PFC/new_arm_ws/src/ros2_RobotSimulation/ros2_actions/scripts/moveL_action.cpp:94:41:[m[K [01;35m[Kwarning: [m[Kunused parameter â€˜[01m[Kuuid[m[Kâ€™ [[01;35m[K]8;;https://gcc.gnu.org/onlinedocs/gcc/Warning-Options.html#index-Wunused-parameter-Wunused-parameter]8;;[m[K]
   94 |         [01;35m[Kconst rclcpp_action::GoalUUID & uuid[m[K,
      |         [01;35m[K~~~~~~~~~~~~~~~~~~~~~~~~~~~~~~~~^~~~[m[K
[01m[K/home/yuritvr/PFC/new_arm_ws/src/ros2_RobotSimulation/ros2_actions/scripts/moveXYZ_action.cpp:[m[K In member function â€˜[01m[Kvoid ActionServer::execute(std::shared_ptr<rclcpp_action::ServerGoalHandle<ros2_data::action::MoveXYZ> >)[m[Kâ€™:
[01m[K/home/yuritvr/PFC/new_arm_ws/src/ros2_RobotSimulation/ros2_actions/scripts/moveXYZ_action.cpp:177:108:[m[K [01;35m[Kwarning: [m[Kâ€˜[01m[Kusing MoveItErrorCode = class moveit::core::MoveItErrorCode[m[Kâ€™ is deprecated: Use moveit::core::MoveItErrorCode [[01;35m[K]8;;https://gcc.gnu.org/onlinedocs/gcc/Warning-Options.html#index-Wdeprecated-declarations-Wdeprecated-declarations]8;;[m[K]
  177 |         bool success = (move_group_interface.plan(my_plan) == moveit::planning_interface::MoveItErrorCode::[01;35m[KSUCCESS[m[K);
      |                                                                                                            [01;35m[K^~~~~~~[m[K
In file included from [01m[K/home/yuritvr/PFC/new_arm_ws/src/ros2_RobotSimulation/ros2_actions/scripts/moveXYZ_action.cpp:43[m[K:
[01m[K/opt/ros/humble/include/moveit/move_group_interface/move_group_interface_improved.h:71:7:[m[K [01;36m[Knote: [m[Kdeclared here
   71 | using [01;36m[KMoveItErrorCode[m[K [[deprecated("Use moveit::core::MoveItErrorCode")]] = moveit::core::MoveItErrorCode;
      |       [01;36m[K^~~~~~~~~~~~~~~[m[K
[01m[K/home/yuritvr/PFC/new_arm_ws/src/ros2_RobotSimulation/ros2_actions/scripts/moveJs_action.cpp:[m[K In constructor â€˜[01m[Kros2_RobotTrigger::ros2_RobotTrigger()[m[Kâ€™:
[01m[K/home/yuritvr/PFC/new_arm_ws/src/ros2_RobotSimulation/ros2_actions/scripts/moveJs_action.cpp:61:32:[m[K [01;31m[Kerror: [m[Kno matching function for call to â€˜[01m[Kros2_RobotTrigger::declare_parameter(const char [10])[m[Kâ€™
   61 |         [01;31m[Kthis->declare_parameter("ROB_PARAM")[m[K;
      |         [01;31m[K~~~~~~~~~~~~~~~~~~~~~~~^~~~~~~~~~~~~[m[K
In file included from [01m[K/opt/ros/humble/include/rclcpp/rclcpp/executors/single_threaded_executor.hpp:28[m[K,
                 from [01m[K/opt/ros/humble/include/rclcpp/rclcpp/executors.hpp:22[m[K,
                 from [01m[K/opt/ros/humble/include/rclcpp/rclcpp/rclcpp.hpp:155[m[K,
                 from [01m[K/home/yuritvr/PFC/new_arm_ws/src/ros2_RobotSimulation/ros2_actions/scripts/moveJs_action.cpp:40[m[K:
[01m[K/opt/ros/humble/include/rclcpp/rclcpp/node.hpp:421:3:[m[K [01;36m[Knote: [m[Kcandidate: â€˜[01m[Ktemplate<class ParameterT> auto rclcpp::Node::declare_parameter(const string&, const ParameterT&, const ParameterDescriptor&, bool)[m[Kâ€™
  421 |   [01;36m[Kdeclare_parameter[m[K(
      |   [01;36m[K^~~~~~~~~~~~~~~~~[m[K
[01m[K/opt/ros/humble/include/rclcpp/rclcpp/node.hpp:421:3:[m[K [01;36m[Knote: [m[K  template argument deduction/substitution failed:
[01m[K/home/yuritvr/PFC/new_arm_ws/src/ros2_RobotSimulation/ros2_actions/scripts/moveJs_action.cpp:61:32:[m[K [01;36m[Knote: [m[K  candidate expects 4 arguments, 1 provided
   61 |         [01;36m[Kthis->declare_parameter("ROB_PARAM")[m[K;
      |         [01;36m[K~~~~~~~~~~~~~~~~~~~~~~~^~~~~~~~~~~~~[m[K
In file included from [01m[K/opt/ros/humble/include/rclcpp/rclcpp/executors/single_threaded_executor.hpp:28[m[K,
                 from [01m[K/opt/ros/humble/include/rclcpp/rclcpp/executors.hpp:22[m[K,
                 from [01m[K/opt/ros/humble/include/rclcpp/rclcpp/rclcpp.hpp:155[m[K,
                 from [01m[K/home/yuritvr/PFC/new_arm_ws/src/ros2_RobotSimulation/ros2_actions/scripts/moveJs_action.cpp:40[m[K:
[01m[K/opt/ros/humble/include/rclcpp/rclcpp/node.hpp:434:3:[m[K [01;36m[Knote: [m[Kcandidate: â€˜[01m[Ktemplate<class ParameterT> auto rclcpp::Node::declare_parameter(const string&, const ParameterDescriptor&, bool)[m[Kâ€™
  434 |   [01;36m[Kdeclare_parameter[m[K(
      |   [01;36m[K^~~~~~~~~~~~~~~~~[m[K
[01m[K/opt/ros/humble/include/rclcpp/rclcpp/node.hpp:434:3:[m[K [01;36m[Knote: [m[K  template argument deduction/substitution failed:
[01m[K/home/yuritvr/PFC/new_arm_ws/src/ros2_RobotSimulation/ros2_actions/scripts/moveJs_action.cpp:61:32:[m[K [01;36m[Knote: [m[K  couldnâ€™t deduce template parameter â€˜[01m[KParameterT[m[Kâ€™
   61 |         [01;36m[Kthis->declare_parameter("ROB_PARAM")[m[K;
      |         [01;36m[K~~~~~~~~~~~~~~~~~~~~~~~^~~~~~~~~~~~~[m[K
[01m[K/home/yuritvr/PFC/new_arm_ws/src/ros2_RobotSimulation/ros2_actions/scripts/moveL_action.cpp:[m[K In member function â€˜[01m[Kvoid ActionServer::execute(std::shared_ptr<rclcpp_action::ServerGoalHandle<ros2_data::action::MoveL> >)[m[Kâ€™:
[01m[K/home/yuritvr/PFC/new_arm_ws/src/ros2_RobotSimulation/ros2_actions/scripts/moveL_action.cpp:190:109:[m[K [01;35m[Kwarning: [m[Kâ€˜[01m[Kusing MoveItErrorCode = class moveit::core::MoveItErrorCode[m[Kâ€™ is deprecated: Use moveit::core::MoveItErrorCode [[01;35m[K]8;;https://gcc.gnu.org/onlinedocs/gcc/Warning-Options.html#index-Wdeprecated-declarations-Wdeprecated-declarations]8;;[m[K]
  190 |         bool success1 = (move_group_interface.plan(my_plan) == moveit::planning_interface::MoveItErrorCode::[01;35m[KSUCCESS[m[K);
      |                                                                                                             [01;35m[K^~~~~~~[m[K
In file included from [01m[K/opt/ros/humble/include/rclcpp/rclcpp/executors/single_threaded_executor.hpp:28[m[K,
                 from [01m[K/opt/ros/humble/include/rclcpp/rclcpp/executors.hpp:22[m[K,
                 from [01m[K/opt/ros/humble/include/rclcpp/rclcpp/rclcpp.hpp:155[m[K,
                 from [01m[K/home/yuritvr/PFC/new_arm_ws/src/ros2_RobotSimulation/ros2_actions/scripts/moveJs_action.cpp:40[m[K:
[01m[K/opt/ros/humble/include/rclcpp/rclcpp/node.hpp:366:3:[m[K [01;36m[Knote: [m[Kcandidate: â€˜[01m[Kconst rclcpp::ParameterValue& rclcpp::Node::declare_parameter(const string&, const rclcpp::ParameterValue&, const ParameterDescriptor&, bool)[m[Kâ€™
  366 |   [01;36m[Kdeclare_parameter[m[K(
      |   [01;36m[K^~~~~~~~~~~~~~~~~[m[K
[01m[K/opt/ros/humble/include/rclcpp/rclcpp/node.hpp:366:3:[m[K [01;36m[Knote: [m[K  candidate expects 4 arguments, 1 provided
In file included from [01m[K/home/yuritvr/PFC/new_arm_ws/src/ros2_RobotSimulation/ros2_actions/scripts/moveL_action.cpp:43[m[K:
[01m[K/opt/ros/humble/include/moveit/move_group_interface/move_group_interface_improved.h:71:7:[m[K [01;36m[Knote: [m[Kdeclared here
   71 | using [01;36m[KMoveItErrorCode[m[K [[deprecated("Use moveit::core::MoveItErrorCode")]] = moveit::core::MoveItErrorCode;
      |       [01;36m[K^~~~~~~~~~~~~~~[m[K
[01m[K/opt/ros/humble/include/rclcpp/rclcpp/node.hpp:391:3:[m[K [01;36m[Knote: [m[Kcandidate: â€˜[01m[Kconst rclcpp::ParameterValue& rclcpp::Node::declare_parameter(const string&, rclcpp::ParameterType, const ParameterDescriptor&, bool)[m[Kâ€™
  391 |   [01;36m[Kdeclare_parameter[m[K(
      |   [01;36m[K^~~~~~~~~~~~~~~~~[m[K
[01m[K/opt/ros/humble/include/rclcpp/rclcpp/node.hpp:391:3:[m[K [01;36m[Knote: [m[K  candidate expects 4 arguments, 1 provided
[01m[K/home/yuritvr/PFC/new_arm_ws/src/ros2_RobotSimulation/ros2_actions/scripts/moveL_action.cpp:206:119:[m[K [01;35m[Kwarning: [m[Kâ€˜[01m[Kusing MoveItErrorCode = class moveit::core::MoveItErrorCode[m[Kâ€™ is deprecated: Use moveit::core::MoveItErrorCode [[01;35m[K]8;;https://gcc.gnu.org/onlinedocs/gcc/Warning-Options.html#index-Wdeprecated-declarations-Wdeprecated-declarations]8;;[m[K]
  206 |             bool success2 = (move_group_interface.execute(trajectory) == moveit::planning_interface::MoveItErrorCode::[01;35m[KSUCCESS[m[K);
      |                                                                                                                       [01;35m[K^~~~~~~[m[K
In file included from [01m[K/home/yuritvr/PFC/new_arm_ws/src/ros2_RobotSimulation/ros2_actions/scripts/moveL_action.cpp:43[m[K:
[01m[K/opt/ros/humble/include/moveit/move_group_interface/move_group_interface_improved.h:71:7:[m[K [01;36m[Knote: [m[Kdeclared here
   71 | using [01;36m[KMoveItErrorCode[m[K [[deprecated("Use moveit::core::MoveItErrorCode")]] = moveit::core::MoveItErrorCode;
      |       [01;36m[K^~~~~~~~~~~~~~~[m[K
[01m[K/home/yuritvr/PFC/new_arm_ws/src/ros2_RobotSimulation/ros2_actions/scripts/moveXYZ_action.cpp:155:46:[m[K [01;35m[Kwarning: [m[Kunused variable â€˜[01m[Kjoint_model_group[m[Kâ€™ [[01;35m[K]8;;https://gcc.gnu.org/onlinedocs/gcc/Warning-Options.html#index-Wunused-variable-Wunused-variable]8;;[m[K]
  155 |         const moveit::core::JointModelGroup* [01;35m[Kjoint_model_group[m[K = move_group_interface.getCurrentState()->getJointModelGroup(my_param);
      |                                              [01;35m[K^~~~~~~~~~~~~~~~~[m[K
[01m[K/home/yuritvr/PFC/new_arm_ws/src/ros2_RobotSimulation/ros2_actions/scripts/moveL_action.cpp:204:20:[m[K [01;35m[Kwarning: [m[Kunused variable â€˜[01m[Kfraction[m[Kâ€™ [[01;35m[K]8;;https://gcc.gnu.org/onlinedocs/gcc/Warning-Options.html#index-Wunused-variable-Wunused-variable]8;;[m[K]
  204 |             double [01;35m[Kfraction[m[K = move_group_interface.computeCartesianPath(waypoints, eef_step, jump_threshold, trajectory);
      |                    [01;35m[K^~~~~~~~[m[K
[01m[K/home/yuritvr/PFC/new_arm_ws/src/ros2_RobotSimulation/ros2_actions/scripts/moveL_action.cpp:154:46:[m[K [01;35m[Kwarning: [m[Kunused variable â€˜[01m[Kjoint_model_group[m[Kâ€™ [[01;35m[K]8;;https://gcc.gnu.org/onlinedocs/gcc/Warning-Options.html#index-Wunused-variable-Wunused-variable]8;;[m[K]
  154 |         const moveit::core::JointModelGroup* [01;35m[Kjoint_model_group[m[K = move_group_interface.getCurrentState()->getJointModelGroup(my_param);
      |                                              [01;35m[K^~~~~~~~~~~~~~~~~[m[K
[01m[K/home/yuritvr/PFC/new_arm_ws/src/ros2_RobotSimulation/ros2_actions/scripts/moveRs_action.cpp:[m[K In constructor â€˜[01m[Kros2_RobotTrigger::ros2_RobotTrigger()[m[Kâ€™:
[01m[K/home/yuritvr/PFC/new_arm_ws/src/ros2_RobotSimulation/ros2_actions/scripts/moveRs_action.cpp:63:32:[m[K [01;31m[Kerror: [m[Kno matching function for call to â€˜[01m[Kros2_RobotTrigger::declare_parameter(const char [10])[m[Kâ€™
   63 |         [01;31m[Kthis->declare_parameter("ROB_PARAM")[m[K;
      |         [01;31m[K~~~~~~~~~~~~~~~~~~~~~~~^~~~~~~~~~~~~[m[K
In file included from [01m[K/opt/ros/humble/include/rclcpp/rclcpp/executors/single_threaded_executor.hpp:28[m[K,
                 from [01m[K/opt/ros/humble/include/rclcpp/rclcpp/executors.hpp:22[m[K,
                 from [01m[K/opt/ros/humble/include/rclcpp/rclcpp/rclcpp.hpp:155[m[K,
                 from [01m[K/home/yuritvr/PFC/new_arm_ws/src/ros2_RobotSimulation/ros2_actions/scripts/moveRs_action.cpp:40[m[K:
[01m[K/opt/ros/humble/include/rclcpp/rclcpp/node.hpp:421:3:[m[K [01;36m[Knote: [m[Kcandidate: â€˜[01m[Ktemplate<class ParameterT> auto rclcpp::Node::declare_parameter(const string&, const ParameterT&, const ParameterDescriptor&, bool)[m[Kâ€™
  421 |   [01;36m[Kdeclare_parameter[m[K(
      |   [01;36m[K^~~~~~~~~~~~~~~~~[m[K
[01m[K/opt/ros/humble/include/rclcpp/rclcpp/node.hpp:421:3:[m[K [01;36m[Knote: [m[K  template argument deduction/substitution failed:
[01m[K/home/yuritvr/PFC/new_arm_ws/src/ros2_RobotSimulation/ros2_actions/scripts/moveRs_action.cpp:63:32:[m[K [01;36m[Knote: [m[K  candidate expects 4 arguments, 1 provided
   63 |         [01;36m[Kthis->declare_parameter("ROB_PARAM")[m[K;
      |         [01;36m[K~~~~~~~~~~~~~~~~~~~~~~~^~~~~~~~~~~~~[m[K
In file included from [01m[K/opt/ros/humble/include/rclcpp/rclcpp/executors/single_threaded_executor.hpp:28[m[K,
                 from [01m[K/opt/ros/humble/include/rclcpp/rclcpp/executors.hpp:22[m[K,
                 from [01m[K/opt/ros/humble/include/rclcpp/rclcpp/rclcpp.hpp:155[m[K,
                 from [01m[K/home/yuritvr/PFC/new_arm_ws/src/ros2_RobotSimulation/ros2_actions/scripts/moveRs_action.cpp:40[m[K:
[01m[K/opt/ros/humble/include/rclcpp/rclcpp/node.hpp:434:3:[m[K [01;36m[Knote: [m[Kcandidate: â€˜[01m[Ktemplate<class ParameterT> auto rclcpp::Node::declare_parameter(const string&, const ParameterDescriptor&, bool)[m[Kâ€™
  434 |   [01;36m[Kdeclare_parameter[m[K(
      |   [01;36m[K^~~~~~~~~~~~~~~~~[m[K
[01m[K/opt/ros/humble/include/rclcpp/rclcpp/node.hpp:434:3:[m[K [01;36m[Knote: [m[K  template argument deduction/substitution failed:
[01m[K/home/yuritvr/PFC/new_arm_ws/src/ros2_RobotSimulation/ros2_actions/scripts/moveRs_action.cpp:63:32:[m[K [01;36m[Knote: [m[K  couldnâ€™t deduce template parameter â€˜[01m[KParameterT[m[Kâ€™
   63 |         [01;36m[Kthis->declare_parameter("ROB_PARAM")[m[K;
      |         [01;36m[K~~~~~~~~~~~~~~~~~~~~~~~^~~~~~~~~~~~~[m[K
In file included from [01m[K/opt/ros/humble/include/rclcpp/rclcpp/executors/single_threaded_executor.hpp:28[m[K,
                 from [01m[K/opt/ros/humble/include/rclcpp/rclcpp/executors.hpp:22[m[K,
                 from [01m[K/opt/ros/humble/include/rclcpp/rclcpp/rclcpp.hpp:155[m[K,
                 from [01m[K/home/yuritvr/PFC/new_arm_ws/src/ros2_RobotSimulation/ros2_actions/scripts/moveRs_action.cpp:40[m[K:
[01m[K/opt/ros/humble/include/rclcpp/rclcpp/node.hpp:366:3:[m[K [01;36m[Knote: [m[Kcandidate: â€˜[01m[Kconst rclcpp::ParameterValue& rclcpp::Node::declare_parameter(const string&, const rclcpp::ParameterValue&, const ParameterDescriptor&, bool)[m[Kâ€™
  366 |   [01;36m[Kdeclare_parameter[m[K(
      |   [01;36m[K^~~~~~~~~~~~~~~~~[m[K
[01m[K/opt/ros/humble/include/rclcpp/rclcpp/node.hpp:366:3:[m[K [01;36m[Knote: [m[K  candidate expects 4 arguments, 1 provided
[01m[K/opt/ros/humble/include/rclcpp/rclcpp/node.hpp:391:3:[m[K [01;36m[Knote: [m[Kcandidate: â€˜[01m[Kconst rclcpp::ParameterValue& rclcpp::Node::declare_parameter(const string&, rclcpp::ParameterType, const ParameterDescriptor&, bool)[m[Kâ€™
  391 |   [01;36m[Kdeclare_parameter[m[K(
      |   [01;36m[K^~~~~~~~~~~~~~~~~[m[K
[01m[K/opt/ros/humble/include/rclcpp/rclcpp/node.hpp:391:3:[m[K [01;36m[Knote: [m[K  candidate expects 4 arguments, 1 provided
[01m[K/home/yuritvr/PFC/new_arm_ws/src/ros2_RobotSimulation/ros2_actions/scripts/moveJ_action.cpp:[m[K In member function â€˜[01m[Krclcpp_action::GoalResponse ActionServer::handle_goal(const GoalUUID&, std::shared_ptr<const ros2_data::action::MoveJ_Goal_<std::allocator<void> > >)[m[Kâ€™:
[01m[K/home/yuritvr/PFC/new_arm_ws/src/ros2_RobotSimulation/ros2_actions/scripts/moveJ_action.cpp:95:41:[m[K [01;35m[Kwarning: [m[Kunused parameter â€˜[01m[Kuuid[m[Kâ€™ [[01;35m[K]8;;https://gcc.gnu.org/onlinedocs/gcc/Warning-Options.html#index-Wunused-parameter-Wunused-parameter]8;;[m[K]
   95 |         [01;35m[Kconst rclcpp_action::GoalUUID & uuid[m[K,
      |         [01;35m[K~~~~~~~~~~~~~~~~~~~~~~~~~~~~~~~~^~~~[m[K
[01m[K/home/yuritvr/PFC/new_arm_ws/src/ros2_RobotSimulation/ros2_actions/scripts/moveG_action.cpp:[m[K In member function â€˜[01m[Krclcpp_action::GoalResponse ActionServer::handle_goal(const GoalUUID&, std::shared_ptr<const ros2_data::action::MoveG_Goal_<std::allocator<void> > >)[m[Kâ€™:
[01m[K/home/yuritvr/PFC/new_arm_ws/src/ros2_RobotSimulation/ros2_actions/scripts/moveG_action.cpp:94:41:[m[K [01;35m[Kwarning: [m[Kunused parameter â€˜[01m[Kuuid[m[Kâ€™ [[01;35m[K]8;;https://gcc.gnu.org/onlinedocs/gcc/Warning-Options.html#index-Wunused-parameter-Wunused-parameter]8;;[m[K]
   94 |         [01;35m[Kconst rclcpp_action::GoalUUID & uuid[m[K,
      |         [01;35m[K~~~~~~~~~~~~~~~~~~~~~~~~~~~~~~~~^~~~[m[K
[01m[K/home/yuritvr/PFC/new_arm_ws/src/ros2_RobotSimulation/ros2_actions/scripts/moveXYZW_action.cpp:[m[K In constructor â€˜[01m[Kros2_RobotTrigger::ros2_RobotTrigger()[m[Kâ€™:
[01m[K/home/yuritvr/PFC/new_arm_ws/src/ros2_RobotSimulation/ros2_actions/scripts/moveXYZW_action.cpp:60:32:[m[K [01;31m[Kerror: [m[Kno matching function for call to â€˜[01m[Kros2_RobotTrigger::declare_parameter(const char [10])[m[Kâ€™
   60 |         [01;31m[Kthis->declare_parameter("ROB_PARAM")[m[K;
      |         [01;31m[K~~~~~~~~~~~~~~~~~~~~~~~^~~~~~~~~~~~~[m[K
In file included from [01m[K/opt/ros/humble/include/rclcpp/rclcpp/executors/single_threaded_executor.hpp:28[m[K,
                 from [01m[K/opt/ros/humble/include/rclcpp/rclcpp/executors.hpp:22[m[K,
                 from [01m[K/opt/ros/humble/include/rclcpp/rclcpp/rclcpp.hpp:155[m[K,
                 from [01m[K/home/yuritvr/PFC/new_arm_ws/src/ros2_RobotSimulation/ros2_actions/scripts/moveXYZW_action.cpp:40[m[K:
[01m[K/opt/ros/humble/include/rclcpp/rclcpp/node.hpp:421:3:[m[K [01;36m[Knote: [m[Kcandidate: â€˜[01m[Ktemplate<class ParameterT> auto rclcpp::Node::declare_parameter(const string&, const ParameterT&, const ParameterDescriptor&, bool)[m[Kâ€™
  421 |   [01;36m[Kdeclare_parameter[m[K(
      |   [01;36m[K^~~~~~~~~~~~~~~~~[m[K
[01m[K/opt/ros/humble/include/rclcpp/rclcpp/node.hpp:421:3:[m[K [01;36m[Knote: [m[K  template argument deduction/substitution failed:
[01m[K/home/yuritvr/PFC/new_arm_ws/src/ros2_RobotSimulation/ros2_actions/scripts/moveXYZW_action.cpp:60:32:[m[K [01;36m[Knote: [m[K  candidate expects 4 arguments, 1 provided
   60 |         [01;36m[Kthis->declare_parameter("ROB_PARAM")[m[K;
      |         [01;36m[K~~~~~~~~~~~~~~~~~~~~~~~^~~~~~~~~~~~~[m[K
In file included from [01m[K/opt/ros/humble/include/rclcpp/rclcpp/executors/single_threaded_executor.hpp:28[m[K,
                 from [01m[K/opt/ros/humble/include/rclcpp/rclcpp/executors.hpp:22[m[K,
                 from [01m[K/opt/ros/humble/include/rclcpp/rclcpp/rclcpp.hpp:155[m[K,
                 from [01m[K/home/yuritvr/PFC/new_arm_ws/src/ros2_RobotSimulation/ros2_actions/scripts/moveXYZW_action.cpp:40[m[K:
[01m[K/opt/ros/humble/include/rclcpp/rclcpp/node.hpp:434:3:[m[K [01;36m[Knote: [m[Kcandidate: â€˜[01m[Ktemplate<class ParameterT> auto rclcpp::Node::declare_parameter(const string&, const ParameterDescriptor&, bool)[m[Kâ€™
  434 |   [01;36m[Kdeclare_parameter[m[K(
      |   [01;36m[K^~~~~~~~~~~~~~~~~[m[K
[01m[K/opt/ros/humble/include/rclcpp/rclcpp/node.hpp:434:3:[m[K [01;36m[Knote: [m[K  template argument deduction/substitution failed:
[01m[K/home/yuritvr/PFC/new_arm_ws/src/ros2_RobotSimulation/ros2_actions/scripts/moveXYZW_action.cpp:60:32:[m[K [01;36m[Knote: [m[K  couldnâ€™t deduce template parameter â€˜[01m[KParameterT[m[Kâ€™
   60 |         [01;36m[Kthis->declare_parameter("ROB_PARAM")[m[K;
      |         [01;36m[K~~~~~~~~~~~~~~~~~~~~~~~^~~~~~~~~~~~~[m[K
In file included from [01m[K/opt/ros/humble/include/rclcpp/rclcpp/executors/single_threaded_executor.hpp:28[m[K,
                 from [01m[K/opt/ros/humble/include/rclcpp/rclcpp/executors.hpp:22[m[K,
                 from [01m[K/opt/ros/humble/include/rclcpp/rclcpp/rclcpp.hpp:155[m[K,
                 from [01m[K/home/yuritvr/PFC/new_arm_ws/src/ros2_RobotSimulation/ros2_actions/scripts/moveXYZW_action.cpp:40[m[K:
[01m[K/opt/ros/humble/include/rclcpp/rclcpp/node.hpp:366:3:[m[K [01;36m[Knote: [m[Kcandidate: â€˜[01m[Kconst rclcpp::ParameterValue& rclcpp::Node::declare_parameter(const string&, const rclcpp::ParameterValue&, const ParameterDescriptor&, bool)[m[Kâ€™
  366 |   [01;36m[Kdeclare_parameter[m[K(
      |   [01;36m[K^~~~~~~~~~~~~~~~~[m[K
[01m[K/opt/ros/humble/include/rclcpp/rclcpp/node.hpp:366:3:[m[K [01;36m[Knote: [m[K  candidate expects 4 arguments, 1 provided
[01m[K/opt/ros/humble/include/rclcpp/rclcpp/node.hpp:391:3:[m[K [01;36m[Knote: [m[Kcandidate: â€˜[01m[Kconst rclcpp::ParameterValue& rclcpp::Node::declare_parameter(const string&, rclcpp::ParameterType, const ParameterDescriptor&, bool)[m[Kâ€™
  391 |   [01;36m[Kdeclare_parameter[m[K(
      |   [01;36m[K^~~~~~~~~~~~~~~~~[m[K
[01m[K/opt/ros/humble/include/rclcpp/rclcpp/node.hpp:391:3:[m[K [01;36m[Knote: [m[K  candidate expects 4 arguments, 1 provided
[01m[K/home/yuritvr/PFC/new_arm_ws/src/ros2_RobotSimulation/ros2_actions/scripts/moveJ_action.cpp:[m[K In member function â€˜[01m[Kvoid ActionServer::execute(std::shared_ptr<rclcpp_action::ServerGoalHandle<ros2_data::action::MoveJ> >)[m[Kâ€™:
[01m[K/home/yuritvr/PFC/new_arm_ws/src/ros2_RobotSimulation/ros2_actions/scripts/moveJ_action.cpp:312:112:[m[K [01;35m[Kwarning: [m[Kâ€˜[01m[Kusing MoveItErrorCode = class moveit::core::MoveItErrorCode[m[Kâ€™ is deprecated: Use moveit::core::MoveItErrorCode [[01;35m[K]8;;https://gcc.gnu.org/onlinedocs/gcc/Warning-Options.html#index-Wdeprecated-declarations-Wdeprecated-declarations]8;;[m[K]
  312 | plan(my_plan) == moveit::planning_interface::MoveItErrorCode::[01;35m[KSUCCESS[m[K);
      |                                                               [01;35m[K^~~~~~~[m[K

In file included from [01m[K/home/yuritvr/PFC/new_arm_ws/src/ros2_RobotSimulation/ros2_actions/scripts/moveJ_action.cpp:43[m[K:
[01m[K/opt/ros/humble/include/moveit/move_group_interface/move_group_interface_improved.h:71:7:[m[K [01;36m[Knote: [m[Kdeclared here
   71 | using [01;36m[KMoveItErrorCode[m[K [[deprecated("Use moveit::core::MoveItErrorCode")]] = moveit::core::MoveItErrorCode;
      |       [01;36m[K^~~~~~~~~~~~~~~[m[K
[01m[K/home/yuritvr/PFC/new_arm_ws/src/ros2_RobotSimulation/ros2_actions/scripts/moveG_action.cpp:[m[K In member function â€˜[01m[Kvoid ActionServer::execute(std::shared_ptr<rclcpp_action::ServerGoalHandle<ros2_data::action::MoveG> >)[m[Kâ€™:
[01m[K/home/yuritvr/PFC/new_arm_ws/src/ros2_RobotSimulation/ros2_actions/scripts/moveG_action.cpp:180:112:[m[K [01;35m[Kwarning: [m[Kâ€˜[01m[Kusing MoveItErrorCode = class moveit::core::MoveItErrorCode[m[Kâ€™ is deprecated: Use moveit::core::MoveItErrorCode [[01;35m[K]8;;https://gcc.gnu.org/onlinedocs/gcc/Warning-Options.html#index-Wdeprecated-declarations-Wdeprecated-declarations]8;;[m[K]
  180 |             bool success = (move_group_interface.plan(my_plan) == moveit::planning_interface::MoveItErrorCode::[01;35m[KSUCCESS[m[K);
      |                                                                                                                [01;35m[K^~~~~~~[m[K
In file included from [01m[K/home/yuritvr/PFC/new_arm_ws/src/ros2_RobotSimulation/ros2_actions/scripts/moveG_action.cpp:43[m[K:
[01m[K/opt/ros/humble/include/moveit/move_group_interface/move_group_interface_improved.h:71:7:[m[K [01;36m[Knote: [m[Kdeclared here
   71 | using [01;36m[KMoveItErrorCode[m[K [[deprecated("Use moveit::core::MoveItErrorCode")]] = moveit::core::MoveItErrorCode;
      |       [01;36m[K^~~~~~~~~~~~~~~[m[K
[01m[K/home/yuritvr/PFC/new_arm_ws/src/ros2_RobotSimulation/ros2_actions/scripts/moveJs_action.cpp:[m[K In member function â€˜[01m[Krclcpp_action::GoalResponse ActionServer::handle_goal(const GoalUUID&, std::shared_ptr<const ros2_data::action::MoveJs_Goal_<std::allocator<void> > >)[m[Kâ€™:
[01m[K/home/yuritvr/PFC/new_arm_ws/src/ros2_RobotSimulation/ros2_actions/scripts/moveJs_action.cpp:95:41:[m[K [01;35m[Kwarning: [m[Kunused parameter â€˜[01m[Kuuid[m[Kâ€™ [[01;35m[K]8;;https://gcc.gnu.org/onlinedocs/gcc/Warning-Options.html#index-Wunused-parameter-Wunused-parameter]8;;[m[K]
   95 |         [01;35m[Kconst rclcpp_action::GoalUUID & uuid[m[K,
      |         [01;35m[K~~~~~~~~~~~~~~~~~~~~~~~~~~~~~~~~^~~~[m[K
[01m[K/home/yuritvr/PFC/new_arm_ws/src/ros2_RobotSimulation/ros2_actions/scripts/moveJs_action.cpp:[m[K In member function â€˜[01m[Kvoid ActionServer::execute(std::shared_ptr<rclcpp_action::ServerGoalHandle<ros2_data::action::MoveJs> >)[m[Kâ€™:
[01m[K/home/yuritvr/PFC/new_arm_ws/src/ros2_RobotSimulation/ros2_actions/scripts/moveJs_action.cpp:258:112:[m[K [01;35m[Kwarning: [m[Kâ€˜[01m[Kusing MoveItErrorCode = class moveit::core::MoveItErrorCode[m[Kâ€™ is deprecated: Use moveit::core::MoveItErrorCode [[01;35m[K]8;;https://gcc.gnu.org/onlinedocs/gcc/Warning-Options.html#index-Wdeprecated-declarations-Wdeprecated-declarations]8;;[m[K]
  258 |             bool success = (move_group_interface.plan(my_plan) == moveit::planning_interface::MoveItErrorCode::[01;35m[KSUCCESS[m[K);
      |                                                                                                                [01;35m[K^~~~~~~[m[K
In file included from [01m[K/home/yuritvr/PFC/new_arm_ws/src/ros2_RobotSimulation/ros2_actions/scripts/moveJs_action.cpp:43[m[K:
[01m[K/opt/ros/humble/include/moveit/move_group_interface/move_group_interface_improved.h:71:7:[m[K [01;36m[Knote: [m[Kdeclared here
   71 | using [01;36m[KMoveItErrorCode[m[K [[deprecated("Use moveit::core::MoveItErrorCode")]] = moveit::core::MoveItErrorCode;
      |       [01;36m[K^~~~~~~~~~~~~~~[m[K
[01m[K/home/yuritvr/PFC/new_arm_ws/src/ros2_RobotSimulation/ros2_actions/scripts/moveRs_action.cpp:[m[K In member function â€˜[01m[Krclcpp_action::GoalResponse ActionServer::handle_goal(const GoalUUID&, std::shared_ptr<const ros2_data::action::MoveR_Goal_<std::allocator<void> > >)[m[Kâ€™:
[01m[K/home/yuritvr/PFC/new_arm_ws/src/ros2_RobotSimulation/ros2_actions/scripts/moveRs_action.cpp:94:41:[m[K [01;35m[Kwarning: [m[Kunused parameter â€˜[01m[Kuuid[m[Kâ€™ [[01;35m[K]8;;https://gcc.gnu.org/onlinedocs/gcc/Warning-Options.html#index-Wunused-parameter-Wunused-parameter]8;;[m[K]
   94 |         [01;35m[Kconst rclcpp_action::GoalUUID & uuid[m[K,
      |         [01;35m[K~~~~~~~~~~~~~~~~~~~~~~~~~~~~~~~~^~~~[m[K
[01m[K/home/yuritvr/PFC/new_arm_ws/src/ros2_RobotSimulation/ros2_actions/scripts/moveXYZW_action.cpp:[m[K In member function â€˜[01m[Krclcpp_action::GoalResponse ActionServer::handle_goal(const GoalUUID&, std::shared_ptr<const ros2_data::action::MoveXYZW_Goal_<std::allocator<void> > >)[m[Kâ€™:
[01m[K/home/yuritvr/PFC/new_arm_ws/src/ros2_RobotSimulation/ros2_actions/scripts/moveXYZW_action.cpp:94:41:[m[K [01;35m[Kwarning: [m[Kunused parameter â€˜[01m[Kuuid[m[Kâ€™ [[01;35m[K]8;;https://gcc.gnu.org/onlinedocs/gcc/Warning-Options.html#index-Wunused-parameter-Wunused-parameter]8;;[m[K]
   94 |         [01;35m[Kconst rclcpp_action::GoalUUID & uuid[m[K,
      |         [01;35m[K~~~~~~~~~~~~~~~~~~~~~~~~~~~~~~~~^~~~[m[K
[01m[K/home/yuritvr/PFC/new_arm_ws/src/ros2_RobotSimulation/ros2_actions/scripts/moveRs_action.cpp:[m[K In member function â€˜[01m[Kvoid ActionServer::execute(std::shared_ptr<rclcpp_action::ServerGoalHandle<ros2_data::action::MoveR> >)[m[Kâ€™:
[01m[K/home/yuritvr/PFC/new_arm_ws/src/ros2_RobotSimulation/ros2_actions/scripts/moveRs_action.cpp:284:112:[m[K [01;35m[Kwarning: [m[Kâ€˜[01m[Kusing MoveItErrorCode = class moveit::core::MoveItErrorCode[m[Kâ€™ is deprecated: Use moveit::core::MoveItErrorCode [[01;35m[K]8;;https://gcc.gnu.org/onlinedocs/gcc/Warning-Options.html#index-Wdeprecated-declarations-Wdeprecated-declarations]8;;[m[K]
  284 |             bool success = (move_group_interface.plan(my_plan) == moveit::planning_interface::MoveItErrorCode::[01;35m[KSUCCESS[m[K);
      |                                                                                                                [01;35m[K^~~~~~~[m[K
In file included from [01m[K/home/yuritvr/PFC/new_arm_ws/src/ros2_RobotSimulation/ros2_actions/scripts/moveRs_action.cpp:43[m[K:
[01m[K/opt/ros/humble/include/moveit/move_group_interface/move_group_interface_improved.h:71:7:[m[K [01;36m[Knote: [m[Kdeclared here
   71 | using [01;36m[KMoveItErrorCode[m[K [[deprecated("Use moveit::core::MoveItErrorCode")]] = moveit::core::MoveItErrorCode;
      |       [01;36m[K^~~~~~~~~~~~~~~[m[K
[01m[K/home/yuritvr/PFC/new_arm_ws/src/ros2_RobotSimulation/ros2_actions/scripts/moveRs_action.cpp:309:53:[m[K [01;35m[Kwarning: [m[Kcomparison with string literal results in unspecified behavior [[01;35m[K]8;;https://gcc.gnu.org/onlinedocs/gcc/Warning-Options.html#index-Waddress-Waddress]8;;[m[K]
  309 |         } else if (LimitCheck == true && [01;35m[KInputJoint == "Valid"[m[K) {
      |                                          [01;35m[K~~~~~~~~~~~^~~~~~~~~~[m[K
[01m[K/home/yuritvr/PFC/new_arm_ws/src/ros2_RobotSimulation/ros2_actions/scripts/moveXYZW_action.cpp:[m[K In member function â€˜[01m[Kvoid ActionServer::execute(std::shared_ptr<rclcpp_action::ServerGoalHandle<ros2_data::action::MoveXYZW> >)[m[Kâ€™:
[01m[K/home/yuritvr/PFC/new_arm_ws/src/ros2_RobotSimulation/ros2_actions/scripts/moveXYZW_action.cpp:196:108:[m[K [01;35m[Kwarning: [m[Kâ€˜[01m[Kusing MoveItErrorCode = class moveit::core::MoveItErrorCode[m[Kâ€™ is deprecated: Use moveit::core::MoveItErrorCode [[01;35m[K]8;;https://gcc.gnu.org/onlinedocs/gcc/Warning-Options.html#index-Wdeprecated-declarations-Wdeprecated-declarations]8;;[m[K]
  196 |         bool success = (move_group_interface.plan(my_plan) == moveit::planning_interface::MoveItErrorCode::[01;35m[KSUCCESS[m[K);
      |                                                                                                            [01;35m[K^~~~~~~[m[K
In file included from [01m[K/home/yuritvr/PFC/new_arm_ws/src/ros2_RobotSimulation/ros2_actions/scripts/moveXYZW_action.cpp:43[m[K:
[01m[K/opt/ros/humble/include/moveit/move_group_interface/move_group_interface_improved.h:71:7:[m[K [01;36m[Knote: [m[Kdeclared here
   71 | using [01;36m[KMoveItErrorCode[m[K [[deprecated("Use moveit::core::MoveItErrorCode")]] = moveit::core::MoveItErrorCode;
      |       [01;36m[K^~~~~~~~~~~~~~~[m[K
[01m[K/home/yuritvr/PFC/new_arm_ws/src/ros2_RobotSimulation/ros2_actions/scripts/moveXYZW_action.cpp:162:46:[m[K [01;35m[Kwarning: [m[Kunused variable â€˜[01m[Kjoint_model_group[m[Kâ€™ [[01;35m[K]8;;https://gcc.gnu.org/onlinedocs/gcc/Warning-Options.html#index-Wunused-variable-Wunused-variable]8;;[m[K]
  162 |         const moveit::core::JointModelGroup* [01;35m[Kjoint_model_group[m[K = move_group_interface.getCurrentState()->getJointModelGroup(my_param);
      |                                              [01;35m[K^~~~~~~~~~~~~~~~~[m[K
gmake[2]: *** [CMakeFiles/moveR_action.dir/build.make:76: CMakeFiles/moveR_action.dir/scripts/moveR_action.cpp.o] Error 1
gmake[1]: *** [CMakeFiles/Makefile2:287: CMakeFiles/moveR_action.dir/all] Error 2
gmake[1]: *** Waiting for unfinished jobs....
gmake[2]: *** [CMakeFiles/moveL_action.dir/build.make:76: CMakeFiles/moveL_action.dir/scripts/moveL_action.cpp.o] Error 1
gmake[1]: *** [CMakeFiles/Makefile2:261: CMakeFiles/moveL_action.dir/all] Error 2
gmake[2]: *** [CMakeFiles/moveXYZ_action.dir/build.make:76: CMakeFiles/moveXYZ_action.dir/scripts/moveXYZ_action.cpp.o] Error 1
gmake[1]: *** [CMakeFiles/Makefile2:339: CMakeFiles/moveXYZ_action.dir/all] Error 2
gmake[2]: *** [CMakeFiles/moveJ_action.dir/build.make:76: CMakeFiles/moveJ_action.dir/scripts/moveJ_action.cpp.o] Error 1
gmake[1]: *** [CMakeFiles/Makefile2:157: CMakeFiles/moveJ_action.dir/all] Error 2
gmake[2]: *** [CMakeFiles/moveJs_action.dir/build.make:76: CMakeFiles/moveJs_action.dir/scripts/moveJs_action.cpp.o] Error 1
gmake[1]: *** [CMakeFiles/Makefile2:183: CMakeFiles/moveJs_action.dir/all] Error 2
gmake[2]: *** [CMakeFiles/moveXYZW_action.dir/build.make:76: CMakeFiles/moveXYZW_action.dir/scripts/moveXYZW_action.cpp.o] Error 1
gmake[1]: *** [CMakeFiles/Makefile2:235: CMakeFiles/moveXYZW_action.dir/all] Error 2
gmake[2]: *** [CMakeFiles/moveG_action.dir/build.make:76: CMakeFiles/moveG_action.dir/scripts/moveG_action.cpp.o] Error 1
gmake[1]: *** [CMakeFiles/Makefile2:209: CMakeFiles/moveG_action.dir/all] Error 2
gmake[2]: *** [CMakeFiles/moveRs_action.dir/build.make:76: CMakeFiles/moveRs_action.dir/scripts/moveRs_action.cpp.o] Error 1
gmake[1]: *** [CMakeFiles/Makefile2:313: CMakeFiles/moveRs_action.dir/all] Error 2
gmake: *** [Makefile:146: all] Error 2
