[0.057s] Invoking command in '/home/yuritvr/PFC/new_arm_ws/build/ros2_actions': CMAKE_PREFIX_PATH=/home/yuritvr/PFC/new_arm_ws/install/ros2_data:/home/yuritvr/PFC/new_arm_ws/install/ur5_ros2_moveit2:/home/yuritvr/PFC/new_arm_ws/install/ur5_ros2_gazebo:/home/yuritvr/PFC/new_arm_ws/install/ur3_ros2_moveit2:/home/yuritvr/PFC/new_arm_ws/install/ur3_ros2_gazebo:/home/yuritvr/PFC/new_arm_ws/install/ur10_ros2_moveit2:/home/yuritvr/PFC/new_arm_ws/install/ur10_ros2_gazebo:/home/yuritvr/PFC/new_arm_ws/install/ros2_grasping:/home/yuritvr/PFC/new_arm_ws/install/ros2_execution:/home/yuritvr/PFC/new_arm_ws/install/panda_ros2_moveit2:/home/yuritvr/PFC/new_arm_ws/install/irb6640_ros2_moveit2:/home/yuritvr/PFC/new_arm_ws/install/irb120_ros2_moveit2:/home/yuritvr/PFC/new_arm_ws/install/irb1200_ros2_moveit2:/home/yuritvr/PFC/new_arm_ws/install/iiwa_ros2_moveit2:/home/yuritvr/PFC/new_arm_ws/install/cr35ia_ros2_moveit2:/home/yuritvr/PFC/new_arm_ws/install/panda_ros2_gazebo:/home/yuritvr/PFC/new_arm_ws/install/irb6640_ros2_gazebo:/home/yuritvr/PFC/new_arm_ws/install/irb120_ros2_gazebo:/home/yuritvr/PFC/new_arm_ws/install/irb1200_ros2_gazebo:/home/yuritvr/PFC/new_arm_ws/install/iiwa_ros2_gazebo:/home/yuritvr/PFC/new_arm_ws/install/cr35ia_ros2_gazebo:/opt/ros/humble LD_LIBRARY_PATH=/home/yuritvr/PFC/new_arm_ws/install/ros2_data/lib:/home/yuritvr/PFC/new_arm_ws/install/ros2_grasping/lib:/usr/lib/x86_64-linux-gnu/gazebo-11/plugins:/opt/ros/humble/opt/rviz_ogre_vendor/lib:/opt/ros/humble/lib/x86_64-linux-gnu:/opt/ros/humble/lib:/usr/lib/x86_64-linux-gnu/gazebo-11/plugins /usr/bin/cmake --build /home/yuritvr/PFC/new_arm_ws/build/ros2_actions -- -j8 -l8
[0.141s] [35m[1mConsolidate compiler generated dependencies of target moveG_action[0m
[0.142s] [35m[1mConsolidate compiler generated dependencies of target moveJs_action[0m
[0.143s] [35m[1mConsolidate compiler generated dependencies of target moveXYZW_action[0m
[0.148s] [35m[1mConsolidate compiler generated dependencies of target moveL_action[0m
[0.148s] [35m[1mConsolidate compiler generated dependencies of target moveXYZ_action[0m
[0.148s] [35m[1mConsolidate compiler generated dependencies of target moveJ_action[0m
[0.168s] [35m[1mConsolidate compiler generated dependencies of target moveR_action[0m
[0.170s] [35m[1mConsolidate compiler generated dependencies of target moveRs_action[0m
[0.194s] [  4%] [32mBuilding CXX object CMakeFiles/moveG_action.dir/scripts/moveG_action.cpp.o[0m
[0.195s] [  9%] [32mBuilding CXX object CMakeFiles/moveJs_action.dir/scripts/moveJs_action.cpp.o[0m
[0.204s] [ 13%] [32mBuilding CXX object CMakeFiles/moveXYZ_action.dir/scripts/moveXYZ_action.cpp.o[0m
[0.212s] [ 18%] [32mBuilding CXX object CMakeFiles/moveXYZW_action.dir/scripts/moveXYZW_action.cpp.o[0m
[0.212s] [ 22%] [32mBuilding CXX object CMakeFiles/moveL_action.dir/scripts/moveL_action.cpp.o[0m
[0.218s] [ 27%] [32mBuilding CXX object CMakeFiles/moveJ_action.dir/scripts/moveJ_action.cpp.o[0m
[0.218s] [ 31%] [32mBuilding CXX object CMakeFiles/moveR_action.dir/scripts/moveR_action.cpp.o[0m
[0.251s] [ 36%] [32mBuilding CXX object CMakeFiles/moveRs_action.dir/scripts/moveRs_action.cpp.o[0m
[9.115s] [01m[K/home/yuritvr/PFC/new_arm_ws/src/ros2_RobotSimulation/ros2_actions/scripts/moveR_action.cpp:[m[K In constructor â€˜[01m[Kros2_RobotTrigger::ros2_RobotTrigger()[m[Kâ€™:
[9.115s] [01m[K/home/yuritvr/PFC/new_arm_ws/src/ros2_RobotSimulation/ros2_actions/scripts/moveR_action.cpp:64:32:[m[K [01;31m[Kerror: [m[Kno matching function for call to â€˜[01m[Kros2_RobotTrigger::declare_parameter(const char [10])[m[Kâ€™
[9.115s]    64 |         [01;31m[Kthis->declare_parameter("ROB_PARAM")[m[K;
[9.115s]       |         [01;31m[K~~~~~~~~~~~~~~~~~~~~~~~^~~~~~~~~~~~~[m[K
[9.115s] In file included from [01m[K/opt/ros/humble/include/rclcpp/rclcpp/executors/single_threaded_executor.hpp:28[m[K,
[9.115s]                  from [01m[K/opt/ros/humble/include/rclcpp/rclcpp/executors.hpp:22[m[K,
[9.116s]                  from [01m[K/opt/ros/humble/include/rclcpp/rclcpp/rclcpp.hpp:155[m[K,
[9.116s]                  from [01m[K/home/yuritvr/PFC/new_arm_ws/src/ros2_RobotSimulation/ros2_actions/scripts/moveR_action.cpp:40[m[K:
[9.116s] [01m[K/opt/ros/humble/include/rclcpp/rclcpp/node.hpp:421:3:[m[K [01;36m[Knote: [m[Kcandidate: â€˜[01m[Ktemplate<class ParameterT> auto rclcpp::Node::declare_parameter(const string&, const ParameterT&, const ParameterDescriptor&, bool)[m[Kâ€™
[9.116s]   421 |   [01;36m[Kdeclare_parameter[m[K(
[9.116s]       |   [01;36m[K^~~~~~~~~~~~~~~~~[m[K
[9.116s] [01m[K/opt/ros/humble/include/rclcpp/rclcpp/node.hpp:421:3:[m[K [01;36m[Knote: [m[K  template argument deduction/substitution failed:
[9.116s] [01m[K/home/yuritvr/PFC/new_arm_ws/src/ros2_RobotSimulation/ros2_actions/scripts/moveR_action.cpp:64:32:[m[K [01;36m[Knote: [m[K  candidate expects 4 arguments, 1 provided
[9.116s]    64 |         [01;36m[Kthis->declare_parameter("ROB_PARAM")[m[K;
[9.116s]       |         [01;36m[K~~~~~~~~~~~~~~~~~~~~~~~^~~~~~~~~~~~~[m[K
[9.116s] In file included from [01m[K/opt/ros/humble/include/rclcpp/rclcpp/executors/single_threaded_executor.hpp:28[m[K,
[9.117s]                  from [01m[K/opt/ros/humble/include/rclcpp/rclcpp/executors.hpp:22[m[K,
[9.117s]                  from [01m[K/opt/ros/humble/include/rclcpp/rclcpp/rclcpp.hpp:155[m[K,
[9.117s]                  from [01m[K/home/yuritvr/PFC/new_arm_ws/src/ros2_RobotSimulation/ros2_actions/scripts/moveR_action.cpp:40[m[K:
[9.117s] [01m[K/opt/ros/humble/include/rclcpp/rclcpp/node.hpp:434:3:[m[K [01;36m[Knote: [m[Kcandidate: â€˜[01m[Ktemplate<class ParameterT> auto rclcpp::Node::declare_parameter(const string&, const ParameterDescriptor&, bool)[m[Kâ€™
[9.117s]   434 |   [01;36m[Kdeclare_parameter[m[K(
[9.117s]       |   [01;36m[K^~~~~~~~~~~~~~~~~[m[K
[9.117s] [01m[K/opt/ros/humble/include/rclcpp/rclcpp/node.hpp:434:3:[m[K [01;36m[Knote: [m[K  template argument deduction/substitution failed:
[9.117s] [01m[K/home/yuritvr/PFC/new_arm_ws/src/ros2_RobotSimulation/ros2_actions/scripts/moveR_action.cpp:64:32:[m[K [01;36m[Knote: [m[K  couldnâ€™t deduce template parameter â€˜[01m[KParameterT[m[Kâ€™
[9.118s]    64 |         [01;36m[Kthis->declare_parameter("ROB_PARAM")[m[K;
[9.118s]       |         [01;36m[K~~~~~~~~~~~~~~~~~~~~~~~^~~~~~~~~~~~~[m[K
[9.118s] In file included from [01m[K/opt/ros/humble/include/rclcpp/rclcpp/executors/single_threaded_executor.hpp:28[m[K,
[9.118s]                  from [01m[K/opt/ros/humble/include/rclcpp/rclcpp/executors.hpp:22[m[K,
[9.118s]                  from [01m[K/opt/ros/humble/include/rclcpp/rclcpp/rclcpp.hpp:155[m[K,
[9.118s]                  from [01m[K/home/yuritvr/PFC/new_arm_ws/src/ros2_RobotSimulation/ros2_actions/scripts/moveR_action.cpp:40[m[K:
[9.118s] [01m[K/opt/ros/humble/include/rclcpp/rclcpp/node.hpp:366:3:[m[K [01;36m[Knote: [m[Kcandidate: â€˜[01m[Kconst rclcpp::ParameterValue& rclcpp::Node::declare_parameter(const string&, const rclcpp::ParameterValue&, const ParameterDescriptor&, bool)[m[Kâ€™
[9.118s]   366 |   [01;36m[Kdeclare_parameter[m[K(
[9.118s]       |   [01;36m[K^~~~~~~~~~~~~~~~~[m[K
[9.119s] [01m[K/opt/ros/humble/include/rclcpp/rclcpp/node.hpp:366:3:[m[K [01;36m[Knote: [m[K  candidate expects 4 arguments, 1 provided
[9.119s] [01m[K/opt/ros/humble/include/rclcpp/rclcpp/node.hpp:391:3:[m[K [01;36m[Knote: [m[Kcandidate: â€˜[01m[Kconst rclcpp::ParameterValue& rclcpp::Node::declare_parameter(const string&, rclcpp::ParameterType, const ParameterDescriptor&, bool)[m[Kâ€™
[9.119s]   391 |   [01;36m[Kdeclare_parameter[m[K(
[9.119s]       |   [01;36m[K^~~~~~~~~~~~~~~~~[m[K
[9.119s] [01m[K/opt/ros/humble/include/rclcpp/rclcpp/node.hpp:391:3:[m[K [01;36m[Knote: [m[K  candidate expects 4 arguments, 1 provided
[9.207s] [01m[K/home/yuritvr/PFC/new_arm_ws/src/ros2_RobotSimulation/ros2_actions/scripts/moveR_action.cpp:[m[K In member function â€˜[01m[Krclcpp_action::GoalResponse ActionServer::handle_goal(const GoalUUID&, std::shared_ptr<const ros2_data::action::MoveR_Goal_<std::allocator<void> > >)[m[Kâ€™:
[9.208s] [01m[K/home/yuritvr/PFC/new_arm_ws/src/ros2_RobotSimulation/ros2_actions/scripts/moveR_action.cpp:95:41:[m[K [01;35m[Kwarning: [m[Kunused parameter â€˜[01m[Kuuid[m[Kâ€™ [[01;35m[K]8;;https://gcc.gnu.org/onlinedocs/gcc/Warning-Options.html#index-Wunused-parameter-Wunused-parameter]8;;[m[K]
[9.208s]    95 |         [01;35m[Kconst rclcpp_action::GoalUUID & uuid[m[K,
[9.208s]       |         [01;35m[K~~~~~~~~~~~~~~~~~~~~~~~~~~~~~~~~^~~~[m[K
[9.228s] [01m[K/home/yuritvr/PFC/new_arm_ws/src/ros2_RobotSimulation/ros2_actions/scripts/moveR_action.cpp:[m[K In member function â€˜[01m[Kvoid ActionServer::execute(std::shared_ptr<rclcpp_action::ServerGoalHandle<ros2_data::action::MoveR> >)[m[Kâ€™:
[9.229s] [01m[K/home/yuritvr/PFC/new_arm_ws/src/ros2_RobotSimulation/ros2_actions/scripts/moveR_action.cpp:337:112:[m[K [01;35m[Kwarning: [m[Kâ€˜[01m[Kusing MoveItErrorCode = class moveit::core::MoveItErrorCode[m[Kâ€™ is deprecated: Use moveit::core::MoveItErrorCode [[01;35m[K]8;;https://gcc.gnu.org/onlinedocs/gcc/Warning-Options.html#index-Wdeprecated-declarations-Wdeprecated-declarations]8;;[m[K]
[9.229s]   337 |             bool success = (move_group_interface.plan(my_plan) == moveit::planning_interface::MoveItErrorCode::[01;35m[KSUCCESS[m[K);
[9.229s]       |                                                                                                                [01;35m[K^~~~~~~[m[K
[9.229s] In file included from [01m[K/home/yuritvr/PFC/new_arm_ws/src/ros2_RobotSimulation/ros2_actions/scripts/moveR_action.cpp:43[m[K:
[9.229s] [01m[K/opt/ros/humble/include/moveit/move_group_interface/move_group_interface_improved.h:71:7:[m[K [01;36m[Knote: [m[Kdeclared here
[9.229s]    71 | using [01;36m[KMoveItErrorCode[m[K [[deprecated("Use moveit::core::MoveItErrorCode")]] = moveit::core::MoveItErrorCode;
[9.229s]       |       [01;36m[K^~~~~~~~~~~~~~~[m[K
[9.233s] [01m[K/home/yuritvr/PFC/new_arm_ws/src/ros2_RobotSimulation/ros2_actions/scripts/moveR_action.cpp:362:53:[m[K [01;35m[Kwarning: [m[Kcomparison with string literal results in unspecified behavior [[01;35m[K]8;;https://gcc.gnu.org/onlinedocs/gcc/Warning-Options.html#index-Waddress-Waddress]8;;[m[K]
[9.233s]   362 |         } else if (LimitCheck == true && [01;35m[KInputJoint == "Valid"[m[K) {
[9.233s]       |                                          [01;35m[K~~~~~~~~~~~^~~~~~~~~~[m[K
[9.397s] [01m[K/home/yuritvr/PFC/new_arm_ws/src/ros2_RobotSimulation/ros2_actions/scripts/moveXYZ_action.cpp:[m[K In constructor â€˜[01m[Kros2_RobotTrigger::ros2_RobotTrigger()[m[Kâ€™:
[9.397s] [01m[K/home/yuritvr/PFC/new_arm_ws/src/ros2_RobotSimulation/ros2_actions/scripts/moveXYZ_action.cpp:60:32:[m[K [01;31m[Kerror: [m[Kno matching function for call to â€˜[01m[Kros2_RobotTrigger::declare_parameter(const char [10])[m[Kâ€™
[9.398s]    60 |         [01;31m[Kthis->declare_parameter("ROB_PARAM")[m[K;
[9.398s]       |         [01;31m[K~~~~~~~~~~~~~~~~~~~~~~~^~~~~~~~~~~~~[m[K
[9.398s] In file included from [01m[K/opt/ros/humble/include/rclcpp/rclcpp/executors/single_threaded_executor.hpp:28[m[K,
[9.398s]                  from [01m[K/opt/ros/humble/include/rclcpp/rclcpp/executors.hpp:22[m[K,
[9.398s]                  from [01m[K/opt/ros/humble/include/rclcpp/rclcpp/rclcpp.hpp:155[m[K,
[9.398s]                  from [01m[K/home/yuritvr/PFC/new_arm_ws/src/ros2_RobotSimulation/ros2_actions/scripts/moveXYZ_action.cpp:40[m[K:
[9.398s] [01m[K/opt/ros/humble/include/rclcpp/rclcpp/node.hpp:421:3:[m[K [01;36m[Knote: [m[Kcandidate: â€˜[01m[Ktemplate<class ParameterT> auto rclcpp::Node::declare_parameter(const string&, const ParameterT&, const ParameterDescriptor&, bool)[m[Kâ€™
[9.398s]   421 |   [01;36m[Kdeclare_parameter[m[K(
[9.399s]       |   [01;36m[K^~~~~~~~~~~~~~~~~[m[K
[9.399s] [01m[K/opt/ros/humble/include/rclcpp/rclcpp/node.hpp:421:3:[m[K [01;36m[Knote: [m[K  template argument deduction/substitution failed:
[9.399s] [01m[K/home/yuritvr/PFC/new_arm_ws/src/ros2_RobotSimulation/ros2_actions/scripts/moveXYZ_action.cpp:60:32:[m[K [01;36m[Knote: [m[K  candidate expects 4 arguments, 1 provided
[9.399s]    60 |         [01;36m[Kthis->declare_parameter("ROB_PARAM")[m[K;
[9.399s]       |         [01;36m[K~~~~~~~~~~~~~~~~~~~~~~~^~~~~~~~~~~~~[m[K
[9.399s] In file included from [01m[K/opt/ros/humble/include/rclcpp/rclcpp/executors/single_threaded_executor.hpp:28[m[K,
[9.399s]                  from [01m[K/opt/ros/humble/include/rclcpp/rclcpp/executors.hpp:22[m[K,
[9.399s]                  from [01m[K/opt/ros/humble/include/rclcpp/rclcpp/rclcpp.hpp:155[m[K,
[9.399s]                  from [01m[K/home/yuritvr/PFC/new_arm_ws/src/ros2_RobotSimulation/ros2_actions/scripts/moveXYZ_action.cpp:40[m[K:
[9.400s] [01m[K/opt/ros/humble/include/rclcpp/rclcpp/node.hpp:434:3:[m[K [01;36m[Knote: [m[Kcandidate: â€˜[01m[Ktemplate<class ParameterT> auto rclcpp::Node::declare_parameter(const string&, const ParameterDescriptor&, bool)[m[Kâ€™
[9.400s]   434 |   [01;36m[Kdeclare_parameter[m[K(
[9.400s]       |   [01;36m[K^~~~~~~~~~~~~~~~~[m[K
[9.400s] [01m[K/opt/ros/humble/include/rclcpp/rclcpp/node.hpp:434:3:[m[K [01;36m[Knote: [m[K  template argument deduction/substitution failed:
[9.400s] [01m[K/home/yuritvr/PFC/new_arm_ws/src/ros2_RobotSimulation/ros2_actions/scripts/moveXYZ_action.cpp:60:32:[m[K [01;36m[Knote: [m[K  couldnâ€™t deduce template parameter â€˜[01m[KParameterT[m[Kâ€™
[9.401s]    60 |         [01;36m[Kthis->declare_parameter("ROB_PARAM")[m[K;
[9.401s]       |         [01;36m[K~~~~~~~~~~~~~~~~~~~~~~~^~~~~~~~~~~~~[m[K
[9.401s] In file included from [01m[K/opt/ros/humble/include/rclcpp/rclcpp/executors/single_threaded_executor.hpp:28[m[K,
[9.401s]                  from [01m[K/opt/ros/humble/include/rclcpp/rclcpp/executors.hpp:22[m[K,
[9.401s]                  from [01m[K/opt/ros/humble/include/rclcpp/rclcpp/rclcpp.hpp:155[m[K,
[9.402s]                  from [01m[K/home/yuritvr/PFC/new_arm_ws/src/ros2_RobotSimulation/ros2_actions/scripts/moveXYZ_action.cpp:40[m[K:
[9.402s] [01m[K/opt/ros/humble/include/rclcpp/rclcpp/node.hpp:366:3:[m[K [01;36m[Knote: [m[Kcandidate: â€˜[01m[Kconst rclcpp::ParameterValue& rclcpp::Node::declare_parameter(const string&, const rclcpp::ParameterValue&, const ParameterDescriptor&, bool)[m[Kâ€™
[9.402s]   366 |   [01;36m[Kdeclare_parameter[m[K(
[9.402s]       |   [01;36m[K^~~~~~~~~~~~~~~~~[m[K
[9.402s] [01m[K/opt/ros/humble/include/rclcpp/rclcpp/node.hpp:366:3:[m[K [01;36m[Knote: [m[K  candidate expects 4 arguments, 1 provided
[9.402s] [01m[K/opt/ros/humble/include/rclcpp/rclcpp/node.hpp:391:3:[m[K [01;36m[Knote: [m[Kcandidate: â€˜[01m[Kconst rclcpp::ParameterValue& rclcpp::Node::declare_parameter(const string&, rclcpp::ParameterType, const ParameterDescriptor&, bool)[m[Kâ€™
[9.402s]   391 |   [01;36m[Kdeclare_parameter[m[K(
[9.402s]       |   [01;36m[K^~~~~~~~~~~~~~~~~[m[K
[9.402s] [01m[K/opt/ros/humble/include/rclcpp/rclcpp/node.hpp:391:3:[m[K [01;36m[Knote: [m[K  candidate expects 4 arguments, 1 provided
[9.402s] [01m[K/home/yuritvr/PFC/new_arm_ws/src/ros2_RobotSimulation/ros2_actions/scripts/moveL_action.cpp:[m[K In constructor â€˜[01m[Kros2_RobotTrigger::ros2_RobotTrigger()[m[Kâ€™:
[9.403s] [01m[K/home/yuritvr/PFC/new_arm_ws/src/ros2_RobotSimulation/ros2_actions/scripts/moveL_action.cpp:60:32:[m[K [01;31m[Kerror: [m[Kno matching function for call to â€˜[01m[Kros2_RobotTrigger::declare_parameter(const char [10])[m[Kâ€™
[9.403s]    60 |         [01;31m[Kthis->declare_parameter("ROB_PARAM")[m[K;
[9.403s]       |         [01;31m[K~~~~~~~~~~~~~~~~~~~~~~~^~~~~~~~~~~~~[m[K
[9.403s] In file included from [01m[K/opt/ros/humble/include/rclcpp/rclcpp/executors/single_threaded_executor.hpp:28[m[K,
[9.403s]                  from [01m[K/opt/ros/humble/include/rclcpp/rclcpp/executors.hpp:22[m[K,
[9.403s]                  from [01m[K/opt/ros/humble/include/rclcpp/rclcpp/rclcpp.hpp:155[m[K,
[9.403s]                  from [01m[K/home/yuritvr/PFC/new_arm_ws/src/ros2_RobotSimulation/ros2_actions/scripts/moveL_action.cpp:40[m[K:
[9.403s] [01m[K/opt/ros/humble/include/rclcpp/rclcpp/node.hpp:421:3:[m[K [01;36m[Knote: [m[Kcandidate: â€˜[01m[Ktemplate<class ParameterT> auto rclcpp::Node::declare_parameter(const string&, const ParameterT&, const ParameterDescriptor&, bool)[m[Kâ€™
[9.404s]   421 |   [01;36m[Kdeclare_parameter[m[K(
[9.404s]       |   [01;36m[K^~~~~~~~~~~~~~~~~[m[K
[9.404s] [01m[K/opt/ros/humble/include/rclcpp/rclcpp/node.hpp:421:3:[m[K [01;36m[Knote: [m[K  template argument deduction/substitution failed:
[9.404s] [01m[K/home/yuritvr/PFC/new_arm_ws/src/ros2_RobotSimulation/ros2_actions/scripts/moveL_action.cpp:60:32:[m[K [01;36m[Knote: [m[K  candidate expects 4 arguments, 1 provided
[9.404s]    60 |         [01;36m[Kthis->declare_parameter("ROB_PARAM")[m[K;
[9.404s]       |         [01;36m[K~~~~~~~~~~~~~~~~~~~~~~~^~~~~~~~~~~~~[m[K
[9.404s] In file included from [01m[K/opt/ros/humble/include/rclcpp/rclcpp/executors/single_threaded_executor.hpp:28[m[K,
[9.404s]                  from [01m[K/opt/ros/humble/include/rclcpp/rclcpp/executors.hpp:22[m[K,
[9.404s]                  from [01m[K/opt/ros/humble/include/rclcpp/rclcpp/rclcpp.hpp:155[m[K,
[9.404s]                  from [01m[K/home/yuritvr/PFC/new_arm_ws/src/ros2_RobotSimulation/ros2_actions/scripts/moveL_action.cpp:40[m[K:
[9.405s] [01m[K/opt/ros/humble/include/rclcpp/rclcpp/node.hpp:434:3:[m[K [01;36m[Knote: [m[Kcandidate: â€˜[01m[Ktemplate<class ParameterT> auto rclcpp::Node::declare_parameter(const string&, const ParameterDescriptor&, bool)[m[Kâ€™
[9.405s]   434 |   [01;36m[Kdeclare_parameter[m[K(
[9.405s]       |   [01;36m[K^~~~~~~~~~~~~~~~~[m[K
[9.405s] [01m[K/opt/ros/humble/include/rclcpp/rclcpp/node.hpp:434:3:[m[K [01;36m[Knote: [m[K  template argument deduction/substitution failed:
[9.405s] [01m[K/home/yuritvr/PFC/new_arm_ws/src/ros2_RobotSimulation/ros2_actions/scripts/moveL_action.cpp:60:32:[m[K [01;36m[Knote: [m[K  couldnâ€™t deduce template parameter â€˜[01m[KParameterT[m[Kâ€™
[9.405s]    60 |         [01;36m[Kthis->declare_parameter("ROB_PARAM")[m[K;
[9.405s]       |         [01;36m[K~~~~~~~~~~~~~~~~~~~~~~~^~~~~~~~~~~~~[m[K
[9.405s] In file included from [01m[K/opt/ros/humble/include/rclcpp/rclcpp/executors/single_threaded_executor.hpp:28[m[K,
[9.405s]                  from [01m[K/opt/ros/humble/include/rclcpp/rclcpp/executors.hpp:22[m[K,
[9.406s]                  from [01m[K/opt/ros/humble/include/rclcpp/rclcpp/rclcpp.hpp:155[m[K,
[9.406s]                  from [01m[K/home/yuritvr/PFC/new_arm_ws/src/ros2_RobotSimulation/ros2_actions/scripts/moveL_action.cpp:40[m[K:
[9.406s] [01m[K/opt/ros/humble/include/rclcpp/rclcpp/node.hpp:366:3:[m[K [01;36m[Knote: [m[Kcandidate: â€˜[01m[Kconst rclcpp::ParameterValue& rclcpp::Node::declare_parameter(const string&, const rclcpp::ParameterValue&, const ParameterDescriptor&, bool)[m[Kâ€™
[9.406s]   366 |   [01;36m[Kdeclare_parameter[m[K(
[9.406s]       |   [01;36m[K^~~~~~~~~~~~~~~~~[m[K
[9.406s] [01m[K/opt/ros/humble/include/rclcpp/rclcpp/node.hpp:366:3:[m[K [01;36m[Knote: [m[K  candidate expects 4 arguments, 1 provided
[9.406s] [01m[K/opt/ros/humble/include/rclcpp/rclcpp/node.hpp:391:3:[m[K [01;36m[Knote: [m[Kcandidate: â€˜[01m[Kconst rclcpp::ParameterValue& rclcpp::Node::declare_parameter(const string&, rclcpp::ParameterType, const ParameterDescriptor&, bool)[m[Kâ€™
[9.407s]   391 |   [01;36m[Kdeclare_parameter[m[K(
[9.407s]       |   [01;36m[K^~~~~~~~~~~~~~~~~[m[K
[9.407s] [01m[K/opt/ros/humble/include/rclcpp/rclcpp/node.hpp:391:3:[m[K [01;36m[Knote: [m[K  candidate expects 4 arguments, 1 provided
[9.460s] [01m[K/home/yuritvr/PFC/new_arm_ws/src/ros2_RobotSimulation/ros2_actions/scripts/moveJ_action.cpp:[m[K In constructor â€˜[01m[Kros2_RobotTrigger::ros2_RobotTrigger()[m[Kâ€™:
[9.460s] [01m[K/home/yuritvr/PFC/new_arm_ws/src/ros2_RobotSimulation/ros2_actions/scripts/moveJ_action.cpp:61:32:[m[K [01;31m[Kerror: [m[Kno matching function for call to â€˜[01m[Kros2_RobotTrigger::declare_parameter(const char [10])[m[Kâ€™
[9.460s]    61 |         [01;31m[Kthis->declare_parameter("ROB_PARAM")[m[K;
[9.461s]       |         [01;31m[K~~~~~~~~~~~~~~~~~~~~~~~^~~~~~~~~~~~~[m[K
[9.461s] In file included from [01m[K/opt/ros/humble/include/rclcpp/rclcpp/executors/single_threaded_executor.hpp:28[m[K,
[9.461s]                  from [01m[K/opt/ros/humble/include/rclcpp/rclcpp/executors.hpp:22[m[K,
[9.461s]                  from [01m[K/opt/ros/humble/include/rclcpp/rclcpp/rclcpp.hpp:155[m[K,
[9.461s]                  from [01m[K/home/yuritvr/PFC/new_arm_ws/src/ros2_RobotSimulation/ros2_actions/scripts/moveJ_action.cpp:40[m[K:
[9.461s] [01m[K/opt/ros/humble/include/rclcpp/rclcpp/node.hpp:421:3:[m[K [01;36m[Knote: [m[Kcandidate: â€˜[01m[Ktemplate<class ParameterT> auto rclcpp::Node::declare_parameter(const string&, const ParameterT&, const ParameterDescriptor&, bool)[m[Kâ€™
[9.461s]   421 |   [01;36m[Kdeclare_parameter[m[K(
[9.462s]       |   [01;36m[K^~~~~~~~~~~~~~~~~[m[K
[9.462s] [01m[K/opt/ros/humble/include/rclcpp/rclcpp/node.hpp:421:3:[m[K [01;36m[Knote: [m[K  template argument deduction/substitution failed:
[9.462s] [01m[K/home/yuritvr/PFC/new_arm_ws/src/ros2_RobotSimulation/ros2_actions/scripts/moveJ_action.cpp:61:32:[m[K [01;36m[Knote: [m[K  candidate expects 4 arguments, 1 provided
[9.462s]    61 |         [01;36m[Kthis->declare_parameter("ROB_PARAM")[m[K;
[9.462s]       |         [01;36m[K~~~~~~~~~~~~~~~~~~~~~~~^~~~~~~~~~~~~[m[K
[9.463s] In file included from [01m[K/opt/ros/humble/include/rclcpp/rclcpp/executors/single_threaded_executor.hpp:28[m[K,
[9.463s]                  from [01m[K/opt/ros/humble/include/rclcpp/rclcpp/executors.hpp:22[m[K,
[9.463s]                  from [01m[K/opt/ros/humble/include/rclcpp/rclcpp/rclcpp.hpp:155[m[K,
[9.463s]                  from [01m[K/home/yuritvr/PFC/new_arm_ws/src/ros2_RobotSimulation/ros2_actions/scripts/moveJ_action.cpp:40[m[K:
[9.463s] [01m[K/opt/ros/humble/include/rclcpp/rclcpp/node.hpp:434:3:[m[K [01;36m[Knote: [m[Kcandidate: â€˜[01m[Ktemplate<class ParameterT> auto rclcpp::Node::declare_parameter(const string&, const ParameterDescriptor&, bool)[m[Kâ€™
[9.463s]   434 |   [01;36m[Kdeclare_parameter[m[K(
[9.463s]       |   [01;36m[K^~~~~~~~~~~~~~~~~[m[K
[9.464s] [01m[K/opt/ros/humble/include/rclcpp/rclcpp/node.hpp:434:3:[m[K [01;36m[Knote: [m[K  template argument deduction/substitution failed:
[9.464s] [01m[K/home/yuritvr/PFC/new_arm_ws/src/ros2_RobotSimulation/ros2_actions/scripts/moveJ_action.cpp:61:32:[m[K [01;36m[Knote: [m[K  couldnâ€™t deduce template parameter â€˜[01m[KParameterT[m[Kâ€™
[9.464s]    61 |         [01;36m[Kthis->declare_parameter("ROB_PARAM")[m[K;
[9.464s]       |         [01;36m[K~~~~~~~~~~~~~~~~~~~~~~~^~~~~~~~~~~~~[m[K
[9.464s] In file included from [01m[K/opt/ros/humble/include/rclcpp/rclcpp/executors/single_threaded_executor.hpp:28[m[K,
[9.464s]                  from [01m[K/opt/ros/humble/include/rclcpp/rclcpp/executors.hpp:22[m[K,
[9.464s]                  from [01m[K/opt/ros/humble/include/rclcpp/rclcpp/rclcpp.hpp:155[m[K,
[9.465s]                  from [01m[K/home/yuritvr/PFC/new_arm_ws/src/ros2_RobotSimulation/ros2_actions/scripts/moveJ_action.cpp:40[m[K:
[9.465s] [01m[K/opt/ros/humble/include/rclcpp/rclcpp/node.hpp:366:3:[m[K [01;36m[Knote: [m[Kcandidate: â€˜[01m[Kconst rclcpp::ParameterValue& rclcpp::Node::declare_parameter(const string&, const rclcpp::ParameterValue&, const ParameterDescriptor&, bool)[m[Kâ€™
[9.465s]   366 |   [01;36m[Kdeclare_parameter[m[K(
[9.465s]       |   [01;36m[K^~~~~~~~~~~~~~~~~[m[K
[9.465s] [01m[K/opt/ros/humble/include/rclcpp/rclcpp/node.hpp:366:3:[m[K [01;36m[Knote: [m[K  candidate expects 4 arguments, 1 provided
[9.465s] [01m[K/opt/ros/humble/include/rclcpp/rclcpp/node.hpp:391:3:[m[K [01;36m[Knote: [m[Kcandidate: â€˜[01m[Kconst rclcpp::ParameterValue& rclcpp::Node::declare_parameter(const string&, rclcpp::ParameterType, const ParameterDescriptor&, bool)[m[Kâ€™
[9.465s]   391 |   [01;36m[Kdeclare_parameter[m[K(
[9.465s]       |   [01;36m[K^~~~~~~~~~~~~~~~~[m[K
[9.466s] [01m[K/opt/ros/humble/include/rclcpp/rclcpp/node.hpp:391:3:[m[K [01;36m[Knote: [m[K  candidate expects 4 arguments, 1 provided
[9.466s] [01m[K/home/yuritvr/PFC/new_arm_ws/src/ros2_RobotSimulation/ros2_actions/scripts/moveG_action.cpp:[m[K In constructor â€˜[01m[Kros2_RobotTrigger::ros2_RobotTrigger()[m[Kâ€™:
[9.466s] [01m[K/home/yuritvr/PFC/new_arm_ws/src/ros2_RobotSimulation/ros2_actions/scripts/moveG_action.cpp:60:32:[m[K [01;31m[Kerror: [m[Kno matching function for call to â€˜[01m[Kros2_RobotTrigger::declare_parameter(const char [10])[m[Kâ€™
[9.466s]    60 |         [01;31m[Kthis->declare_parameter("ROB_PARAM")[m[K;
[9.466s]       |         [01;31m[K~~~~~~~~~~~~~~~~~~~~~~~^~~~~~~~~~~~~[m[K
[9.466s] In file included from [01m[K/opt/ros/humble/include/rclcpp/rclcpp/executors/single_threaded_executor.hpp:28[m[K,
[9.466s]                  from [01m[K/opt/ros/humble/include/rclcpp/rclcpp/executors.hpp:22[m[K,
[9.467s]                  from [01m[K/opt/ros/humble/include/rclcpp/rclcpp/rclcpp.hpp:155[m[K,
[9.467s]                  from [01m[K/home/yuritvr/PFC/new_arm_ws/src/ros2_RobotSimulation/ros2_actions/scripts/moveG_action.cpp:40[m[K:
[9.467s] [01m[K/opt/ros/humble/include/rclcpp/rclcpp/node.hpp:421:3:[m[K [01;36m[Knote: [m[Kcandidate: â€˜[01m[Ktemplate<class ParameterT> auto rclcpp::Node::declare_parameter(const string&, const ParameterT&, const ParameterDescriptor&, bool)[m[Kâ€™
[9.467s]   421 |   [01;36m[Kdeclare_parameter[m[K(
[9.467s]       |   [01;36m[K^~~~~~~~~~~~~~~~~[m[K
[9.467s] [01m[K/opt/ros/humble/include/rclcpp/rclcpp/node.hpp:421:3:[m[K [01;36m[Knote: [m[K  template argument deduction/substitution failed:
[9.467s] [01m[K/home/yuritvr/PFC/new_arm_ws/src/ros2_RobotSimulation/ros2_actions/scripts/moveG_action.cpp:60:32:[m[K [01;36m[Knote: [m[K  candidate expects 4 arguments, 1 provided
[9.467s]    60 |         [01;36m[Kthis->declare_parameter("ROB_PARAM")[m[K;
[9.467s]       |         [01;36m[K~~~~~~~~~~~~~~~~~~~~~~~^~~~~~~~~~~~~[m[K
[9.467s] In file included from [01m[K/opt/ros/humble/include/rclcpp/rclcpp/executors/single_threaded_executor.hpp:28[m[K,
[9.468s]                  from [01m[K/opt/ros/humble/include/rclcpp/rclcpp/executors.hpp:22[m[K,
[9.468s]                  from [01m[K/opt/ros/humble/include/rclcpp/rclcpp/rclcpp.hpp:155[m[K,
[9.468s]                  from [01m[K/home/yuritvr/PFC/new_arm_ws/src/ros2_RobotSimulation/ros2_actions/scripts/moveG_action.cpp:40[m[K:
[9.468s] [01m[K/opt/ros/humble/include/rclcpp/rclcpp/node.hpp:434:3:[m[K [01;36m[Knote: [m[Kcandidate: â€˜[01m[Ktemplate<class ParameterT> auto rclcpp::Node::declare_parameter(const string&, const ParameterDescriptor&, bool)[m[Kâ€™
[9.468s]   434 |   [01;36m[Kdeclare_parameter[m[K(
[9.468s]       |   [01;36m[K^~~~~~~~~~~~~~~~~[m[K
[9.468s] [01m[K/opt/ros/humble/include/rclcpp/rclcpp/node.hpp:434:3:[m[K [01;36m[Knote: [m[K  template argument deduction/substitution failed:
[9.468s] [01m[K/home/yuritvr/PFC/new_arm_ws/src/ros2_RobotSimulation/ros2_actions/scripts/moveG_action.cpp:60:32:[m[K [01;36m[Knote: [m[K  couldnâ€™t deduce template parameter â€˜[01m[KParameterT[m[Kâ€™
[9.468s]    60 |         [01;36m[Kthis->declare_parameter("ROB_PARAM")[m[K;
[9.468s]       |         [01;36m[K~~~~~~~~~~~~~~~~~~~~~~~^~~~~~~~~~~~~[m[K
[9.469s] In file included from [01m[K/opt/ros/humble/include/rclcpp/rclcpp/executors/single_threaded_executor.hpp:28[m[K,
[9.469s]                  from [01m[K/opt/ros/humble/include/rclcpp/rclcpp/executors.hpp:22[m[K,
[9.469s]                  from [01m[K/opt/ros/humble/include/rclcpp/rclcpp/rclcpp.hpp:155[m[K,
[9.469s]                  from [01m[K/home/yuritvr/PFC/new_arm_ws/src/ros2_RobotSimulation/ros2_actions/scripts/moveG_action.cpp:40[m[K:
[9.469s] [01m[K/opt/ros/humble/include/rclcpp/rclcpp/node.hpp:366:3:[m[K [01;36m[Knote: [m[Kcandidate: â€˜[01m[Kconst rclcpp::ParameterValue& rclcpp::Node::declare_parameter(const string&, const rclcpp::ParameterValue&, const ParameterDescriptor&, bool)[m[Kâ€™
[9.469s]   366 |   [01;36m[Kdeclare_parameter[m[K(
[9.469s]       |   [01;36m[K^~~~~~~~~~~~~~~~~[m[K
[9.469s] [01m[K/opt/ros/humble/include/rclcpp/rclcpp/node.hpp:366:3:[m[K [01;36m[Knote: [m[K  candidate expects 4 arguments, 1 provided
[9.469s] [01m[K/opt/ros/humble/include/rclcpp/rclcpp/node.hpp:391:3:[m[K [01;36m[Knote: [m[Kcandidate: â€˜[01m[Kconst rclcpp::ParameterValue& rclcpp::Node::declare_parameter(const string&, rclcpp::ParameterType, const ParameterDescriptor&, bool)[m[Kâ€™
[9.470s]   391 |   [01;36m[Kdeclare_parameter[m[K(
[9.470s]       |   [01;36m[K^~~~~~~~~~~~~~~~~[m[K
[9.470s] [01m[K/opt/ros/humble/include/rclcpp/rclcpp/node.hpp:391:3:[m[K [01;36m[Knote: [m[K  candidate expects 4 arguments, 1 provided
[9.485s] [01m[K/home/yuritvr/PFC/new_arm_ws/src/ros2_RobotSimulation/ros2_actions/scripts/moveXYZ_action.cpp:[m[K In member function â€˜[01m[Krclcpp_action::GoalResponse ActionServer::handle_goal(const GoalUUID&, std::shared_ptr<const ros2_data::action::MoveXYZ_Goal_<std::allocator<void> > >)[m[Kâ€™:
[9.486s] [01m[K/home/yuritvr/PFC/new_arm_ws/src/ros2_RobotSimulation/ros2_actions/scripts/moveXYZ_action.cpp:94:41:[m[K [01;35m[Kwarning: [m[Kunused parameter â€˜[01m[Kuuid[m[Kâ€™ [[01;35m[K]8;;https://gcc.gnu.org/onlinedocs/gcc/Warning-Options.html#index-Wunused-parameter-Wunused-parameter]8;;[m[K]
[9.486s]    94 |         [01;35m[Kconst rclcpp_action::GoalUUID & uuid[m[K,
[9.486s]       |         [01;35m[K~~~~~~~~~~~~~~~~~~~~~~~~~~~~~~~~^~~~[m[K
[9.489s] [01m[K/home/yuritvr/PFC/new_arm_ws/src/ros2_RobotSimulation/ros2_actions/scripts/moveL_action.cpp:[m[K In member function â€˜[01m[Krclcpp_action::GoalResponse ActionServer::handle_goal(const GoalUUID&, std::shared_ptr<const ros2_data::action::MoveL_Goal_<std::allocator<void> > >)[m[Kâ€™:
[9.489s] [01m[K/home/yuritvr/PFC/new_arm_ws/src/ros2_RobotSimulation/ros2_actions/scripts/moveL_action.cpp:94:41:[m[K [01;35m[Kwarning: [m[Kunused parameter â€˜[01m[Kuuid[m[Kâ€™ [[01;35m[K]8;;https://gcc.gnu.org/onlinedocs/gcc/Warning-Options.html#index-Wunused-parameter-Wunused-parameter]8;;[m[K]
[9.489s]    94 |         [01;35m[Kconst rclcpp_action::GoalUUID & uuid[m[K,
[9.489s]       |         [01;35m[K~~~~~~~~~~~~~~~~~~~~~~~~~~~~~~~~^~~~[m[K
[9.504s] [01m[K/home/yuritvr/PFC/new_arm_ws/src/ros2_RobotSimulation/ros2_actions/scripts/moveXYZ_action.cpp:[m[K In member function â€˜[01m[Kvoid ActionServer::execute(std::shared_ptr<rclcpp_action::ServerGoalHandle<ros2_data::action::MoveXYZ> >)[m[Kâ€™:
[9.504s] [01m[K/home/yuritvr/PFC/new_arm_ws/src/ros2_RobotSimulation/ros2_actions/scripts/moveXYZ_action.cpp:177:108:[m[K [01;35m[Kwarning: [m[Kâ€˜[01m[Kusing MoveItErrorCode = class moveit::core::MoveItErrorCode[m[Kâ€™ is deprecated: Use moveit::core::MoveItErrorCode [[01;35m[K]8;;https://gcc.gnu.org/onlinedocs/gcc/Warning-Options.html#index-Wdeprecated-declarations-Wdeprecated-declarations]8;;[m[K]
[9.505s]   177 |         bool success = (move_group_interface.plan(my_plan) == moveit::planning_interface::MoveItErrorCode::[01;35m[KSUCCESS[m[K);
[9.505s]       |                                                                                                            [01;35m[K^~~~~~~[m[K
[9.505s] In file included from [01m[K/home/yuritvr/PFC/new_arm_ws/src/ros2_RobotSimulation/ros2_actions/scripts/moveXYZ_action.cpp:43[m[K:
[9.505s] [01m[K/opt/ros/humble/include/moveit/move_group_interface/move_group_interface_improved.h:71:7:[m[K [01;36m[Knote: [m[Kdeclared here
[9.505s]    71 | using [01;36m[KMoveItErrorCode[m[K [[deprecated("Use moveit::core::MoveItErrorCode")]] = moveit::core::MoveItErrorCode;
[9.505s]       |       [01;36m[K^~~~~~~~~~~~~~~[m[K
[9.505s] [01m[K/home/yuritvr/PFC/new_arm_ws/src/ros2_RobotSimulation/ros2_actions/scripts/moveJs_action.cpp:[m[K In constructor â€˜[01m[Kros2_RobotTrigger::ros2_RobotTrigger()[m[Kâ€™:
[9.506s] [01m[K/home/yuritvr/PFC/new_arm_ws/src/ros2_RobotSimulation/ros2_actions/scripts/moveJs_action.cpp:61:32:[m[K [01;31m[Kerror: [m[Kno matching function for call to â€˜[01m[Kros2_RobotTrigger::declare_parameter(const char [10])[m[Kâ€™
[9.506s]    61 |         [01;31m[Kthis->declare_parameter("ROB_PARAM")[m[K;
[9.506s]       |         [01;31m[K~~~~~~~~~~~~~~~~~~~~~~~^~~~~~~~~~~~~[m[K
[9.506s] In file included from [01m[K/opt/ros/humble/include/rclcpp/rclcpp/executors/single_threaded_executor.hpp:28[m[K,
[9.507s]                  from [01m[K/opt/ros/humble/include/rclcpp/rclcpp/executors.hpp:22[m[K,
[9.507s]                  from [01m[K/opt/ros/humble/include/rclcpp/rclcpp/rclcpp.hpp:155[m[K,
[9.507s]                  from [01m[K/home/yuritvr/PFC/new_arm_ws/src/ros2_RobotSimulation/ros2_actions/scripts/moveJs_action.cpp:40[m[K:
[9.507s] [01m[K/opt/ros/humble/include/rclcpp/rclcpp/node.hpp:421:3:[m[K [01;36m[Knote: [m[Kcandidate: â€˜[01m[Ktemplate<class ParameterT> auto rclcpp::Node::declare_parameter(const string&, const ParameterT&, const ParameterDescriptor&, bool)[m[Kâ€™
[9.507s]   421 |   [01;36m[Kdeclare_parameter[m[K(
[9.507s]       |   [01;36m[K^~~~~~~~~~~~~~~~~[m[K
[9.508s] [01m[K/opt/ros/humble/include/rclcpp/rclcpp/node.hpp:421:3:[m[K [01;36m[Knote: [m[K  template argument deduction/substitution failed:
[9.508s] [01m[K/home/yuritvr/PFC/new_arm_ws/src/ros2_RobotSimulation/ros2_actions/scripts/moveJs_action.cpp:61:32:[m[K [01;36m[Knote: [m[K  candidate expects 4 arguments, 1 provided
[9.508s]    61 |         [01;36m[Kthis->declare_parameter("ROB_PARAM")[m[K;
[9.508s]       |         [01;36m[K~~~~~~~~~~~~~~~~~~~~~~~^~~~~~~~~~~~~[m[K
[9.508s] In file included from [01m[K/opt/ros/humble/include/rclcpp/rclcpp/executors/single_threaded_executor.hpp:28[m[K,
[9.508s]                  from [01m[K/opt/ros/humble/include/rclcpp/rclcpp/executors.hpp:22[m[K,
[9.508s]                  from [01m[K/opt/ros/humble/include/rclcpp/rclcpp/rclcpp.hpp:155[m[K,
[9.508s]                  from [01m[K/home/yuritvr/PFC/new_arm_ws/src/ros2_RobotSimulation/ros2_actions/scripts/moveJs_action.cpp:40[m[K:
[9.509s] [01m[K/opt/ros/humble/include/rclcpp/rclcpp/node.hpp:434:3:[m[K [01;36m[Knote: [m[Kcandidate: â€˜[01m[Ktemplate<class ParameterT> auto rclcpp::Node::declare_parameter(const string&, const ParameterDescriptor&, bool)[m[Kâ€™
[9.509s]   434 |   [01;36m[Kdeclare_parameter[m[K(
[9.509s]       |   [01;36m[K^~~~~~~~~~~~~~~~~[m[K
[9.509s] [01m[K/opt/ros/humble/include/rclcpp/rclcpp/node.hpp:434:3:[m[K [01;36m[Knote: [m[K  template argument deduction/substitution failed:
[9.509s] [01m[K/home/yuritvr/PFC/new_arm_ws/src/ros2_RobotSimulation/ros2_actions/scripts/moveJs_action.cpp:61:32:[m[K [01;36m[Knote: [m[K  couldnâ€™t deduce template parameter â€˜[01m[KParameterT[m[Kâ€™
[9.509s]    61 |         [01;36m[Kthis->declare_parameter("ROB_PARAM")[m[K;
[9.509s]       |         [01;36m[K~~~~~~~~~~~~~~~~~~~~~~~^~~~~~~~~~~~~[m[K
[9.509s] [01m[K/home/yuritvr/PFC/new_arm_ws/src/ros2_RobotSimulation/ros2_actions/scripts/moveL_action.cpp:[m[K In member function â€˜[01m[Kvoid ActionServer::execute(std::shared_ptr<rclcpp_action::ServerGoalHandle<ros2_data::action::MoveL> >)[m[Kâ€™:
[9.510s] [01m[K/home/yuritvr/PFC/new_arm_ws/src/ros2_RobotSimulation/ros2_actions/scripts/moveL_action.cpp:190:109:[m[K [01;35m[Kwarning: [m[Kâ€˜[01m[Kusing MoveItErrorCode = class moveit::core::MoveItErrorCode[m[Kâ€™ is deprecated: Use moveit::core::MoveItErrorCode [[01;35m[K]8;;https://gcc.gnu.org/onlinedocs/gcc/Warning-Options.html#index-Wdeprecated-declarations-Wdeprecated-declarations]8;;[m[K]
[9.510s]   190 |         bool success1 = (move_group_interface.plan(my_plan) == moveit::planning_interface::MoveItErrorCode::[01;35m[KSUCCESS[m[K);
[9.510s]       |                                                                                                             [01;35m[K^~~~~~~[m[K
[9.510s] In file included from [01m[K/opt/ros/humble/include/rclcpp/rclcpp/executors/single_threaded_executor.hpp:28[m[K,
[9.510s]                  from [01m[K/opt/ros/humble/include/rclcpp/rclcpp/executors.hpp:22[m[K,
[9.510s]                  from [01m[K/opt/ros/humble/include/rclcpp/rclcpp/rclcpp.hpp:155[m[K,
[9.510s]                  from [01m[K/home/yuritvr/PFC/new_arm_ws/src/ros2_RobotSimulation/ros2_actions/scripts/moveJs_action.cpp:40[m[K:
[9.510s] [01m[K/opt/ros/humble/include/rclcpp/rclcpp/node.hpp:366:3:[m[K [01;36m[Knote: [m[Kcandidate: â€˜[01m[Kconst rclcpp::ParameterValue& rclcpp::Node::declare_parameter(const string&, const rclcpp::ParameterValue&, const ParameterDescriptor&, bool)[m[Kâ€™
[9.510s]   366 |   [01;36m[Kdeclare_parameter[m[K(
[9.511s]       |   [01;36m[K^~~~~~~~~~~~~~~~~[m[K
[9.511s] [01m[K/opt/ros/humble/include/rclcpp/rclcpp/node.hpp:366:3:[m[K [01;36m[Knote: [m[K  candidate expects 4 arguments, 1 provided
[9.511s] In file included from [01m[K/home/yuritvr/PFC/new_arm_ws/src/ros2_RobotSimulation/ros2_actions/scripts/moveL_action.cpp:43[m[K:
[9.511s] [01m[K/opt/ros/humble/include/moveit/move_group_interface/move_group_interface_improved.h:71:7:[m[K [01;36m[Knote: [m[Kdeclared here
[9.511s]    71 | using [01;36m[KMoveItErrorCode[m[K [[deprecated("Use moveit::core::MoveItErrorCode")]] = moveit::core::MoveItErrorCode;
[9.511s]       |       [01;36m[K^~~~~~~~~~~~~~~[m[K
[9.511s] [01m[K/opt/ros/humble/include/rclcpp/rclcpp/node.hpp:391:3:[m[K [01;36m[Knote: [m[Kcandidate: â€˜[01m[Kconst rclcpp::ParameterValue& rclcpp::Node::declare_parameter(const string&, rclcpp::ParameterType, const ParameterDescriptor&, bool)[m[Kâ€™
[9.512s]   391 |   [01;36m[Kdeclare_parameter[m[K(
[9.512s]       |   [01;36m[K^~~~~~~~~~~~~~~~~[m[K
[9.512s] [01m[K/opt/ros/humble/include/rclcpp/rclcpp/node.hpp:391:3:[m[K [01;36m[Knote: [m[K  candidate expects 4 arguments, 1 provided
[9.512s] [01m[K/home/yuritvr/PFC/new_arm_ws/src/ros2_RobotSimulation/ros2_actions/scripts/moveL_action.cpp:206:119:[m[K [01;35m[Kwarning: [m[Kâ€˜[01m[Kusing MoveItErrorCode = class moveit::core::MoveItErrorCode[m[Kâ€™ is deprecated: Use moveit::core::MoveItErrorCode [[01;35m[K]8;;https://gcc.gnu.org/onlinedocs/gcc/Warning-Options.html#index-Wdeprecated-declarations-Wdeprecated-declarations]8;;[m[K]
[9.512s]   206 |             bool success2 = (move_group_interface.execute(trajectory) == moveit::planning_interface::MoveItErrorCode::[01;35m[KSUCCESS[m[K);
[9.512s]       |                                                                                                                       [01;35m[K^~~~~~~[m[K
[9.512s] In file included from [01m[K/home/yuritvr/PFC/new_arm_ws/src/ros2_RobotSimulation/ros2_actions/scripts/moveL_action.cpp:43[m[K:
[9.512s] [01m[K/opt/ros/humble/include/moveit/move_group_interface/move_group_interface_improved.h:71:7:[m[K [01;36m[Knote: [m[Kdeclared here
[9.513s]    71 | using [01;36m[KMoveItErrorCode[m[K [[deprecated("Use moveit::core::MoveItErrorCode")]] = moveit::core::MoveItErrorCode;
[9.513s]       |       [01;36m[K^~~~~~~~~~~~~~~[m[K
[9.513s] [01m[K/home/yuritvr/PFC/new_arm_ws/src/ros2_RobotSimulation/ros2_actions/scripts/moveXYZ_action.cpp:155:46:[m[K [01;35m[Kwarning: [m[Kunused variable â€˜[01m[Kjoint_model_group[m[Kâ€™ [[01;35m[K]8;;https://gcc.gnu.org/onlinedocs/gcc/Warning-Options.html#index-Wunused-variable-Wunused-variable]8;;[m[K]
[9.513s]   155 |         const moveit::core::JointModelGroup* [01;35m[Kjoint_model_group[m[K = move_group_interface.getCurrentState()->getJointModelGroup(my_param);
[9.513s]       |                                              [01;35m[K^~~~~~~~~~~~~~~~~[m[K
[9.513s] [01m[K/home/yuritvr/PFC/new_arm_ws/src/ros2_RobotSimulation/ros2_actions/scripts/moveL_action.cpp:204:20:[m[K [01;35m[Kwarning: [m[Kunused variable â€˜[01m[Kfraction[m[Kâ€™ [[01;35m[K]8;;https://gcc.gnu.org/onlinedocs/gcc/Warning-Options.html#index-Wunused-variable-Wunused-variable]8;;[m[K]
[9.513s]   204 |             double [01;35m[Kfraction[m[K = move_group_interface.computeCartesianPath(waypoints, eef_step, jump_threshold, trajectory);
[9.513s]       |                    [01;35m[K^~~~~~~~[m[K
[9.514s] [01m[K/home/yuritvr/PFC/new_arm_ws/src/ros2_RobotSimulation/ros2_actions/scripts/moveL_action.cpp:154:46:[m[K [01;35m[Kwarning: [m[Kunused variable â€˜[01m[Kjoint_model_group[m[Kâ€™ [[01;35m[K]8;;https://gcc.gnu.org/onlinedocs/gcc/Warning-Options.html#index-Wunused-variable-Wunused-variable]8;;[m[K]
[9.514s]   154 |         const moveit::core::JointModelGroup* [01;35m[Kjoint_model_group[m[K = move_group_interface.getCurrentState()->getJointModelGroup(my_param);
[9.514s]       |                                              [01;35m[K^~~~~~~~~~~~~~~~~[m[K
[9.535s] [01m[K/home/yuritvr/PFC/new_arm_ws/src/ros2_RobotSimulation/ros2_actions/scripts/moveRs_action.cpp:[m[K In constructor â€˜[01m[Kros2_RobotTrigger::ros2_RobotTrigger()[m[Kâ€™:
[9.535s] [01m[K/home/yuritvr/PFC/new_arm_ws/src/ros2_RobotSimulation/ros2_actions/scripts/moveRs_action.cpp:63:32:[m[K [01;31m[Kerror: [m[Kno matching function for call to â€˜[01m[Kros2_RobotTrigger::declare_parameter(const char [10])[m[Kâ€™
[9.535s]    63 |         [01;31m[Kthis->declare_parameter("ROB_PARAM")[m[K;
[9.535s]       |         [01;31m[K~~~~~~~~~~~~~~~~~~~~~~~^~~~~~~~~~~~~[m[K
[9.535s] In file included from [01m[K/opt/ros/humble/include/rclcpp/rclcpp/executors/single_threaded_executor.hpp:28[m[K,
[9.535s]                  from [01m[K/opt/ros/humble/include/rclcpp/rclcpp/executors.hpp:22[m[K,
[9.536s]                  from [01m[K/opt/ros/humble/include/rclcpp/rclcpp/rclcpp.hpp:155[m[K,
[9.536s]                  from [01m[K/home/yuritvr/PFC/new_arm_ws/src/ros2_RobotSimulation/ros2_actions/scripts/moveRs_action.cpp:40[m[K:
[9.536s] [01m[K/opt/ros/humble/include/rclcpp/rclcpp/node.hpp:421:3:[m[K [01;36m[Knote: [m[Kcandidate: â€˜[01m[Ktemplate<class ParameterT> auto rclcpp::Node::declare_parameter(const string&, const ParameterT&, const ParameterDescriptor&, bool)[m[Kâ€™
[9.536s]   421 |   [01;36m[Kdeclare_parameter[m[K(
[9.536s]       |   [01;36m[K^~~~~~~~~~~~~~~~~[m[K
[9.536s] [01m[K/opt/ros/humble/include/rclcpp/rclcpp/node.hpp:421:3:[m[K [01;36m[Knote: [m[K  template argument deduction/substitution failed:
[9.536s] [01m[K/home/yuritvr/PFC/new_arm_ws/src/ros2_RobotSimulation/ros2_actions/scripts/moveRs_action.cpp:63:32:[m[K [01;36m[Knote: [m[K  candidate expects 4 arguments, 1 provided
[9.536s]    63 |         [01;36m[Kthis->declare_parameter("ROB_PARAM")[m[K;
[9.536s]       |         [01;36m[K~~~~~~~~~~~~~~~~~~~~~~~^~~~~~~~~~~~~[m[K
[9.537s] In file included from [01m[K/opt/ros/humble/include/rclcpp/rclcpp/executors/single_threaded_executor.hpp:28[m[K,
[9.537s]                  from [01m[K/opt/ros/humble/include/rclcpp/rclcpp/executors.hpp:22[m[K,
[9.537s]                  from [01m[K/opt/ros/humble/include/rclcpp/rclcpp/rclcpp.hpp:155[m[K,
[9.537s]                  from [01m[K/home/yuritvr/PFC/new_arm_ws/src/ros2_RobotSimulation/ros2_actions/scripts/moveRs_action.cpp:40[m[K:
[9.537s] [01m[K/opt/ros/humble/include/rclcpp/rclcpp/node.hpp:434:3:[m[K [01;36m[Knote: [m[Kcandidate: â€˜[01m[Ktemplate<class ParameterT> auto rclcpp::Node::declare_parameter(const string&, const ParameterDescriptor&, bool)[m[Kâ€™
[9.537s]   434 |   [01;36m[Kdeclare_parameter[m[K(
[9.537s]       |   [01;36m[K^~~~~~~~~~~~~~~~~[m[K
[9.537s] [01m[K/opt/ros/humble/include/rclcpp/rclcpp/node.hpp:434:3:[m[K [01;36m[Knote: [m[K  template argument deduction/substitution failed:
[9.537s] [01m[K/home/yuritvr/PFC/new_arm_ws/src/ros2_RobotSimulation/ros2_actions/scripts/moveRs_action.cpp:63:32:[m[K [01;36m[Knote: [m[K  couldnâ€™t deduce template parameter â€˜[01m[KParameterT[m[Kâ€™
[9.537s]    63 |         [01;36m[Kthis->declare_parameter("ROB_PARAM")[m[K;
[9.538s]       |         [01;36m[K~~~~~~~~~~~~~~~~~~~~~~~^~~~~~~~~~~~~[m[K
[9.538s] In file included from [01m[K/opt/ros/humble/include/rclcpp/rclcpp/executors/single_threaded_executor.hpp:28[m[K,
[9.538s]                  from [01m[K/opt/ros/humble/include/rclcpp/rclcpp/executors.hpp:22[m[K,
[9.538s]                  from [01m[K/opt/ros/humble/include/rclcpp/rclcpp/rclcpp.hpp:155[m[K,
[9.538s]                  from [01m[K/home/yuritvr/PFC/new_arm_ws/src/ros2_RobotSimulation/ros2_actions/scripts/moveRs_action.cpp:40[m[K:
[9.538s] [01m[K/opt/ros/humble/include/rclcpp/rclcpp/node.hpp:366:3:[m[K [01;36m[Knote: [m[Kcandidate: â€˜[01m[Kconst rclcpp::ParameterValue& rclcpp::Node::declare_parameter(const string&, const rclcpp::ParameterValue&, const ParameterDescriptor&, bool)[m[Kâ€™
[9.539s]   366 |   [01;36m[Kdeclare_parameter[m[K(
[9.539s]       |   [01;36m[K^~~~~~~~~~~~~~~~~[m[K
[9.539s] [01m[K/opt/ros/humble/include/rclcpp/rclcpp/node.hpp:366:3:[m[K [01;36m[Knote: [m[K  candidate expects 4 arguments, 1 provided
[9.539s] [01m[K/opt/ros/humble/include/rclcpp/rclcpp/node.hpp:391:3:[m[K [01;36m[Knote: [m[Kcandidate: â€˜[01m[Kconst rclcpp::ParameterValue& rclcpp::Node::declare_parameter(const string&, rclcpp::ParameterType, const ParameterDescriptor&, bool)[m[Kâ€™
[9.539s]   391 |   [01;36m[Kdeclare_parameter[m[K(
[9.539s]       |   [01;36m[K^~~~~~~~~~~~~~~~~[m[K
[9.539s] [01m[K/opt/ros/humble/include/rclcpp/rclcpp/node.hpp:391:3:[m[K [01;36m[Knote: [m[K  candidate expects 4 arguments, 1 provided
[9.548s] [01m[K/home/yuritvr/PFC/new_arm_ws/src/ros2_RobotSimulation/ros2_actions/scripts/moveJ_action.cpp:[m[K In member function â€˜[01m[Krclcpp_action::GoalResponse ActionServer::handle_goal(const GoalUUID&, std::shared_ptr<const ros2_data::action::MoveJ_Goal_<std::allocator<void> > >)[m[Kâ€™:
[9.548s] [01m[K/home/yuritvr/PFC/new_arm_ws/src/ros2_RobotSimulation/ros2_actions/scripts/moveJ_action.cpp:95:41:[m[K [01;35m[Kwarning: [m[Kunused parameter â€˜[01m[Kuuid[m[Kâ€™ [[01;35m[K]8;;https://gcc.gnu.org/onlinedocs/gcc/Warning-Options.html#index-Wunused-parameter-Wunused-parameter]8;;[m[K]
[9.548s]    95 |         [01;35m[Kconst rclcpp_action::GoalUUID & uuid[m[K,
[9.548s]       |         [01;35m[K~~~~~~~~~~~~~~~~~~~~~~~~~~~~~~~~^~~~[m[K
[9.554s] [01m[K/home/yuritvr/PFC/new_arm_ws/src/ros2_RobotSimulation/ros2_actions/scripts/moveG_action.cpp:[m[K In member function â€˜[01m[Krclcpp_action::GoalResponse ActionServer::handle_goal(const GoalUUID&, std::shared_ptr<const ros2_data::action::MoveG_Goal_<std::allocator<void> > >)[m[Kâ€™:
[9.554s] [01m[K/home/yuritvr/PFC/new_arm_ws/src/ros2_RobotSimulation/ros2_actions/scripts/moveG_action.cpp:94:41:[m[K [01;35m[Kwarning: [m[Kunused parameter â€˜[01m[Kuuid[m[Kâ€™ [[01;35m[K]8;;https://gcc.gnu.org/onlinedocs/gcc/Warning-Options.html#index-Wunused-parameter-Wunused-parameter]8;;[m[K]
[9.554s]    94 |         [01;35m[Kconst rclcpp_action::GoalUUID & uuid[m[K,
[9.555s]       |         [01;35m[K~~~~~~~~~~~~~~~~~~~~~~~~~~~~~~~~^~~~[m[K
[9.555s] [01m[K/home/yuritvr/PFC/new_arm_ws/src/ros2_RobotSimulation/ros2_actions/scripts/moveXYZW_action.cpp:[m[K In constructor â€˜[01m[Kros2_RobotTrigger::ros2_RobotTrigger()[m[Kâ€™:
[9.555s] [01m[K/home/yuritvr/PFC/new_arm_ws/src/ros2_RobotSimulation/ros2_actions/scripts/moveXYZW_action.cpp:60:32:[m[K [01;31m[Kerror: [m[Kno matching function for call to â€˜[01m[Kros2_RobotTrigger::declare_parameter(const char [10])[m[Kâ€™
[9.555s]    60 |         [01;31m[Kthis->declare_parameter("ROB_PARAM")[m[K;
[9.555s]       |         [01;31m[K~~~~~~~~~~~~~~~~~~~~~~~^~~~~~~~~~~~~[m[K
[9.555s] In file included from [01m[K/opt/ros/humble/include/rclcpp/rclcpp/executors/single_threaded_executor.hpp:28[m[K,
[9.555s]                  from [01m[K/opt/ros/humble/include/rclcpp/rclcpp/executors.hpp:22[m[K,
[9.555s]                  from [01m[K/opt/ros/humble/include/rclcpp/rclcpp/rclcpp.hpp:155[m[K,
[9.555s]                  from [01m[K/home/yuritvr/PFC/new_arm_ws/src/ros2_RobotSimulation/ros2_actions/scripts/moveXYZW_action.cpp:40[m[K:
[9.556s] [01m[K/opt/ros/humble/include/rclcpp/rclcpp/node.hpp:421:3:[m[K [01;36m[Knote: [m[Kcandidate: â€˜[01m[Ktemplate<class ParameterT> auto rclcpp::Node::declare_parameter(const string&, const ParameterT&, const ParameterDescriptor&, bool)[m[Kâ€™
[9.556s]   421 |   [01;36m[Kdeclare_parameter[m[K(
[9.556s]       |   [01;36m[K^~~~~~~~~~~~~~~~~[m[K
[9.556s] [01m[K/opt/ros/humble/include/rclcpp/rclcpp/node.hpp:421:3:[m[K [01;36m[Knote: [m[K  template argument deduction/substitution failed:
[9.556s] [01m[K/home/yuritvr/PFC/new_arm_ws/src/ros2_RobotSimulation/ros2_actions/scripts/moveXYZW_action.cpp:60:32:[m[K [01;36m[Knote: [m[K  candidate expects 4 arguments, 1 provided
[9.556s]    60 |         [01;36m[Kthis->declare_parameter("ROB_PARAM")[m[K;
[9.556s]       |         [01;36m[K~~~~~~~~~~~~~~~~~~~~~~~^~~~~~~~~~~~~[m[K
[9.556s] In file included from [01m[K/opt/ros/humble/include/rclcpp/rclcpp/executors/single_threaded_executor.hpp:28[m[K,
[9.556s]                  from [01m[K/opt/ros/humble/include/rclcpp/rclcpp/executors.hpp:22[m[K,
[9.556s]                  from [01m[K/opt/ros/humble/include/rclcpp/rclcpp/rclcpp.hpp:155[m[K,
[9.557s]                  from [01m[K/home/yuritvr/PFC/new_arm_ws/src/ros2_RobotSimulation/ros2_actions/scripts/moveXYZW_action.cpp:40[m[K:
[9.557s] [01m[K/opt/ros/humble/include/rclcpp/rclcpp/node.hpp:434:3:[m[K [01;36m[Knote: [m[Kcandidate: â€˜[01m[Ktemplate<class ParameterT> auto rclcpp::Node::declare_parameter(const string&, const ParameterDescriptor&, bool)[m[Kâ€™
[9.557s]   434 |   [01;36m[Kdeclare_parameter[m[K(
[9.557s]       |   [01;36m[K^~~~~~~~~~~~~~~~~[m[K
[9.557s] [01m[K/opt/ros/humble/include/rclcpp/rclcpp/node.hpp:434:3:[m[K [01;36m[Knote: [m[K  template argument deduction/substitution failed:
[9.557s] [01m[K/home/yuritvr/PFC/new_arm_ws/src/ros2_RobotSimulation/ros2_actions/scripts/moveXYZW_action.cpp:60:32:[m[K [01;36m[Knote: [m[K  couldnâ€™t deduce template parameter â€˜[01m[KParameterT[m[Kâ€™
[9.557s]    60 |         [01;36m[Kthis->declare_parameter("ROB_PARAM")[m[K;
[9.557s]       |         [01;36m[K~~~~~~~~~~~~~~~~~~~~~~~^~~~~~~~~~~~~[m[K
[9.557s] In file included from [01m[K/opt/ros/humble/include/rclcpp/rclcpp/executors/single_threaded_executor.hpp:28[m[K,
[9.557s]                  from [01m[K/opt/ros/humble/include/rclcpp/rclcpp/executors.hpp:22[m[K,
[9.557s]                  from [01m[K/opt/ros/humble/include/rclcpp/rclcpp/rclcpp.hpp:155[m[K,
[9.558s]                  from [01m[K/home/yuritvr/PFC/new_arm_ws/src/ros2_RobotSimulation/ros2_actions/scripts/moveXYZW_action.cpp:40[m[K:
[9.558s] [01m[K/opt/ros/humble/include/rclcpp/rclcpp/node.hpp:366:3:[m[K [01;36m[Knote: [m[Kcandidate: â€˜[01m[Kconst rclcpp::ParameterValue& rclcpp::Node::declare_parameter(const string&, const rclcpp::ParameterValue&, const ParameterDescriptor&, bool)[m[Kâ€™
[9.558s]   366 |   [01;36m[Kdeclare_parameter[m[K(
[9.558s]       |   [01;36m[K^~~~~~~~~~~~~~~~~[m[K
[9.558s] [01m[K/opt/ros/humble/include/rclcpp/rclcpp/node.hpp:366:3:[m[K [01;36m[Knote: [m[K  candidate expects 4 arguments, 1 provided
[9.558s] [01m[K/opt/ros/humble/include/rclcpp/rclcpp/node.hpp:391:3:[m[K [01;36m[Knote: [m[Kcandidate: â€˜[01m[Kconst rclcpp::ParameterValue& rclcpp::Node::declare_parameter(const string&, rclcpp::ParameterType, const ParameterDescriptor&, bool)[m[Kâ€™
[9.558s]   391 |   [01;36m[Kdeclare_parameter[m[K(
[9.558s]       |   [01;36m[K^~~~~~~~~~~~~~~~~[m[K
[9.558s] [01m[K/opt/ros/humble/include/rclcpp/rclcpp/node.hpp:391:3:[m[K [01;36m[Knote: [m[K  candidate expects 4 arguments, 1 provided
[9.568s] [01m[K/home/yuritvr/PFC/new_arm_ws/src/ros2_RobotSimulation/ros2_actions/scripts/moveJ_action.cpp:[m[K In member function â€˜[01m[Kvoid ActionServer::execute(std::shared_ptr<rclcpp_action::ServerGoalHandle<ros2_data::action::MoveJ> >)[m[Kâ€™:
[9.568s] [01m[K/home/yuritvr/PFC/new_arm_ws/src/ros2_RobotSimulation/ros2_actions/scripts/moveJ_action.cpp:312:112:[m[K [01;35m[Kwarning: [m[Kâ€˜[01m[Kusing MoveItErrorCode = class moveit::core::MoveItErrorCode[m[Kâ€™ is deprecated: Use moveit::core::MoveItErrorCode [[01;35m[K]8;;https://gcc.gnu.org/onlinedocs/gcc/Warning-Options.html#index-Wdeprecated-declarations-Wdeprecated-declarations]8;;[m[K]
[9.568s]   312 | plan(my_plan) == moveit::planning_interface::MoveItErrorCode::[01;35m[KSUCCESS[m[K);
[9.568s]       |                                                               [01;35m[K^~~~~~~[m[K
[9.568s] 
[9.568s] In file included from [01m[K/home/yuritvr/PFC/new_arm_ws/src/ros2_RobotSimulation/ros2_actions/scripts/moveJ_action.cpp:43[m[K:
[9.568s] [01m[K/opt/ros/humble/include/moveit/move_group_interface/move_group_interface_improved.h:71:7:[m[K [01;36m[Knote: [m[Kdeclared here
[9.569s]    71 | using [01;36m[KMoveItErrorCode[m[K [[deprecated("Use moveit::core::MoveItErrorCode")]] = moveit::core::MoveItErrorCode;
[9.569s]       |       [01;36m[K^~~~~~~~~~~~~~~[m[K
[9.571s] [01m[K/home/yuritvr/PFC/new_arm_ws/src/ros2_RobotSimulation/ros2_actions/scripts/moveG_action.cpp:[m[K In member function â€˜[01m[Kvoid ActionServer::execute(std::shared_ptr<rclcpp_action::ServerGoalHandle<ros2_data::action::MoveG> >)[m[Kâ€™:
[9.571s] [01m[K/home/yuritvr/PFC/new_arm_ws/src/ros2_RobotSimulation/ros2_actions/scripts/moveG_action.cpp:180:112:[m[K [01;35m[Kwarning: [m[Kâ€˜[01m[Kusing MoveItErrorCode = class moveit::core::MoveItErrorCode[m[Kâ€™ is deprecated: Use moveit::core::MoveItErrorCode [[01;35m[K]8;;https://gcc.gnu.org/onlinedocs/gcc/Warning-Options.html#index-Wdeprecated-declarations-Wdeprecated-declarations]8;;[m[K]
[9.572s]   180 |             bool success = (move_group_interface.plan(my_plan) == moveit::planning_interface::MoveItErrorCode::[01;35m[KSUCCESS[m[K);
[9.572s]       |                                                                                                                [01;35m[K^~~~~~~[m[K
[9.572s] In file included from [01m[K/home/yuritvr/PFC/new_arm_ws/src/ros2_RobotSimulation/ros2_actions/scripts/moveG_action.cpp:43[m[K:
[9.572s] [01m[K/opt/ros/humble/include/moveit/move_group_interface/move_group_interface_improved.h:71:7:[m[K [01;36m[Knote: [m[Kdeclared here
[9.572s]    71 | using [01;36m[KMoveItErrorCode[m[K [[deprecated("Use moveit::core::MoveItErrorCode")]] = moveit::core::MoveItErrorCode;
[9.572s]       |       [01;36m[K^~~~~~~~~~~~~~~[m[K
[9.594s] [01m[K/home/yuritvr/PFC/new_arm_ws/src/ros2_RobotSimulation/ros2_actions/scripts/moveJs_action.cpp:[m[K In member function â€˜[01m[Krclcpp_action::GoalResponse ActionServer::handle_goal(const GoalUUID&, std::shared_ptr<const ros2_data::action::MoveJs_Goal_<std::allocator<void> > >)[m[Kâ€™:
[9.594s] [01m[K/home/yuritvr/PFC/new_arm_ws/src/ros2_RobotSimulation/ros2_actions/scripts/moveJs_action.cpp:95:41:[m[K [01;35m[Kwarning: [m[Kunused parameter â€˜[01m[Kuuid[m[Kâ€™ [[01;35m[K]8;;https://gcc.gnu.org/onlinedocs/gcc/Warning-Options.html#index-Wunused-parameter-Wunused-parameter]8;;[m[K]
[9.594s]    95 |         [01;35m[Kconst rclcpp_action::GoalUUID & uuid[m[K,
[9.594s]       |         [01;35m[K~~~~~~~~~~~~~~~~~~~~~~~~~~~~~~~~^~~~[m[K
[9.611s] [01m[K/home/yuritvr/PFC/new_arm_ws/src/ros2_RobotSimulation/ros2_actions/scripts/moveJs_action.cpp:[m[K In member function â€˜[01m[Kvoid ActionServer::execute(std::shared_ptr<rclcpp_action::ServerGoalHandle<ros2_data::action::MoveJs> >)[m[Kâ€™:
[9.611s] [01m[K/home/yuritvr/PFC/new_arm_ws/src/ros2_RobotSimulation/ros2_actions/scripts/moveJs_action.cpp:258:112:[m[K [01;35m[Kwarning: [m[Kâ€˜[01m[Kusing MoveItErrorCode = class moveit::core::MoveItErrorCode[m[Kâ€™ is deprecated: Use moveit::core::MoveItErrorCode [[01;35m[K]8;;https://gcc.gnu.org/onlinedocs/gcc/Warning-Options.html#index-Wdeprecated-declarations-Wdeprecated-declarations]8;;[m[K]
[9.611s]   258 |             bool success = (move_group_interface.plan(my_plan) == moveit::planning_interface::MoveItErrorCode::[01;35m[KSUCCESS[m[K);
[9.611s]       |                                                                                                                [01;35m[K^~~~~~~[m[K
[9.611s] In file included from [01m[K/home/yuritvr/PFC/new_arm_ws/src/ros2_RobotSimulation/ros2_actions/scripts/moveJs_action.cpp:43[m[K:
[9.611s] [01m[K/opt/ros/humble/include/moveit/move_group_interface/move_group_interface_improved.h:71:7:[m[K [01;36m[Knote: [m[Kdeclared here
[9.611s]    71 | using [01;36m[KMoveItErrorCode[m[K [[deprecated("Use moveit::core::MoveItErrorCode")]] = moveit::core::MoveItErrorCode;
[9.612s]       |       [01;36m[K^~~~~~~~~~~~~~~[m[K
[9.635s] [01m[K/home/yuritvr/PFC/new_arm_ws/src/ros2_RobotSimulation/ros2_actions/scripts/moveRs_action.cpp:[m[K In member function â€˜[01m[Krclcpp_action::GoalResponse ActionServer::handle_goal(const GoalUUID&, std::shared_ptr<const ros2_data::action::MoveR_Goal_<std::allocator<void> > >)[m[Kâ€™:
[9.635s] [01m[K/home/yuritvr/PFC/new_arm_ws/src/ros2_RobotSimulation/ros2_actions/scripts/moveRs_action.cpp:94:41:[m[K [01;35m[Kwarning: [m[Kunused parameter â€˜[01m[Kuuid[m[Kâ€™ [[01;35m[K]8;;https://gcc.gnu.org/onlinedocs/gcc/Warning-Options.html#index-Wunused-parameter-Wunused-parameter]8;;[m[K]
[9.635s]    94 |         [01;35m[Kconst rclcpp_action::GoalUUID & uuid[m[K,
[9.635s]       |         [01;35m[K~~~~~~~~~~~~~~~~~~~~~~~~~~~~~~~~^~~~[m[K
[9.646s] [01m[K/home/yuritvr/PFC/new_arm_ws/src/ros2_RobotSimulation/ros2_actions/scripts/moveXYZW_action.cpp:[m[K In member function â€˜[01m[Krclcpp_action::GoalResponse ActionServer::handle_goal(const GoalUUID&, std::shared_ptr<const ros2_data::action::MoveXYZW_Goal_<std::allocator<void> > >)[m[Kâ€™:
[9.646s] [01m[K/home/yuritvr/PFC/new_arm_ws/src/ros2_RobotSimulation/ros2_actions/scripts/moveXYZW_action.cpp:94:41:[m[K [01;35m[Kwarning: [m[Kunused parameter â€˜[01m[Kuuid[m[Kâ€™ [[01;35m[K]8;;https://gcc.gnu.org/onlinedocs/gcc/Warning-Options.html#index-Wunused-parameter-Wunused-parameter]8;;[m[K]
[9.646s]    94 |         [01;35m[Kconst rclcpp_action::GoalUUID & uuid[m[K,
[9.646s]       |         [01;35m[K~~~~~~~~~~~~~~~~~~~~~~~~~~~~~~~~^~~~[m[K
[9.656s] [01m[K/home/yuritvr/PFC/new_arm_ws/src/ros2_RobotSimulation/ros2_actions/scripts/moveRs_action.cpp:[m[K In member function â€˜[01m[Kvoid ActionServer::execute(std::shared_ptr<rclcpp_action::ServerGoalHandle<ros2_data::action::MoveR> >)[m[Kâ€™:
[9.657s] [01m[K/home/yuritvr/PFC/new_arm_ws/src/ros2_RobotSimulation/ros2_actions/scripts/moveRs_action.cpp:284:112:[m[K [01;35m[Kwarning: [m[Kâ€˜[01m[Kusing MoveItErrorCode = class moveit::core::MoveItErrorCode[m[Kâ€™ is deprecated: Use moveit::core::MoveItErrorCode [[01;35m[K]8;;https://gcc.gnu.org/onlinedocs/gcc/Warning-Options.html#index-Wdeprecated-declarations-Wdeprecated-declarations]8;;[m[K]
[9.657s]   284 |             bool success = (move_group_interface.plan(my_plan) == moveit::planning_interface::MoveItErrorCode::[01;35m[KSUCCESS[m[K);
[9.657s]       |                                                                                                                [01;35m[K^~~~~~~[m[K
[9.657s] In file included from [01m[K/home/yuritvr/PFC/new_arm_ws/src/ros2_RobotSimulation/ros2_actions/scripts/moveRs_action.cpp:43[m[K:
[9.657s] [01m[K/opt/ros/humble/include/moveit/move_group_interface/move_group_interface_improved.h:71:7:[m[K [01;36m[Knote: [m[Kdeclared here
[9.657s]    71 | using [01;36m[KMoveItErrorCode[m[K [[deprecated("Use moveit::core::MoveItErrorCode")]] = moveit::core::MoveItErrorCode;
[9.657s]       |       [01;36m[K^~~~~~~~~~~~~~~[m[K
[9.662s] [01m[K/home/yuritvr/PFC/new_arm_ws/src/ros2_RobotSimulation/ros2_actions/scripts/moveRs_action.cpp:309:53:[m[K [01;35m[Kwarning: [m[Kcomparison with string literal results in unspecified behavior [[01;35m[K]8;;https://gcc.gnu.org/onlinedocs/gcc/Warning-Options.html#index-Waddress-Waddress]8;;[m[K]
[9.663s]   309 |         } else if (LimitCheck == true && [01;35m[KInputJoint == "Valid"[m[K) {
[9.663s]       |                                          [01;35m[K~~~~~~~~~~~^~~~~~~~~~[m[K
[9.664s] [01m[K/home/yuritvr/PFC/new_arm_ws/src/ros2_RobotSimulation/ros2_actions/scripts/moveXYZW_action.cpp:[m[K In member function â€˜[01m[Kvoid ActionServer::execute(std::shared_ptr<rclcpp_action::ServerGoalHandle<ros2_data::action::MoveXYZW> >)[m[Kâ€™:
[9.664s] [01m[K/home/yuritvr/PFC/new_arm_ws/src/ros2_RobotSimulation/ros2_actions/scripts/moveXYZW_action.cpp:196:108:[m[K [01;35m[Kwarning: [m[Kâ€˜[01m[Kusing MoveItErrorCode = class moveit::core::MoveItErrorCode[m[Kâ€™ is deprecated: Use moveit::core::MoveItErrorCode [[01;35m[K]8;;https://gcc.gnu.org/onlinedocs/gcc/Warning-Options.html#index-Wdeprecated-declarations-Wdeprecated-declarations]8;;[m[K]
[9.664s]   196 |         bool success = (move_group_interface.plan(my_plan) == moveit::planning_interface::MoveItErrorCode::[01;35m[KSUCCESS[m[K);
[9.664s]       |                                                                                                            [01;35m[K^~~~~~~[m[K
[9.664s] In file included from [01m[K/home/yuritvr/PFC/new_arm_ws/src/ros2_RobotSimulation/ros2_actions/scripts/moveXYZW_action.cpp:43[m[K:
[9.664s] [01m[K/opt/ros/humble/include/moveit/move_group_interface/move_group_interface_improved.h:71:7:[m[K [01;36m[Knote: [m[Kdeclared here
[9.665s]    71 | using [01;36m[KMoveItErrorCode[m[K [[deprecated("Use moveit::core::MoveItErrorCode")]] = moveit::core::MoveItErrorCode;
[9.665s]       |       [01;36m[K^~~~~~~~~~~~~~~[m[K
[9.670s] [01m[K/home/yuritvr/PFC/new_arm_ws/src/ros2_RobotSimulation/ros2_actions/scripts/moveXYZW_action.cpp:162:46:[m[K [01;35m[Kwarning: [m[Kunused variable â€˜[01m[Kjoint_model_group[m[Kâ€™ [[01;35m[K]8;;https://gcc.gnu.org/onlinedocs/gcc/Warning-Options.html#index-Wunused-variable-Wunused-variable]8;;[m[K]
[9.671s]   162 |         const moveit::core::JointModelGroup* [01;35m[Kjoint_model_group[m[K = move_group_interface.getCurrentState()->getJointModelGroup(my_param);
[9.671s]       |                                              [01;35m[K^~~~~~~~~~~~~~~~~[m[K
[14.198s] gmake[2]: *** [CMakeFiles/moveR_action.dir/build.make:76: CMakeFiles/moveR_action.dir/scripts/moveR_action.cpp.o] Error 1
[14.199s] gmake[1]: *** [CMakeFiles/Makefile2:287: CMakeFiles/moveR_action.dir/all] Error 2
[14.199s] gmake[1]: *** Waiting for unfinished jobs....
[14.559s] gmake[2]: *** [CMakeFiles/moveL_action.dir/build.make:76: CMakeFiles/moveL_action.dir/scripts/moveL_action.cpp.o] Error 1
[14.559s] gmake[1]: *** [CMakeFiles/Makefile2:261: CMakeFiles/moveL_action.dir/all] Error 2
[14.594s] gmake[2]: *** [CMakeFiles/moveXYZ_action.dir/build.make:76: CMakeFiles/moveXYZ_action.dir/scripts/moveXYZ_action.cpp.o] Error 1
[14.594s] gmake[1]: *** [CMakeFiles/Makefile2:339: CMakeFiles/moveXYZ_action.dir/all] Error 2
[14.605s] gmake[2]: *** [CMakeFiles/moveJ_action.dir/build.make:76: CMakeFiles/moveJ_action.dir/scripts/moveJ_action.cpp.o] Error 1
[14.605s] gmake[1]: *** [CMakeFiles/Makefile2:157: CMakeFiles/moveJ_action.dir/all] Error 2
[14.677s] gmake[2]: *** [CMakeFiles/moveJs_action.dir/build.make:76: CMakeFiles/moveJs_action.dir/scripts/moveJs_action.cpp.o] Error 1
[14.677s] gmake[1]: *** [CMakeFiles/Makefile2:183: CMakeFiles/moveJs_action.dir/all] Error 2
[14.686s] gmake[2]: *** [CMakeFiles/moveXYZW_action.dir/build.make:76: CMakeFiles/moveXYZW_action.dir/scripts/moveXYZW_action.cpp.o] Error 1
[14.687s] gmake[1]: *** [CMakeFiles/Makefile2:235: CMakeFiles/moveXYZW_action.dir/all] Error 2
[14.729s] gmake[2]: *** [CMakeFiles/moveG_action.dir/build.make:76: CMakeFiles/moveG_action.dir/scripts/moveG_action.cpp.o] Error 1
[14.730s] gmake[1]: *** [CMakeFiles/Makefile2:209: CMakeFiles/moveG_action.dir/all] Error 2
[14.760s] gmake[2]: *** [CMakeFiles/moveRs_action.dir/build.make:76: CMakeFiles/moveRs_action.dir/scripts/moveRs_action.cpp.o] Error 1
[14.760s] gmake[1]: *** [CMakeFiles/Makefile2:313: CMakeFiles/moveRs_action.dir/all] Error 2
[14.760s] gmake: *** [Makefile:146: all] Error 2
[14.764s] Invoked command in '/home/yuritvr/PFC/new_arm_ws/build/ros2_actions' returned '2': CMAKE_PREFIX_PATH=/home/yuritvr/PFC/new_arm_ws/install/ros2_data:/home/yuritvr/PFC/new_arm_ws/install/ur5_ros2_moveit2:/home/yuritvr/PFC/new_arm_ws/install/ur5_ros2_gazebo:/home/yuritvr/PFC/new_arm_ws/install/ur3_ros2_moveit2:/home/yuritvr/PFC/new_arm_ws/install/ur3_ros2_gazebo:/home/yuritvr/PFC/new_arm_ws/install/ur10_ros2_moveit2:/home/yuritvr/PFC/new_arm_ws/install/ur10_ros2_gazebo:/home/yuritvr/PFC/new_arm_ws/install/ros2_grasping:/home/yuritvr/PFC/new_arm_ws/install/ros2_execution:/home/yuritvr/PFC/new_arm_ws/install/panda_ros2_moveit2:/home/yuritvr/PFC/new_arm_ws/install/irb6640_ros2_moveit2:/home/yuritvr/PFC/new_arm_ws/install/irb120_ros2_moveit2:/home/yuritvr/PFC/new_arm_ws/install/irb1200_ros2_moveit2:/home/yuritvr/PFC/new_arm_ws/install/iiwa_ros2_moveit2:/home/yuritvr/PFC/new_arm_ws/install/cr35ia_ros2_moveit2:/home/yuritvr/PFC/new_arm_ws/install/panda_ros2_gazebo:/home/yuritvr/PFC/new_arm_ws/install/irb6640_ros2_gazebo:/home/yuritvr/PFC/new_arm_ws/install/irb120_ros2_gazebo:/home/yuritvr/PFC/new_arm_ws/install/irb1200_ros2_gazebo:/home/yuritvr/PFC/new_arm_ws/install/iiwa_ros2_gazebo:/home/yuritvr/PFC/new_arm_ws/install/cr35ia_ros2_gazebo:/opt/ros/humble LD_LIBRARY_PATH=/home/yuritvr/PFC/new_arm_ws/install/ros2_data/lib:/home/yuritvr/PFC/new_arm_ws/install/ros2_grasping/lib:/usr/lib/x86_64-linux-gnu/gazebo-11/plugins:/opt/ros/humble/opt/rviz_ogre_vendor/lib:/opt/ros/humble/lib/x86_64-linux-gnu:/opt/ros/humble/lib:/usr/lib/x86_64-linux-gnu/gazebo-11/plugins /usr/bin/cmake --build /home/yuritvr/PFC/new_arm_ws/build/ros2_actions -- -j8 -l8
