[0.033s] Invoking command in '/home/yuritvr/PFC/new_arm_ws/build/ros2_actions': CMAKE_PREFIX_PATH=/home/yuritvr/PFC/new_arm_ws/install/ros2_data:/home/yuritvr/PFC/new_arm_ws/install/ur5_ros2_moveit2:/home/yuritvr/PFC/new_arm_ws/install/ur5_ros2_gazebo:/home/yuritvr/PFC/new_arm_ws/install/ur3_ros2_moveit2:/home/yuritvr/PFC/new_arm_ws/install/ur3_ros2_gazebo:/home/yuritvr/PFC/new_arm_ws/install/ur10_ros2_moveit2:/home/yuritvr/PFC/new_arm_ws/install/ur10_ros2_gazebo:/home/yuritvr/PFC/new_arm_ws/install/ros2_grasping:/home/yuritvr/PFC/new_arm_ws/install/ros2_execution:/home/yuritvr/PFC/new_arm_ws/install/panda_ros2_moveit2:/home/yuritvr/PFC/new_arm_ws/install/irb6640_ros2_moveit2:/home/yuritvr/PFC/new_arm_ws/install/irb120_ros2_moveit2:/home/yuritvr/PFC/new_arm_ws/install/irb1200_ros2_moveit2:/home/yuritvr/PFC/new_arm_ws/install/iiwa_ros2_moveit2:/home/yuritvr/PFC/new_arm_ws/install/cr35ia_ros2_moveit2:/home/yuritvr/PFC/new_arm_ws/install/panda_ros2_gazebo:/home/yuritvr/PFC/new_arm_ws/install/irb6640_ros2_gazebo:/home/yuritvr/PFC/new_arm_ws/install/irb120_ros2_gazebo:/home/yuritvr/PFC/new_arm_ws/install/irb1200_ros2_gazebo:/home/yuritvr/PFC/new_arm_ws/install/iiwa_ros2_gazebo:/home/yuritvr/PFC/new_arm_ws/install/cr35ia_ros2_gazebo:/opt/ros/humble LD_LIBRARY_PATH=/home/yuritvr/PFC/new_arm_ws/install/ros2_data/lib:/home/yuritvr/PFC/new_arm_ws/install/ros2_grasping/lib:/usr/lib/x86_64-linux-gnu/gazebo-11/plugins:/opt/ros/humble/opt/rviz_ogre_vendor/lib:/opt/ros/humble/lib/x86_64-linux-gnu:/opt/ros/humble/lib:/usr/lib/x86_64-linux-gnu/gazebo-11/plugins /usr/bin/cmake /home/yuritvr/PFC/new_arm_ws/src/ros2_RobotSimulation/ros2_actions -DCMAKE_INSTALL_PREFIX=/home/yuritvr/PFC/new_arm_ws/install/ros2_actions
[1.330s] -- The C compiler identification is GNU 11.4.0
[1.331s] -- The CXX compiler identification is GNU 11.4.0
[1.331s] -- Detecting C compiler ABI info
[1.331s] -- Detecting C compiler ABI info - done
[1.331s] -- Check for working C compiler: /usr/bin/cc - skipped
[1.331s] -- Detecting C compile features
[1.331s] -- Detecting C compile features - done
[1.332s] -- Detecting CXX compiler ABI info
[1.332s] -- Detecting CXX compiler ABI info - done
[1.332s] -- Check for working CXX compiler: /usr/bin/c++ - skipped
[1.332s] -- Detecting CXX compile features
[1.332s] -- Detecting CXX compile features - done
[1.332s] -- Found ament_cmake: 1.3.9 (/opt/ros/humble/share/ament_cmake/cmake)
[1.332s] -- Found Python3: /usr/bin/python3 (found version "3.10.12") found components: Interpreter 
[1.333s] -- Found moveit_ros_move_group: 2.5.5 (/opt/ros/humble/share/moveit_ros_move_group/cmake)
[1.591s] -- Found Boost: /usr/lib/x86_64-linux-gnu/cmake/Boost-1.74.0/BoostConfig.cmake (found version "1.74.0") found components: system filesystem date_time program_options thread 
[1.698s] -- Found rosidl_generator_c: 3.1.5 (/opt/ros/humble/share/rosidl_generator_c/cmake)
[1.715s] -- Found rosidl_adapter: 3.1.5 (/opt/ros/humble/share/rosidl_adapter/cmake)
[1.739s] -- Found rosidl_generator_cpp: 3.1.5 (/opt/ros/humble/share/rosidl_generator_cpp/cmake)
[1.779s] -- Using all available rosidl_typesupport_c: rosidl_typesupport_fastrtps_c;rosidl_typesupport_introspection_c
[1.816s] -- Using all available rosidl_typesupport_cpp: rosidl_typesupport_fastrtps_cpp;rosidl_typesupport_introspection_cpp
[1.938s] -- Found rmw_implementation_cmake: 6.1.2 (/opt/ros/humble/share/rmw_implementation_cmake/cmake)
[1.946s] -- Found rmw_fastrtps_cpp: 6.2.6 (/opt/ros/humble/share/rmw_fastrtps_cpp/cmake)
[2.071s] -- Found OpenSSL: /usr/lib/x86_64-linux-gnu/libcrypto.so (found version "3.0.2")  
[2.107s] -- Found FastRTPS: /opt/ros/humble/include  
[2.167s] -- Using RMW implementation 'rmw_fastrtps_cpp' as default
[2.186s] -- Found Threads: TRUE  
[2.747s] -- Found eigen3_cmake_module: 0.1.1 (/opt/ros/humble/share/eigen3_cmake_module/cmake)
[2.749s] -- Found Eigen3: TRUE (found version "3.4.0") 
[2.750s] -- Ensuring Eigen3 include directory is part of orocos-kdl CMake target
[3.191s] -- Found Boost: /usr/lib/x86_64-linux-gnu/cmake/Boost-1.74.0/BoostConfig.cmake (found version "1.74.0") found components: chrono date_time filesystem iostreams program_options regex serialization system thread 
[3.224s] -- Found parameter_traits: 0.3.8 (/opt/ros/humble/share/parameter_traits/cmake)
[3.267s] -- Found rclcpp_lifecycle: 16.0.9 (/opt/ros/humble/share/rclcpp_lifecycle/cmake)
[3.351s] -- Found Boost: /usr/lib/x86_64-linux-gnu/cmake/Boost-1.74.0/BoostConfig.cmake (found version "1.74.0") found components: filesystem 
[3.505s] -- library: /usr/lib/x86_64-linux-gnu/libcurl.so
[5.804s] -- Found Boost: /usr/lib/x86_64-linux-gnu/cmake/Boost-1.74.0/BoostConfig.cmake (found version "1.74.0") found components: system filesystem date_time program_options thread chrono 
[6.415s] -- Found ament_lint_auto: 0.12.11 (/opt/ros/humble/share/ament_lint_auto/cmake)
[6.565s] -- Found moveit_ros_planning_interface: 2.5.5 (/opt/ros/humble/share/moveit_ros_planning_interface/cmake)
[6.573s] -- Found Boost: /usr/lib/x86_64-linux-gnu/cmake/Boost-1.74.0/BoostConfig.cmake (found version "1.74.0") found components: date_time filesystem program_options system thread 
[6.910s] -- Found Boost: /usr/lib/x86_64-linux-gnu/cmake/Boost-1.74.0/BoostConfig.cmake (found version "1.74.0") found components: thread system filesystem regex date_time program_options 
[7.602s] -- Found ros2_data: 0.0.0 (/home/yuritvr/PFC/new_arm_ws/install/ros2_data/share/ros2_data/cmake)
[7.735s] -- Added test 'copyright' to check source files copyright and LICENSE
[7.738s] -- Added test 'cppcheck' to perform static code analysis on C / C++ code
[7.741s] -- Configured cppcheck include dirs: 
[7.741s] -- Configured cppcheck exclude dirs and/or files: 
[7.743s] -- Added test 'cpplint' to check C / C++ code against the Google style
[7.743s] -- Configured cpplint exclude dirs and/or files: 
[7.745s] -- Added test 'lint_cmake' to check CMake code style
[7.747s] -- Added test 'uncrustify' to check C / C++ code style
[7.747s] -- Configured uncrustify additional arguments: 
[7.748s] -- Added test 'xmllint' to check XML markup files
[7.751s] -- Configuring done
[8.001s] -- Generating done
[8.005s] -- Build files have been written to: /home/yuritvr/PFC/new_arm_ws/build/ros2_actions
[8.025s] Invoked command in '/home/yuritvr/PFC/new_arm_ws/build/ros2_actions' returned '0': CMAKE_PREFIX_PATH=/home/yuritvr/PFC/new_arm_ws/install/ros2_data:/home/yuritvr/PFC/new_arm_ws/install/ur5_ros2_moveit2:/home/yuritvr/PFC/new_arm_ws/install/ur5_ros2_gazebo:/home/yuritvr/PFC/new_arm_ws/install/ur3_ros2_moveit2:/home/yuritvr/PFC/new_arm_ws/install/ur3_ros2_gazebo:/home/yuritvr/PFC/new_arm_ws/install/ur10_ros2_moveit2:/home/yuritvr/PFC/new_arm_ws/install/ur10_ros2_gazebo:/home/yuritvr/PFC/new_arm_ws/install/ros2_grasping:/home/yuritvr/PFC/new_arm_ws/install/ros2_execution:/home/yuritvr/PFC/new_arm_ws/install/panda_ros2_moveit2:/home/yuritvr/PFC/new_arm_ws/install/irb6640_ros2_moveit2:/home/yuritvr/PFC/new_arm_ws/install/irb120_ros2_moveit2:/home/yuritvr/PFC/new_arm_ws/install/irb1200_ros2_moveit2:/home/yuritvr/PFC/new_arm_ws/install/iiwa_ros2_moveit2:/home/yuritvr/PFC/new_arm_ws/install/cr35ia_ros2_moveit2:/home/yuritvr/PFC/new_arm_ws/install/panda_ros2_gazebo:/home/yuritvr/PFC/new_arm_ws/install/irb6640_ros2_gazebo:/home/yuritvr/PFC/new_arm_ws/install/irb120_ros2_gazebo:/home/yuritvr/PFC/new_arm_ws/install/irb1200_ros2_gazebo:/home/yuritvr/PFC/new_arm_ws/install/iiwa_ros2_gazebo:/home/yuritvr/PFC/new_arm_ws/install/cr35ia_ros2_gazebo:/opt/ros/humble LD_LIBRARY_PATH=/home/yuritvr/PFC/new_arm_ws/install/ros2_data/lib:/home/yuritvr/PFC/new_arm_ws/install/ros2_grasping/lib:/usr/lib/x86_64-linux-gnu/gazebo-11/plugins:/opt/ros/humble/opt/rviz_ogre_vendor/lib:/opt/ros/humble/lib/x86_64-linux-gnu:/opt/ros/humble/lib:/usr/lib/x86_64-linux-gnu/gazebo-11/plugins /usr/bin/cmake /home/yuritvr/PFC/new_arm_ws/src/ros2_RobotSimulation/ros2_actions -DCMAKE_INSTALL_PREFIX=/home/yuritvr/PFC/new_arm_ws/install/ros2_actions
[8.027s] Invoking command in '/home/yuritvr/PFC/new_arm_ws/build/ros2_actions': CMAKE_PREFIX_PATH=/home/yuritvr/PFC/new_arm_ws/install/ros2_data:/home/yuritvr/PFC/new_arm_ws/install/ur5_ros2_moveit2:/home/yuritvr/PFC/new_arm_ws/install/ur5_ros2_gazebo:/home/yuritvr/PFC/new_arm_ws/install/ur3_ros2_moveit2:/home/yuritvr/PFC/new_arm_ws/install/ur3_ros2_gazebo:/home/yuritvr/PFC/new_arm_ws/install/ur10_ros2_moveit2:/home/yuritvr/PFC/new_arm_ws/install/ur10_ros2_gazebo:/home/yuritvr/PFC/new_arm_ws/install/ros2_grasping:/home/yuritvr/PFC/new_arm_ws/install/ros2_execution:/home/yuritvr/PFC/new_arm_ws/install/panda_ros2_moveit2:/home/yuritvr/PFC/new_arm_ws/install/irb6640_ros2_moveit2:/home/yuritvr/PFC/new_arm_ws/install/irb120_ros2_moveit2:/home/yuritvr/PFC/new_arm_ws/install/irb1200_ros2_moveit2:/home/yuritvr/PFC/new_arm_ws/install/iiwa_ros2_moveit2:/home/yuritvr/PFC/new_arm_ws/install/cr35ia_ros2_moveit2:/home/yuritvr/PFC/new_arm_ws/install/panda_ros2_gazebo:/home/yuritvr/PFC/new_arm_ws/install/irb6640_ros2_gazebo:/home/yuritvr/PFC/new_arm_ws/install/irb120_ros2_gazebo:/home/yuritvr/PFC/new_arm_ws/install/irb1200_ros2_gazebo:/home/yuritvr/PFC/new_arm_ws/install/iiwa_ros2_gazebo:/home/yuritvr/PFC/new_arm_ws/install/cr35ia_ros2_gazebo:/opt/ros/humble LD_LIBRARY_PATH=/home/yuritvr/PFC/new_arm_ws/install/ros2_data/lib:/home/yuritvr/PFC/new_arm_ws/install/ros2_grasping/lib:/usr/lib/x86_64-linux-gnu/gazebo-11/plugins:/opt/ros/humble/opt/rviz_ogre_vendor/lib:/opt/ros/humble/lib/x86_64-linux-gnu:/opt/ros/humble/lib:/usr/lib/x86_64-linux-gnu/gazebo-11/plugins /usr/bin/cmake --build /home/yuritvr/PFC/new_arm_ws/build/ros2_actions -- -j8 -l8
[8.097s] [  9%] [32mBuilding CXX object CMakeFiles/moveJ_action.dir/scripts/moveJ_action.cpp.o[0m
[8.097s] [ 13%] [32mBuilding CXX object CMakeFiles/moveL_action.dir/scripts/moveL_action.cpp.o[0m
[8.098s] [ 13%] [32mBuilding CXX object CMakeFiles/moveG_action.dir/scripts/moveG_action.cpp.o[0m
[8.098s] [ 18%] [32mBuilding CXX object CMakeFiles/moveR_action.dir/scripts/moveR_action.cpp.o[0m
[8.098s] [ 22%] [32mBuilding CXX object CMakeFiles/moveRs_action.dir/scripts/moveRs_action.cpp.o[0m
[8.098s] [ 27%] [32mBuilding CXX object CMakeFiles/moveXYZW_action.dir/scripts/moveXYZW_action.cpp.o[0m
[8.098s] [ 31%] [32mBuilding CXX object CMakeFiles/moveXYZ_action.dir/scripts/moveXYZ_action.cpp.o[0m
[8.099s] [ 36%] [32mBuilding CXX object CMakeFiles/moveJs_action.dir/scripts/moveJs_action.cpp.o[0m
[17.164s] [01m[K/home/yuritvr/PFC/new_arm_ws/src/ros2_RobotSimulation/ros2_actions/scripts/moveG_action.cpp:[m[K In constructor â€˜[01m[Kros2_RobotTrigger::ros2_RobotTrigger()[m[Kâ€™:
[17.164s] [01m[K/home/yuritvr/PFC/new_arm_ws/src/ros2_RobotSimulation/ros2_actions/scripts/moveG_action.cpp:60:32:[m[K [01;31m[Kerror: [m[Kno matching function for call to â€˜[01m[Kros2_RobotTrigger::declare_parameter(const char [10])[m[Kâ€™
[17.164s]    60 |         [01;31m[Kthis->declare_parameter("ROB_PARAM")[m[K;
[17.164s]       |         [01;31m[K~~~~~~~~~~~~~~~~~~~~~~~^~~~~~~~~~~~~[m[K
[17.165s] In file included from [01m[K/opt/ros/humble/include/rclcpp/rclcpp/executors/single_threaded_executor.hpp:28[m[K,
[17.165s]                  from [01m[K/opt/ros/humble/include/rclcpp/rclcpp/executors.hpp:22[m[K,
[17.165s]                  from [01m[K/opt/ros/humble/include/rclcpp/rclcpp/rclcpp.hpp:155[m[K,
[17.165s]                  from [01m[K/home/yuritvr/PFC/new_arm_ws/src/ros2_RobotSimulation/ros2_actions/scripts/moveG_action.cpp:40[m[K:
[17.166s] [01m[K/opt/ros/humble/include/rclcpp/rclcpp/node.hpp:421:3:[m[K [01;36m[Knote: [m[Kcandidate: â€˜[01m[Ktemplate<class ParameterT> auto rclcpp::Node::declare_parameter(const string&, const ParameterT&, const ParameterDescriptor&, bool)[m[Kâ€™
[17.166s]   421 |   [01;36m[Kdeclare_parameter[m[K(
[17.166s]       |   [01;36m[K^~~~~~~~~~~~~~~~~[m[K
[17.166s] [01m[K/opt/ros/humble/include/rclcpp/rclcpp/node.hpp:421:3:[m[K [01;36m[Knote: [m[K  template argument deduction/substitution failed:
[17.166s] [01m[K/home/yuritvr/PFC/new_arm_ws/src/ros2_RobotSimulation/ros2_actions/scripts/moveG_action.cpp:60:32:[m[K [01;36m[Knote: [m[K  candidate expects 4 arguments, 1 provided
[17.166s]    60 |         [01;36m[Kthis->declare_parameter("ROB_PARAM")[m[K;
[17.166s]       |         [01;36m[K~~~~~~~~~~~~~~~~~~~~~~~^~~~~~~~~~~~~[m[K
[17.167s] In file included from [01m[K/opt/ros/humble/include/rclcpp/rclcpp/executors/single_threaded_executor.hpp:28[m[K,
[17.167s]                  from [01m[K/opt/ros/humble/include/rclcpp/rclcpp/executors.hpp:22[m[K,
[17.167s]                  from [01m[K/opt/ros/humble/include/rclcpp/rclcpp/rclcpp.hpp:155[m[K,
[17.167s]                  from [01m[K/home/yuritvr/PFC/new_arm_ws/src/ros2_RobotSimulation/ros2_actions/scripts/moveG_action.cpp:40[m[K:
[17.167s] [01m[K/opt/ros/humble/include/rclcpp/rclcpp/node.hpp:434:3:[m[K [01;36m[Knote: [m[Kcandidate: â€˜[01m[Ktemplate<class ParameterT> auto rclcpp::Node::declare_parameter(const string&, const ParameterDescriptor&, bool)[m[Kâ€™
[17.167s]   434 |   [01;36m[Kdeclare_parameter[m[K(
[17.167s]       |   [01;36m[K^~~~~~~~~~~~~~~~~[m[K
[17.167s] [01m[K/opt/ros/humble/include/rclcpp/rclcpp/node.hpp:434:3:[m[K [01;36m[Knote: [m[K  template argument deduction/substitution failed:
[17.168s] [01m[K/home/yuritvr/PFC/new_arm_ws/src/ros2_RobotSimulation/ros2_actions/scripts/moveG_action.cpp:60:32:[m[K [01;36m[Knote: [m[K  couldnâ€™t deduce template parameter â€˜[01m[KParameterT[m[Kâ€™
[17.168s]    60 |         [01;36m[Kthis->declare_parameter("ROB_PARAM")[m[K;
[17.168s]       |         [01;36m[K~~~~~~~~~~~~~~~~~~~~~~~^~~~~~~~~~~~~[m[K
[17.168s] In file included from [01m[K/opt/ros/humble/include/rclcpp/rclcpp/executors/single_threaded_executor.hpp:28[m[K,
[17.168s]                  from [01m[K/opt/ros/humble/include/rclcpp/rclcpp/executors.hpp:22[m[K,
[17.168s]                  from [01m[K/opt/ros/humble/include/rclcpp/rclcpp/rclcpp.hpp:155[m[K,
[17.168s]                  from [01m[K/home/yuritvr/PFC/new_arm_ws/src/ros2_RobotSimulation/ros2_actions/scripts/moveG_action.cpp:40[m[K:
[17.168s] [01m[K/opt/ros/humble/include/rclcpp/rclcpp/node.hpp:366:3:[m[K [01;36m[Knote: [m[Kcandidate: â€˜[01m[Kconst rclcpp::ParameterValue& rclcpp::Node::declare_parameter(const string&, const rclcpp::ParameterValue&, const ParameterDescriptor&, bool)[m[Kâ€™
[17.168s]   366 |   [01;36m[Kdeclare_parameter[m[K(
[17.168s]       |   [01;36m[K^~~~~~~~~~~~~~~~~[m[K
[17.169s] [01m[K/opt/ros/humble/include/rclcpp/rclcpp/node.hpp:366:3:[m[K [01;36m[Knote: [m[K  candidate expects 4 arguments, 1 provided
[17.169s] [01m[K/opt/ros/humble/include/rclcpp/rclcpp/node.hpp:391:3:[m[K [01;36m[Knote: [m[Kcandidate: â€˜[01m[Kconst rclcpp::ParameterValue& rclcpp::Node::declare_parameter(const string&, rclcpp::ParameterType, const ParameterDescriptor&, bool)[m[Kâ€™
[17.169s]   391 |   [01;36m[Kdeclare_parameter[m[K(
[17.169s]       |   [01;36m[K^~~~~~~~~~~~~~~~~[m[K
[17.169s] [01m[K/home/yuritvr/PFC/new_arm_ws/src/ros2_RobotSimulation/ros2_actions/scripts/moveXYZW_action.cpp:[m[K In constructor â€˜[01m[Kros2_RobotTrigger::ros2_RobotTrigger()[m[Kâ€™:
[17.169s] [01m[K/home/yuritvr/PFC/new_arm_ws/src/ros2_RobotSimulation/ros2_actions/scripts/moveXYZW_action.cpp:60:32:[m[K [01;31m[Kerror: [m[Kno matching function for call to â€˜[01m[Kros2_RobotTrigger::declare_parameter(const char [10])[m[Kâ€™
[17.169s]    60 |         [01;31m[Kthis->declare_parameter("ROB_PARAM")[m[K;
[17.169s]       |         [01;31m[K~~~~~~~~~~~~~~~~~~~~~~~^~~~~~~~~~~~~[m[K
[17.169s] [01m[K/opt/ros/humble/include/rclcpp/rclcpp/node.hpp:391:3:[m[K [01;36m[Knote: [m[K  candidate expects 4 arguments, 1 provided
[17.170s] In file included from [01m[K/opt/ros/humble/include/rclcpp/rclcpp/executors/single_threaded_executor.hpp:28[m[K,
[17.170s]                  from [01m[K/opt/ros/humble/include/rclcpp/rclcpp/executors.hpp:22[m[K,
[17.170s]                  from [01m[K/opt/ros/humble/include/rclcpp/rclcpp/rclcpp.hpp:155[m[K,
[17.170s]                  from [01m[K/home/yuritvr/PFC/new_arm_ws/src/ros2_RobotSimulation/ros2_actions/scripts/moveXYZW_action.cpp:40[m[K:
[17.170s] [01m[K/opt/ros/humble/include/rclcpp/rclcpp/node.hpp:421:3:[m[K [01;36m[Knote: [m[Kcandidate: â€˜[01m[Ktemplate<class ParameterT> auto rclcpp::Node::declare_parameter(const string&, const ParameterT&, const ParameterDescriptor&, bool)[m[Kâ€™
[17.170s]   421 |   [01;36m[Kdeclare_parameter[m[K(
[17.170s]       |   [01;36m[K^~~~~~~~~~~~~~~~~[m[K
[17.170s] [01m[K/opt/ros/humble/include/rclcpp/rclcpp/node.hpp:421:3:[m[K [01;36m[Knote: [m[K  template argument deduction/substitution failed:
[17.171s] [01m[K/home/yuritvr/PFC/new_arm_ws/src/ros2_RobotSimulation/ros2_actions/scripts/moveXYZW_action.cpp:60:32:[m[K [01;36m[Knote: [m[K  candidate expects 4 arguments, 1 provided
[17.171s]    60 |         [01;36m[Kthis->declare_parameter("ROB_PARAM")[m[K;
[17.171s]       |         [01;36m[K~~~~~~~~~~~~~~~~~~~~~~~^~~~~~~~~~~~~[m[K
[17.171s] In file included from [01m[K/opt/ros/humble/include/rclcpp/rclcpp/executors/single_threaded_executor.hpp:28[m[K,
[17.172s]                  from [01m[K/opt/ros/humble/include/rclcpp/rclcpp/executors.hpp:22[m[K,
[17.172s]                  from [01m[K/opt/ros/humble/include/rclcpp/rclcpp/rclcpp.hpp:155[m[K,
[17.172s]                  from [01m[K/home/yuritvr/PFC/new_arm_ws/src/ros2_RobotSimulation/ros2_actions/scripts/moveXYZW_action.cpp:40[m[K:
[17.172s] [01m[K/opt/ros/humble/include/rclcpp/rclcpp/node.hpp:434:3:[m[K [01;36m[Knote: [m[Kcandidate: â€˜[01m[Ktemplate<class ParameterT> auto rclcpp::Node::declare_parameter(const string&, const ParameterDescriptor&, bool)[m[Kâ€™
[17.172s]   434 |   [01;36m[Kdeclare_parameter[m[K(
[17.172s]       |   [01;36m[K^~~~~~~~~~~~~~~~~[m[K
[17.173s] [01m[K/opt/ros/humble/include/rclcpp/rclcpp/node.hpp:434:3:[m[K [01;36m[Knote: [m[K  template argument deduction/substitution failed:
[17.173s] [01m[K/home/yuritvr/PFC/new_arm_ws/src/ros2_RobotSimulation/ros2_actions/scripts/moveXYZW_action.cpp:60:32:[m[K [01;36m[Knote: [m[K  couldnâ€™t deduce template parameter â€˜[01m[KParameterT[m[Kâ€™
[17.173s]    60 |         [01;36m[Kthis->declare_parameter("ROB_PARAM")[m[K;
[17.173s]       |         [01;36m[K~~~~~~~~~~~~~~~~~~~~~~~^~~~~~~~~~~~~[m[K
[17.173s] In file included from [01m[K/opt/ros/humble/include/rclcpp/rclcpp/executors/single_threaded_executor.hpp:28[m[K,
[17.173s]                  from [01m[K/opt/ros/humble/include/rclcpp/rclcpp/executors.hpp:22[m[K,
[17.173s]                  from [01m[K/opt/ros/humble/include/rclcpp/rclcpp/rclcpp.hpp:155[m[K,
[17.173s]                  from [01m[K/home/yuritvr/PFC/new_arm_ws/src/ros2_RobotSimulation/ros2_actions/scripts/moveXYZW_action.cpp:40[m[K:
[17.173s] [01m[K/opt/ros/humble/include/rclcpp/rclcpp/node.hpp:366:3:[m[K [01;36m[Knote: [m[Kcandidate: â€˜[01m[Kconst rclcpp::ParameterValue& rclcpp::Node::declare_parameter(const string&, const rclcpp::ParameterValue&, const ParameterDescriptor&, bool)[m[Kâ€™
[17.174s]   366 |   [01;36m[Kdeclare_parameter[m[K(
[17.174s]       |   [01;36m[K^~~~~~~~~~~~~~~~~[m[K
[17.174s] [01m[K/opt/ros/humble/include/rclcpp/rclcpp/node.hpp:366:3:[m[K [01;36m[Knote: [m[K  candidate expects 4 arguments, 1 provided
[17.174s] [01m[K/opt/ros/humble/include/rclcpp/rclcpp/node.hpp:391:3:[m[K [01;36m[Knote: [m[Kcandidate: â€˜[01m[Kconst rclcpp::ParameterValue& rclcpp::Node::declare_parameter(const string&, rclcpp::ParameterType, const ParameterDescriptor&, bool)[m[Kâ€™
[17.174s]   391 |   [01;36m[Kdeclare_parameter[m[K(
[17.174s]       |   [01;36m[K^~~~~~~~~~~~~~~~~[m[K
[17.174s] [01m[K/opt/ros/humble/include/rclcpp/rclcpp/node.hpp:391:3:[m[K [01;36m[Knote: [m[K  candidate expects 4 arguments, 1 provided
[17.174s] [01m[K/home/yuritvr/PFC/new_arm_ws/src/ros2_RobotSimulation/ros2_actions/scripts/moveJs_action.cpp:[m[K In constructor â€˜[01m[Kros2_RobotTrigger::ros2_RobotTrigger()[m[Kâ€™:
[17.174s] [01m[K/home/yuritvr/PFC/new_arm_ws/src/ros2_RobotSimulation/ros2_actions/scripts/moveJs_action.cpp:61:32:[m[K [01;31m[Kerror: [m[Kno matching function for call to â€˜[01m[Kros2_RobotTrigger::declare_parameter(const char [10])[m[Kâ€™
[17.175s]    61 |         [01;31m[Kthis->declare_parameter("ROB_PARAM")[m[K;
[17.175s]       |         [01;31m[K~~~~~~~~~~~~~~~~~~~~~~~^~~~~~~~~~~~~[m[K
[17.175s] In file included from [01m[K/opt/ros/humble/include/rclcpp/rclcpp/executors/single_threaded_executor.hpp:28[m[K,
[17.175s]                  from [01m[K/opt/ros/humble/include/rclcpp/rclcpp/executors.hpp:22[m[K,
[17.175s]                  from [01m[K/opt/ros/humble/include/rclcpp/rclcpp/rclcpp.hpp:155[m[K,
[17.175s]                  from [01m[K/home/yuritvr/PFC/new_arm_ws/src/ros2_RobotSimulation/ros2_actions/scripts/moveJs_action.cpp:40[m[K:
[17.175s] [01m[K/opt/ros/humble/include/rclcpp/rclcpp/node.hpp:421:3:[m[K [01;36m[Knote: [m[Kcandidate: â€˜[01m[Ktemplate<class ParameterT> auto rclcpp::Node::declare_parameter(const string&, const ParameterT&, const ParameterDescriptor&, bool)[m[Kâ€™
[17.175s]   421 |   [01;36m[Kdeclare_parameter[m[K(
[17.175s]       |   [01;36m[K^~~~~~~~~~~~~~~~~[m[K
[17.175s] [01m[K/opt/ros/humble/include/rclcpp/rclcpp/node.hpp:421:3:[m[K [01;36m[Knote: [m[K  template argument deduction/substitution failed:
[17.176s] [01m[K/home/yuritvr/PFC/new_arm_ws/src/ros2_RobotSimulation/ros2_actions/scripts/moveJs_action.cpp:61:32:[m[K [01;36m[Knote: [m[K  candidate expects 4 arguments, 1 provided
[17.176s]    61 |         [01;36m[Kthis->declare_parameter("ROB_PARAM")[m[K;
[17.176s]       |         [01;36m[K~~~~~~~~~~~~~~~~~~~~~~~^~~~~~~~~~~~~[m[K
[17.176s] In file included from [01m[K/opt/ros/humble/include/rclcpp/rclcpp/executors/single_threaded_executor.hpp:28[m[K,
[17.176s]                  from [01m[K/opt/ros/humble/include/rclcpp/rclcpp/executors.hpp:22[m[K,
[17.176s]                  from [01m[K/opt/ros/humble/include/rclcpp/rclcpp/rclcpp.hpp:155[m[K,
[17.176s]                  from [01m[K/home/yuritvr/PFC/new_arm_ws/src/ros2_RobotSimulation/ros2_actions/scripts/moveJs_action.cpp:40[m[K:
[17.176s] [01m[K/opt/ros/humble/include/rclcpp/rclcpp/node.hpp:434:3:[m[K [01;36m[Knote: [m[Kcandidate: â€˜[01m[Ktemplate<class ParameterT> auto rclcpp::Node::declare_parameter(const string&, const ParameterDescriptor&, bool)[m[Kâ€™
[17.176s]   434 |   [01;36m[Kdeclare_parameter[m[K(
[17.176s]       |   [01;36m[K^~~~~~~~~~~~~~~~~[m[K
[17.176s] [01m[K/opt/ros/humble/include/rclcpp/rclcpp/node.hpp:434:3:[m[K [01;36m[Knote: [m[K  template argument deduction/substitution failed:
[17.177s] [01m[K/home/yuritvr/PFC/new_arm_ws/src/ros2_RobotSimulation/ros2_actions/scripts/moveJs_action.cpp:61:32:[m[K [01;36m[Knote: [m[K  couldnâ€™t deduce template parameter â€˜[01m[KParameterT[m[Kâ€™
[17.177s]    61 |         [01;36m[Kthis->declare_parameter("ROB_PARAM")[m[K;
[17.177s]       |         [01;36m[K~~~~~~~~~~~~~~~~~~~~~~~^~~~~~~~~~~~~[m[K
[17.177s] In file included from [01m[K/opt/ros/humble/include/rclcpp/rclcpp/executors/single_threaded_executor.hpp:28[m[K,
[17.177s]                  from [01m[K/opt/ros/humble/include/rclcpp/rclcpp/executors.hpp:22[m[K,
[17.177s]                  from [01m[K/opt/ros/humble/include/rclcpp/rclcpp/rclcpp.hpp:155[m[K,
[17.177s]                  from [01m[K/home/yuritvr/PFC/new_arm_ws/src/ros2_RobotSimulation/ros2_actions/scripts/moveJs_action.cpp:40[m[K:
[17.177s] [01m[K/opt/ros/humble/include/rclcpp/rclcpp/node.hpp:366:3:[m[K [01;36m[Knote: [m[Kcandidate: â€˜[01m[Kconst rclcpp::ParameterValue& rclcpp::Node::declare_parameter(const string&, const rclcpp::ParameterValue&, const ParameterDescriptor&, bool)[m[Kâ€™
[17.177s]   366 |   [01;36m[Kdeclare_parameter[m[K(
[17.177s]       |   [01;36m[K^~~~~~~~~~~~~~~~~[m[K
[17.177s] [01m[K/opt/ros/humble/include/rclcpp/rclcpp/node.hpp:366:3:[m[K [01;36m[Knote: [m[K  candidate expects 4 arguments, 1 provided
[17.178s] [01m[K/opt/ros/humble/include/rclcpp/rclcpp/node.hpp:391:3:[m[K [01;36m[Knote: [m[Kcandidate: â€˜[01m[Kconst rclcpp::ParameterValue& rclcpp::Node::declare_parameter(const string&, rclcpp::ParameterType, const ParameterDescriptor&, bool)[m[Kâ€™
[17.178s]   391 |   [01;36m[Kdeclare_parameter[m[K(
[17.178s]       |   [01;36m[K^~~~~~~~~~~~~~~~~[m[K
[17.178s] [01m[K/opt/ros/humble/include/rclcpp/rclcpp/node.hpp:391:3:[m[K [01;36m[Knote: [m[K  candidate expects 4 arguments, 1 provided
[17.178s] [01m[K/home/yuritvr/PFC/new_arm_ws/src/ros2_RobotSimulation/ros2_actions/scripts/moveXYZ_action.cpp:[m[K In constructor â€˜[01m[Kros2_RobotTrigger::ros2_RobotTrigger()[m[Kâ€™:
[17.178s] [01m[K/home/yuritvr/PFC/new_arm_ws/src/ros2_RobotSimulation/ros2_actions/scripts/moveXYZ_action.cpp:60:32:[m[K [01;31m[Kerror: [m[Kno matching function for call to â€˜[01m[Kros2_RobotTrigger::declare_parameter(const char [10])[m[Kâ€™
[17.178s]    60 |         [01;31m[Kthis->declare_parameter("ROB_PARAM")[m[K;
[17.178s]       |         [01;31m[K~~~~~~~~~~~~~~~~~~~~~~~^~~~~~~~~~~~~[m[K
[17.178s] In file included from [01m[K/opt/ros/humble/include/rclcpp/rclcpp/executors/single_threaded_executor.hpp:28[m[K,
[17.178s]                  from [01m[K/opt/ros/humble/include/rclcpp/rclcpp/executors.hpp:22[m[K,
[17.179s]                  from [01m[K/opt/ros/humble/include/rclcpp/rclcpp/rclcpp.hpp:155[m[K,
[17.179s]                  from [01m[K/home/yuritvr/PFC/new_arm_ws/src/ros2_RobotSimulation/ros2_actions/scripts/moveXYZ_action.cpp:40[m[K:
[17.179s] [01m[K/opt/ros/humble/include/rclcpp/rclcpp/node.hpp:421:3:[m[K [01;36m[Knote: [m[Kcandidate: â€˜[01m[Ktemplate<class ParameterT> auto rclcpp::Node::declare_parameter(const string&, const ParameterT&, const ParameterDescriptor&, bool)[m[Kâ€™
[17.179s]   421 |   [01;36m[Kdeclare_parameter[m[K(
[17.179s]       |   [01;36m[K^~~~~~~~~~~~~~~~~[m[K
[17.179s] [01m[K/opt/ros/humble/include/rclcpp/rclcpp/node.hpp:421:3:[m[K [01;36m[Knote: [m[K  template argument deduction/substitution failed:
[17.179s] [01m[K/home/yuritvr/PFC/new_arm_ws/src/ros2_RobotSimulation/ros2_actions/scripts/moveXYZ_action.cpp:60:32:[m[K [01;36m[Knote: [m[K  candidate expects 4 arguments, 1 provided
[17.179s]    60 |         [01;36m[Kthis->declare_parameter("ROB_PARAM")[m[K;
[17.179s]       |         [01;36m[K~~~~~~~~~~~~~~~~~~~~~~~^~~~~~~~~~~~~[m[K
[17.179s] In file included from [01m[K/opt/ros/humble/include/rclcpp/rclcpp/executors/single_threaded_executor.hpp:28[m[K,
[17.179s]                  from [01m[K/opt/ros/humble/include/rclcpp/rclcpp/executors.hpp:22[m[K,
[17.179s]                  from [01m[K/opt/ros/humble/include/rclcpp/rclcpp/rclcpp.hpp:155[m[K,
[17.180s]                  from [01m[K/home/yuritvr/PFC/new_arm_ws/src/ros2_RobotSimulation/ros2_actions/scripts/moveXYZ_action.cpp:40[m[K:
[17.180s] [01m[K/opt/ros/humble/include/rclcpp/rclcpp/node.hpp:434:3:[m[K [01;36m[Knote: [m[Kcandidate: â€˜[01m[Ktemplate<class ParameterT> auto rclcpp::Node::declare_parameter(const string&, const ParameterDescriptor&, bool)[m[Kâ€™
[17.180s]   434 |   [01;36m[Kdeclare_parameter[m[K(
[17.180s]       |   [01;36m[K^~~~~~~~~~~~~~~~~[m[K
[17.180s] [01m[K/opt/ros/humble/include/rclcpp/rclcpp/node.hpp:434:3:[m[K [01;36m[Knote: [m[K  template argument deduction/substitution failed:
[17.180s] [01m[K/home/yuritvr/PFC/new_arm_ws/src/ros2_RobotSimulation/ros2_actions/scripts/moveXYZ_action.cpp:60:32:[m[K [01;36m[Knote: [m[K  couldnâ€™t deduce template parameter â€˜[01m[KParameterT[m[Kâ€™
[17.180s]    60 |         [01;36m[Kthis->declare_parameter("ROB_PARAM")[m[K;
[17.180s]       |         [01;36m[K~~~~~~~~~~~~~~~~~~~~~~~^~~~~~~~~~~~~[m[K
[17.180s] In file included from [01m[K/opt/ros/humble/include/rclcpp/rclcpp/executors/single_threaded_executor.hpp:28[m[K,
[17.180s]                  from [01m[K/opt/ros/humble/include/rclcpp/rclcpp/executors.hpp:22[m[K,
[17.181s]                  from [01m[K/opt/ros/humble/include/rclcpp/rclcpp/rclcpp.hpp:155[m[K,
[17.181s]                  from [01m[K/home/yuritvr/PFC/new_arm_ws/src/ros2_RobotSimulation/ros2_actions/scripts/moveXYZ_action.cpp:40[m[K:
[17.181s] [01m[K/opt/ros/humble/include/rclcpp/rclcpp/node.hpp:366:3:[m[K [01;36m[Knote: [m[Kcandidate: â€˜[01m[Kconst rclcpp::ParameterValue& rclcpp::Node::declare_parameter(const string&, const rclcpp::ParameterValue&, const ParameterDescriptor&, bool)[m[Kâ€™
[17.181s]   366 |   [01;36m[Kdeclare_parameter[m[K(
[17.181s]       |   [01;36m[K^~~~~~~~~~~~~~~~~[m[K
[17.181s] [01m[K/opt/ros/humble/include/rclcpp/rclcpp/node.hpp:366:3:[m[K [01;36m[Knote: [m[K  candidate expects 4 arguments, 1 provided
[17.181s] [01m[K/opt/ros/humble/include/rclcpp/rclcpp/node.hpp:391:3:[m[K [01;36m[Knote: [m[Kcandidate: â€˜[01m[Kconst rclcpp::ParameterValue& rclcpp::Node::declare_parameter(const string&, rclcpp::ParameterType, const ParameterDescriptor&, bool)[m[Kâ€™
[17.181s]   391 |   [01;36m[Kdeclare_parameter[m[K(
[17.181s]       |   [01;36m[K^~~~~~~~~~~~~~~~~[m[K
[17.181s] [01m[K/opt/ros/humble/include/rclcpp/rclcpp/node.hpp:391:3:[m[K [01;36m[Knote: [m[K  candidate expects 4 arguments, 1 provided
[17.190s] [01m[K/home/yuritvr/PFC/new_arm_ws/src/ros2_RobotSimulation/ros2_actions/scripts/moveRs_action.cpp:[m[K In constructor â€˜[01m[Kros2_RobotTrigger::ros2_RobotTrigger()[m[Kâ€™:
[17.201s] [01m[K/home/yuritvr/PFC/new_arm_ws/src/ros2_RobotSimulation/ros2_actions/scripts/moveRs_action.cpp:63:32:[m[K [01;31m[Kerror: [m[Kno matching function for call to â€˜[01m[Kros2_RobotTrigger::declare_parameter(const char [10])[m[Kâ€™
[17.201s]    63 |         [01;31m[Kthis->declare_parameter("ROB_PARAM")[m[K;
[17.201s]       |         [01;31m[K~~~~~~~~~~~~~~~~~~~~~~~^~~~~~~~~~~~~[m[K
[17.201s] In file included from [01m[K/opt/ros/humble/include/rclcpp/rclcpp/executors/single_threaded_executor.hpp:28[m[K,
[17.201s]                  from [01m[K/opt/ros/humble/include/rclcpp/rclcpp/executors.hpp:22[m[K,
[17.202s]                  from [01m[K/opt/ros/humble/include/rclcpp/rclcpp/rclcpp.hpp:155[m[K,
[17.202s]                  from [01m[K/home/yuritvr/PFC/new_arm_ws/src/ros2_RobotSimulation/ros2_actions/scripts/moveRs_action.cpp:40[m[K:
[17.202s] [01m[K/opt/ros/humble/include/rclcpp/rclcpp/node.hpp:421:3:[m[K [01;36m[Knote: [m[Kcandidate: â€˜[01m[Ktemplate<class ParameterT> auto rclcpp::Node::declare_parameter(const string&, const ParameterT&, const ParameterDescriptor&, bool)[m[Kâ€™
[17.202s]   421 |   [01;36m[Kdeclare_parameter[m[K(
[17.202s]       |   [01;36m[K^~~~~~~~~~~~~~~~~[m[K
[17.202s] [01m[K/opt/ros/humble/include/rclcpp/rclcpp/node.hpp:421:3:[m[K [01;36m[Knote: [m[K  template argument deduction/substitution failed:
[17.202s] [01m[K/home/yuritvr/PFC/new_arm_ws/src/ros2_RobotSimulation/ros2_actions/scripts/moveRs_action.cpp:63:32:[m[K [01;36m[Knote: [m[K  candidate expects 4 arguments, 1 provided
[17.202s]    63 |         [01;36m[Kthis->declare_parameter("ROB_PARAM")[m[K;
[17.202s]       |         [01;36m[K~~~~~~~~~~~~~~~~~~~~~~~^~~~~~~~~~~~~[m[K
[17.202s] In file included from [01m[K/opt/ros/humble/include/rclcpp/rclcpp/executors/single_threaded_executor.hpp:28[m[K,
[17.203s]                  from [01m[K/opt/ros/humble/include/rclcpp/rclcpp/executors.hpp:22[m[K,
[17.203s]                  from [01m[K/opt/ros/humble/include/rclcpp/rclcpp/rclcpp.hpp:155[m[K,
[17.203s]                  from [01m[K/home/yuritvr/PFC/new_arm_ws/src/ros2_RobotSimulation/ros2_actions/scripts/moveRs_action.cpp:40[m[K:
[17.203s] [01m[K/opt/ros/humble/include/rclcpp/rclcpp/node.hpp:434:3:[m[K [01;36m[Knote: [m[Kcandidate: â€˜[01m[Ktemplate<class ParameterT> auto rclcpp::Node::declare_parameter(const string&, const ParameterDescriptor&, bool)[m[Kâ€™
[17.203s]   434 |   [01;36m[Kdeclare_parameter[m[K(
[17.203s]       |   [01;36m[K^~~~~~~~~~~~~~~~~[m[K
[17.203s] [01m[K/opt/ros/humble/include/rclcpp/rclcpp/node.hpp:434:3:[m[K [01;36m[Knote: [m[K  template argument deduction/substitution failed:
[17.203s] [01m[K/home/yuritvr/PFC/new_arm_ws/src/ros2_RobotSimulation/ros2_actions/scripts/moveRs_action.cpp:63:32:[m[K [01;36m[Knote: [m[K  couldnâ€™t deduce template parameter â€˜[01m[KParameterT[m[Kâ€™
[17.203s]    63 |         [01;36m[Kthis->declare_parameter("ROB_PARAM")[m[K;
[17.204s]       |         [01;36m[K~~~~~~~~~~~~~~~~~~~~~~~^~~~~~~~~~~~~[m[K
[17.204s] In file included from [01m[K/opt/ros/humble/include/rclcpp/rclcpp/executors/single_threaded_executor.hpp:28[m[K,
[17.204s]                  from [01m[K/opt/ros/humble/include/rclcpp/rclcpp/executors.hpp:22[m[K,
[17.204s]                  from [01m[K/opt/ros/humble/include/rclcpp/rclcpp/rclcpp.hpp:155[m[K,
[17.204s]                  from [01m[K/home/yuritvr/PFC/new_arm_ws/src/ros2_RobotSimulation/ros2_actions/scripts/moveRs_action.cpp:40[m[K:
[17.204s] [01m[K/opt/ros/humble/include/rclcpp/rclcpp/node.hpp:366:3:[m[K [01;36m[Knote: [m[Kcandidate: â€˜[01m[Kconst rclcpp::ParameterValue& rclcpp::Node::declare_parameter(const string&, const rclcpp::ParameterValue&, const ParameterDescriptor&, bool)[m[Kâ€™
[17.204s]   366 |   [01;36m[Kdeclare_parameter[m[K(
[17.204s]       |   [01;36m[K^~~~~~~~~~~~~~~~~[m[K
[17.204s] [01m[K/opt/ros/humble/include/rclcpp/rclcpp/node.hpp:366:3:[m[K [01;36m[Knote: [m[K  candidate expects 4 arguments, 1 provided
[17.205s] [01m[K/opt/ros/humble/include/rclcpp/rclcpp/node.hpp:391:3:[m[K [01;36m[Knote: [m[Kcandidate: â€˜[01m[Kconst rclcpp::ParameterValue& rclcpp::Node::declare_parameter(const string&, rclcpp::ParameterType, const ParameterDescriptor&, bool)[m[Kâ€™
[17.205s]   391 |   [01;36m[Kdeclare_parameter[m[K(
[17.205s]       |   [01;36m[K^~~~~~~~~~~~~~~~~[m[K
[17.205s] [01m[K/opt/ros/humble/include/rclcpp/rclcpp/node.hpp:391:3:[m[K [01;36m[Knote: [m[K  candidate expects 4 arguments, 1 provided
[17.212s] [01m[K/home/yuritvr/PFC/new_arm_ws/src/ros2_RobotSimulation/ros2_actions/scripts/moveJ_action.cpp:[m[K In constructor â€˜[01m[Kros2_RobotTrigger::ros2_RobotTrigger()[m[Kâ€™:
[17.212s] [01m[K/home/yuritvr/PFC/new_arm_ws/src/ros2_RobotSimulation/ros2_actions/scripts/moveJ_action.cpp:61:32:[m[K [01;31m[Kerror: [m[Kno matching function for call to â€˜[01m[Kros2_RobotTrigger::declare_parameter(const char [10])[m[Kâ€™
[17.213s]    61 |         [01;31m[Kthis->declare_parameter("ROB_PARAM")[m[K;
[17.213s]       |         [01;31m[K~~~~~~~~~~~~~~~~~~~~~~~^~~~~~~~~~~~~[m[K
[17.213s] In file included from [01m[K/opt/ros/humble/include/rclcpp/rclcpp/executors/single_threaded_executor.hpp:28[m[K,
[17.213s]                  from [01m[K/opt/ros/humble/include/rclcpp/rclcpp/executors.hpp:22[m[K,
[17.214s]                  from [01m[K/opt/ros/humble/include/rclcpp/rclcpp/rclcpp.hpp:155[m[K,
[17.214s]                  from [01m[K/home/yuritvr/PFC/new_arm_ws/src/ros2_RobotSimulation/ros2_actions/scripts/moveJ_action.cpp:40[m[K:
[17.214s] [01m[K/opt/ros/humble/include/rclcpp/rclcpp/node.hpp:421:3:[m[K [01;36m[Knote: [m[Kcandidate: â€˜[01m[Ktemplate<class ParameterT> auto rclcpp::Node::declare_parameter(const string&, const ParameterT&, const ParameterDescriptor&, bool)[m[Kâ€™
[17.214s]   421 |   [01;36m[Kdeclare_parameter[m[K(
[17.214s]       |   [01;36m[K^~~~~~~~~~~~~~~~~[m[K
[17.214s] [01m[K/opt/ros/humble/include/rclcpp/rclcpp/node.hpp:421:3:[m[K [01;36m[Knote: [m[K  template argument deduction/substitution failed:
[17.214s] [01m[K/home/yuritvr/PFC/new_arm_ws/src/ros2_RobotSimulation/ros2_actions/scripts/moveJ_action.cpp:61:32:[m[K [01;36m[Knote: [m[K  candidate expects 4 arguments, 1 provided
[17.214s]    61 |         [01;36m[Kthis->declare_parameter("ROB_PARAM")[m[K;
[17.214s]       |         [01;36m[K~~~~~~~~~~~~~~~~~~~~~~~^~~~~~~~~~~~~[m[K
[17.214s] In file included from [01m[K/opt/ros/humble/include/rclcpp/rclcpp/executors/single_threaded_executor.hpp:28[m[K,
[17.215s]                  from [01m[K/opt/ros/humble/include/rclcpp/rclcpp/executors.hpp:22[m[K,
[17.215s]                  from [01m[K/opt/ros/humble/include/rclcpp/rclcpp/rclcpp.hpp:155[m[K,
[17.215s]                  from [01m[K/home/yuritvr/PFC/new_arm_ws/src/ros2_RobotSimulation/ros2_actions/scripts/moveJ_action.cpp:40[m[K:
[17.215s] [01m[K/opt/ros/humble/include/rclcpp/rclcpp/node.hpp:434:3:[m[K [01;36m[Knote: [m[Kcandidate: â€˜[01m[Ktemplate<class ParameterT> auto rclcpp::Node::declare_parameter(const string&, const ParameterDescriptor&, bool)[m[Kâ€™
[17.215s]   434 |   [01;36m[Kdeclare_parameter[m[K(
[17.215s]       |   [01;36m[K^~~~~~~~~~~~~~~~~[m[K
[17.215s] [01m[K/opt/ros/humble/include/rclcpp/rclcpp/node.hpp:434:3:[m[K [01;36m[Knote: [m[K  template argument deduction/substitution failed:
[17.215s] [01m[K/home/yuritvr/PFC/new_arm_ws/src/ros2_RobotSimulation/ros2_actions/scripts/moveJ_action.cpp:61:32:[m[K [01;36m[Knote: [m[K  couldnâ€™t deduce template parameter â€˜[01m[KParameterT[m[Kâ€™
[17.216s]    61 |         [01;36m[Kthis->declare_parameter("ROB_PARAM")[m[K;
[17.216s]       |         [01;36m[K~~~~~~~~~~~~~~~~~~~~~~~^~~~~~~~~~~~~[m[K
[17.216s] In file included from [01m[K/opt/ros/humble/include/rclcpp/rclcpp/executors/single_threaded_executor.hpp:28[m[K,
[17.216s]                  from [01m[K/opt/ros/humble/include/rclcpp/rclcpp/executors.hpp:22[m[K,
[17.216s]                  from [01m[K/opt/ros/humble/include/rclcpp/rclcpp/rclcpp.hpp:155[m[K,
[17.216s]                  from [01m[K/home/yuritvr/PFC/new_arm_ws/src/ros2_RobotSimulation/ros2_actions/scripts/moveJ_action.cpp:40[m[K:
[17.216s] [01m[K/opt/ros/humble/include/rclcpp/rclcpp/node.hpp:366:3:[m[K [01;36m[Knote: [m[Kcandidate: â€˜[01m[Kconst rclcpp::ParameterValue& rclcpp::Node::declare_parameter(const string&, const rclcpp::ParameterValue&, const ParameterDescriptor&, bool)[m[Kâ€™
[17.216s]   366 |   [01;36m[Kdeclare_parameter[m[K(
[17.216s]       |   [01;36m[K^~~~~~~~~~~~~~~~~[m[K
[17.217s] [01m[K/opt/ros/humble/include/rclcpp/rclcpp/node.hpp:366:3:[m[K [01;36m[Knote: [m[K  candidate expects 4 arguments, 1 provided
[17.217s] [01m[K/opt/ros/humble/include/rclcpp/rclcpp/node.hpp:391:3:[m[K [01;36m[Knote: [m[Kcandidate: â€˜[01m[Kconst rclcpp::ParameterValue& rclcpp::Node::declare_parameter(const string&, rclcpp::ParameterType, const ParameterDescriptor&, bool)[m[Kâ€™
[17.217s]   391 |   [01;36m[Kdeclare_parameter[m[K(
[17.217s]       |   [01;36m[K^~~~~~~~~~~~~~~~~[m[K
[17.217s] [01m[K/opt/ros/humble/include/rclcpp/rclcpp/node.hpp:391:3:[m[K [01;36m[Knote: [m[K  candidate expects 4 arguments, 1 provided
[17.252s] [01m[K/home/yuritvr/PFC/new_arm_ws/src/ros2_RobotSimulation/ros2_actions/scripts/moveG_action.cpp:[m[K In member function â€˜[01m[Krclcpp_action::GoalResponse ActionServer::handle_goal(const GoalUUID&, std::shared_ptr<const ros2_data::action::MoveG_Goal_<std::allocator<void> > >)[m[Kâ€™:
[17.252s] [01m[K/home/yuritvr/PFC/new_arm_ws/src/ros2_RobotSimulation/ros2_actions/scripts/moveG_action.cpp:94:41:[m[K [01;35m[Kwarning: [m[Kunused parameter â€˜[01m[Kuuid[m[Kâ€™ [[01;35m[K]8;;https://gcc.gnu.org/onlinedocs/gcc/Warning-Options.html#index-Wunused-parameter-Wunused-parameter]8;;[m[K]
[17.253s]    94 |         [01;35m[Kconst rclcpp_action::GoalUUID & uuid[m[K,
[17.253s]       |         [01;35m[K~~~~~~~~~~~~~~~~~~~~~~~~~~~~~~~~^~~~[m[K
[17.254s] [01m[K/home/yuritvr/PFC/new_arm_ws/src/ros2_RobotSimulation/ros2_actions/scripts/moveXYZW_action.cpp:[m[K In member function â€˜[01m[Krclcpp_action::GoalResponse ActionServer::handle_goal(const GoalUUID&, std::shared_ptr<const ros2_data::action::MoveXYZW_Goal_<std::allocator<void> > >)[m[Kâ€™:
[17.255s] [01m[K/home/yuritvr/PFC/new_arm_ws/src/ros2_RobotSimulation/ros2_actions/scripts/moveXYZW_action.cpp:94:41:[m[K [01;35m[Kwarning: [m[Kunused parameter â€˜[01m[Kuuid[m[Kâ€™ [[01;35m[K]8;;https://gcc.gnu.org/onlinedocs/gcc/Warning-Options.html#index-Wunused-parameter-Wunused-parameter]8;;[m[K]
[17.255s]    94 |         [01;35m[Kconst rclcpp_action::GoalUUID & uuid[m[K,
[17.255s]       |         [01;35m[K~~~~~~~~~~~~~~~~~~~~~~~~~~~~~~~~^~~~[m[K
[17.256s] [01m[K/home/yuritvr/PFC/new_arm_ws/src/ros2_RobotSimulation/ros2_actions/scripts/moveJs_action.cpp:[m[K In member function â€˜[01m[Krclcpp_action::GoalResponse ActionServer::handle_goal(const GoalUUID&, std::shared_ptr<const ros2_data::action::MoveJs_Goal_<std::allocator<void> > >)[m[Kâ€™:
[17.256s] [01m[K/home/yuritvr/PFC/new_arm_ws/src/ros2_RobotSimulation/ros2_actions/scripts/moveJs_action.cpp:95:41:[m[K [01;35m[Kwarning: [m[Kunused parameter â€˜[01m[Kuuid[m[Kâ€™ [[01;35m[K]8;;https://gcc.gnu.org/onlinedocs/gcc/Warning-Options.html#index-Wunused-parameter-Wunused-parameter]8;;[m[K]
[17.256s]    95 |         [01;35m[Kconst rclcpp_action::GoalUUID & uuid[m[K,
[17.257s]       |         [01;35m[K~~~~~~~~~~~~~~~~~~~~~~~~~~~~~~~~^~~~[m[K
[17.268s] [01m[K/home/yuritvr/PFC/new_arm_ws/src/ros2_RobotSimulation/ros2_actions/scripts/moveL_action.cpp:[m[K In constructor â€˜[01m[Kros2_RobotTrigger::ros2_RobotTrigger()[m[Kâ€™:
[17.268s] [01m[K/home/yuritvr/PFC/new_arm_ws/src/ros2_RobotSimulation/ros2_actions/scripts/moveL_action.cpp:60:32:[m[K [01;31m[Kerror: [m[Kno matching function for call to â€˜[01m[Kros2_RobotTrigger::declare_parameter(const char [10])[m[Kâ€™
[17.268s]    60 |         [01;31m[Kthis->declare_parameter("ROB_PARAM")[m[K;
[17.268s]       |         [01;31m[K~~~~~~~~~~~~~~~~~~~~~~~^~~~~~~~~~~~~[m[K
[17.268s] In file included from [01m[K/opt/ros/humble/include/rclcpp/rclcpp/executors/single_threaded_executor.hpp:28[m[K,
[17.269s]                  from [01m[K/opt/ros/humble/include/rclcpp/rclcpp/executors.hpp:22[m[K,
[17.269s]                  from [01m[K/opt/ros/humble/include/rclcpp/rclcpp/rclcpp.hpp:155[m[K,
[17.269s]                  from [01m[K/home/yuritvr/PFC/new_arm_ws/src/ros2_RobotSimulation/ros2_actions/scripts/moveL_action.cpp:40[m[K:
[17.269s] [01m[K/opt/ros/humble/include/rclcpp/rclcpp/node.hpp:421:3:[m[K [01;36m[Knote: [m[Kcandidate: â€˜[01m[Ktemplate<class ParameterT> auto rclcpp::Node::declare_parameter(const string&, const ParameterT&, const ParameterDescriptor&, bool)[m[Kâ€™
[17.269s]   421 |   [01;36m[Kdeclare_parameter[m[K(
[17.269s]       |   [01;36m[K^~~~~~~~~~~~~~~~~[m[K
[17.270s] [01m[K/opt/ros/humble/include/rclcpp/rclcpp/node.hpp:421:3:[m[K [01;36m[Knote: [m[K  template argument deduction/substitution failed:
[17.270s] [01m[K/home/yuritvr/PFC/new_arm_ws/src/ros2_RobotSimulation/ros2_actions/scripts/moveL_action.cpp:60:32:[m[K [01;36m[Knote: [m[K  candidate expects 4 arguments, 1 provided
[17.270s]    60 |         [01;36m[Kthis->declare_parameter("ROB_PARAM")[m[K;
[17.270s]       |         [01;36m[K~~~~~~~~~~~~~~~~~~~~~~~^~~~~~~~~~~~~[m[K
[17.270s] In file included from [01m[K/opt/ros/humble/include/rclcpp/rclcpp/executors/single_threaded_executor.hpp:28[m[K,
[17.270s]                  from [01m[K/opt/ros/humble/include/rclcpp/rclcpp/executors.hpp:22[m[K,
[17.270s]                  from [01m[K/opt/ros/humble/include/rclcpp/rclcpp/rclcpp.hpp:155[m[K,
[17.270s]                  from [01m[K/home/yuritvr/PFC/new_arm_ws/src/ros2_RobotSimulation/ros2_actions/scripts/moveL_action.cpp:40[m[K:
[17.270s] [01m[K/opt/ros/humble/include/rclcpp/rclcpp/node.hpp:434:3:[m[K [01;36m[Knote: [m[Kcandidate: â€˜[01m[Ktemplate<class ParameterT> auto rclcpp::Node::declare_parameter(const string&, const ParameterDescriptor&, bool)[m[Kâ€™
[17.271s]   434 |   [01;36m[Kdeclare_parameter[m[K(
[17.271s]       |   [01;36m[K^~~~~~~~~~~~~~~~~[m[K
[17.271s] [01m[K/opt/ros/humble/include/rclcpp/rclcpp/node.hpp:434:3:[m[K [01;36m[Knote: [m[K  template argument deduction/substitution failed:
[17.271s] [01m[K/home/yuritvr/PFC/new_arm_ws/src/ros2_RobotSimulation/ros2_actions/scripts/moveL_action.cpp:60:32:[m[K [01;36m[Knote: [m[K  couldnâ€™t deduce template parameter â€˜[01m[KParameterT[m[Kâ€™
[17.271s]    60 |         [01;36m[Kthis->declare_parameter("ROB_PARAM")[m[K;
[17.271s]       |         [01;36m[K~~~~~~~~~~~~~~~~~~~~~~~^~~~~~~~~~~~~[m[K
[17.271s] In file included from [01m[K/opt/ros/humble/include/rclcpp/rclcpp/executors/single_threaded_executor.hpp:28[m[K,
[17.271s]                  from [01m[K/opt/ros/humble/include/rclcpp/rclcpp/executors.hpp:22[m[K,
[17.271s]                  from [01m[K/opt/ros/humble/include/rclcpp/rclcpp/rclcpp.hpp:155[m[K,
[17.271s]                  from [01m[K/home/yuritvr/PFC/new_arm_ws/src/ros2_RobotSimulation/ros2_actions/scripts/moveL_action.cpp:40[m[K:
[17.272s] [01m[K/opt/ros/humble/include/rclcpp/rclcpp/node.hpp:366:3:[m[K [01;36m[Knote: [m[Kcandidate: â€˜[01m[Kconst rclcpp::ParameterValue& rclcpp::Node::declare_parameter(const string&, const rclcpp::ParameterValue&, const ParameterDescriptor&, bool)[m[Kâ€™
[17.272s]   366 |   [01;36m[Kdeclare_parameter[m[K(
[17.272s]       |   [01;36m[K^~~~~~~~~~~~~~~~~[m[K
[17.272s] [01m[K/opt/ros/humble/include/rclcpp/rclcpp/node.hpp:366:3:[m[K [01;36m[Knote: [m[K  candidate expects 4 arguments, 1 provided
[17.272s] [01m[K/opt/ros/humble/include/rclcpp/rclcpp/node.hpp:391:3:[m[K [01;36m[Knote: [m[Kcandidate: â€˜[01m[Kconst rclcpp::ParameterValue& rclcpp::Node::declare_parameter(const string&, rclcpp::ParameterType, const ParameterDescriptor&, bool)[m[Kâ€™
[17.272s]   391 |   [01;36m[Kdeclare_parameter[m[K(
[17.272s]       |   [01;36m[K^~~~~~~~~~~~~~~~~[m[K
[17.272s] [01m[K/opt/ros/humble/include/rclcpp/rclcpp/node.hpp:391:3:[m[K [01;36m[Knote: [m[K  candidate expects 4 arguments, 1 provided
[17.273s] [01m[K/home/yuritvr/PFC/new_arm_ws/src/ros2_RobotSimulation/ros2_actions/scripts/moveG_action.cpp:[m[K In member function â€˜[01m[Kvoid ActionServer::execute(std::shared_ptr<rclcpp_action::ServerGoalHandle<ros2_data::action::MoveG> >)[m[Kâ€™:
[17.273s] [01m[K/home/yuritvr/PFC/new_arm_ws/src/ros2_RobotSimulation/ros2_actions/scripts/moveG_action.cpp:180:112:[m[K [01;35m[Kwarning: [m[Kâ€˜[01m[Kusing MoveItErrorCode = class moveit::core::MoveItErrorCode[m[Kâ€™ is deprecated: Use moveit::core::MoveItErrorCode [[01;35m[K]8;;https://gcc.gnu.org/onlinedocs/gcc/Warning-Options.html#index-Wdeprecated-declarations-Wdeprecated-declarations]8;;[m[K]
[17.273s]   180 |             bool success = (move_group_interface.plan(my_plan) == moveit::planning_interface::MoveItErrorCode::[01;35m[KSUCCESS[m[K);
[17.273s]       |                                                                                                                [01;35m[K^~~~~~~[m[K
[17.273s] In file included from [01m[K/home/yuritvr/PFC/new_arm_ws/src/ros2_RobotSimulation/ros2_actions/scripts/moveG_action.cpp:43[m[K:
[17.273s] [01m[K/opt/ros/humble/include/moveit/move_group_interface/move_group_interface_improved.h:71:7:[m[K [01;36m[Knote: [m[Kdeclared here
[17.273s]    71 | using [01;36m[KMoveItErrorCode[m[K [[deprecated("Use moveit::core::MoveItErrorCode")]] = moveit::core::MoveItErrorCode;
[17.274s]       |       [01;36m[K^~~~~~~~~~~~~~~[m[K
[17.274s] [01m[K/home/yuritvr/PFC/new_arm_ws/src/ros2_RobotSimulation/ros2_actions/scripts/moveXYZW_action.cpp:[m[K In member function â€˜[01m[Kvoid ActionServer::execute(std::shared_ptr<rclcpp_action::ServerGoalHandle<ros2_data::action::MoveXYZW> >)[m[Kâ€™:
[17.274s] [01m[K/home/yuritvr/PFC/new_arm_ws/src/ros2_RobotSimulation/ros2_actions/scripts/moveXYZW_action.cpp:196:108:[m[K [01;35m[Kwarning: [m[Kâ€˜[01m[Kusing MoveItErrorCode = class moveit::core::MoveItErrorCode[m[Kâ€™ is deprecated: Use moveit::core::MoveItErrorCode [[01;35m[K]8;;https://gcc.gnu.org/onlinedocs/gcc/Warning-Options.html#index-Wdeprecated-declarations-Wdeprecated-declarations]8;;[m[K]
[17.274s]   196 |         bool success = (move_group_interface.plan(my_plan) == moveit::planning_interface::MoveItErrorCode::[01;35m[KSUCCESS[m[K);
[17.274s]       |                                                                                                            [01;35m[K^~~~~~~[m[K
[17.274s] In file included from [01m[K/home/yuritvr/PFC/new_arm_ws/src/ros2_RobotSimulation/ros2_actions/scripts/moveXYZW_action.cpp:43[m[K:
[17.274s] [01m[K/opt/ros/humble/include/moveit/move_group_interface/move_group_interface_improved.h:71:7:[m[K [01;36m[Knote: [m[Kdeclared here
[17.274s]    71 | using [01;36m[KMoveItErrorCode[m[K [[deprecated("Use moveit::core::MoveItErrorCode")]] = moveit::core::MoveItErrorCode;
[17.275s]       |       [01;36m[K^~~~~~~~~~~~~~~[m[K
[17.275s] [01m[K/home/yuritvr/PFC/new_arm_ws/src/ros2_RobotSimulation/ros2_actions/scripts/moveJs_action.cpp:[m[K In member function â€˜[01m[Kvoid ActionServer::execute(std::shared_ptr<rclcpp_action::ServerGoalHandle<ros2_data::action::MoveJs> >)[m[Kâ€™:
[17.275s] [01m[K/home/yuritvr/PFC/new_arm_ws/src/ros2_RobotSimulation/ros2_actions/scripts/moveJs_action.cpp:258:112:[m[K [01;35m[Kwarning: [m[Kâ€˜[01m[Kusing MoveItErrorCode = class moveit::core::MoveItErrorCode[m[Kâ€™ is deprecated: Use moveit::core::MoveItErrorCode [[01;35m[K]8;;https://gcc.gnu.org/onlinedocs/gcc/Warning-Options.html#index-Wdeprecated-declarations-Wdeprecated-declarations]8;;[m[K]
[17.275s]   258 |             bool success = (move_group_interface.plan(my_plan) == moveit::planning_interface::MoveItErrorCode::[01;35m[KSUCCESS[m[K);
[17.275s]       |                                                                                                                [01;35m[K^~~~~~~[m[K
[17.276s] In file included from [01m[K/home/yuritvr/PFC/new_arm_ws/src/ros2_RobotSimulation/ros2_actions/scripts/moveJs_action.cpp:43[m[K:
[17.276s] [01m[K/opt/ros/humble/include/moveit/move_group_interface/move_group_interface_improved.h:71:7:[m[K [01;36m[Knote: [m[Kdeclared here
[17.276s]    71 | using [01;36m[KMoveItErrorCode[m[K [[deprecated("Use moveit::core::MoveItErrorCode")]] = moveit::core::MoveItErrorCode;
[17.276s]       |       [01;36m[K^~~~~~~~~~~~~~~[m[K
[17.277s] [01m[K/home/yuritvr/PFC/new_arm_ws/src/ros2_RobotSimulation/ros2_actions/scripts/moveXYZ_action.cpp:[m[K In member function â€˜[01m[Krclcpp_action::GoalResponse ActionServer::handle_goal(const GoalUUID&, std::shared_ptr<const ros2_data::action::MoveXYZ_Goal_<std::allocator<void> > >)[m[Kâ€™:
[17.277s] [01m[K/home/yuritvr/PFC/new_arm_ws/src/ros2_RobotSimulation/ros2_actions/scripts/moveXYZ_action.cpp:94:41:[m[K [01;35m[Kwarning: [m[Kunused parameter â€˜[01m[Kuuid[m[Kâ€™ [[01;35m[K]8;;https://gcc.gnu.org/onlinedocs/gcc/Warning-Options.html#index-Wunused-parameter-Wunused-parameter]8;;[m[K]
[17.277s]    94 |         [01;35m[Kconst rclcpp_action::GoalUUID & uuid[m[K,
[17.277s]       |         [01;35m[K~~~~~~~~~~~~~~~~~~~~~~~~~~~~~~~~^~~~[m[K
[17.278s] [01m[K/home/yuritvr/PFC/new_arm_ws/src/ros2_RobotSimulation/ros2_actions/scripts/moveRs_action.cpp:[m[K In member function â€˜[01m[Krclcpp_action::GoalResponse ActionServer::handle_goal(const GoalUUID&, std::shared_ptr<const ros2_data::action::MoveR_Goal_<std::allocator<void> > >)[m[Kâ€™:
[17.278s] [01m[K/home/yuritvr/PFC/new_arm_ws/src/ros2_RobotSimulation/ros2_actions/scripts/moveRs_action.cpp:94:41:[m[K [01;35m[Kwarning: [m[Kunused parameter â€˜[01m[Kuuid[m[Kâ€™ [[01;35m[K]8;;https://gcc.gnu.org/onlinedocs/gcc/Warning-Options.html#index-Wunused-parameter-Wunused-parameter]8;;[m[K]
[17.278s]    94 |         [01;35m[Kconst rclcpp_action::GoalUUID & uuid[m[K,
[17.278s]       |         [01;35m[K~~~~~~~~~~~~~~~~~~~~~~~~~~~~~~~~^~~~[m[K
[17.279s] [01m[K/home/yuritvr/PFC/new_arm_ws/src/ros2_RobotSimulation/ros2_actions/scripts/moveXYZW_action.cpp:162:46:[m[K [01;35m[Kwarning: [m[Kunused variable â€˜[01m[Kjoint_model_group[m[Kâ€™ [[01;35m[K]8;;https://gcc.gnu.org/onlinedocs/gcc/Warning-Options.html#index-Wunused-variable-Wunused-variable]8;;[m[K]
[17.279s]   162 |         const moveit::core::JointModelGroup* [01;35m[Kjoint_model_group[m[K = move_group_interface.getCurrentState()->getJointModelGroup(my_param);
[17.279s]       |                                              [01;35m[K^~~~~~~~~~~~~~~~~[m[K
[17.296s] [01m[K/home/yuritvr/PFC/new_arm_ws/src/ros2_RobotSimulation/ros2_actions/scripts/moveXYZ_action.cpp:[m[K In member function â€˜[01m[Kvoid ActionServer::execute(std::shared_ptr<rclcpp_action::ServerGoalHandle<ros2_data::action::MoveXYZ> >)[m[Kâ€™:
[17.296s] [01m[K/home/yuritvr/PFC/new_arm_ws/src/ros2_RobotSimulation/ros2_actions/scripts/moveXYZ_action.cpp:177:108:[m[K [01;35m[Kwarning: [m[Kâ€˜[01m[Kusing MoveItErrorCode = class moveit::core::MoveItErrorCode[m[Kâ€™ is deprecated: Use moveit::core::MoveItErrorCode [[01;35m[K]8;;https://gcc.gnu.org/onlinedocs/gcc/Warning-Options.html#index-Wdeprecated-declarations-Wdeprecated-declarations]8;;[m[K]
[17.296s]   177 |         bool success = (move_group_interface.plan(my_plan) == moveit::planning_interface::MoveItErrorCode::[01;35m[KSUCCESS[m[K);
[17.296s]       |                                                                                                            [01;35m[K^~~~~~~[m[K
[17.296s] In file included from [01m[K/home/yuritvr/PFC/new_arm_ws/src/ros2_RobotSimulation/ros2_actions/scripts/moveXYZ_action.cpp:43[m[K:
[17.296s] [01m[K/opt/ros/humble/include/moveit/move_group_interface/move_group_interface_improved.h:71:7:[m[K [01;36m[Knote: [m[Kdeclared here
[17.296s]    71 | using [01;36m[KMoveItErrorCode[m[K [[deprecated("Use moveit::core::MoveItErrorCode")]] = moveit::core::MoveItErrorCode;
[17.296s]       |       [01;36m[K^~~~~~~~~~~~~~~[m[K
[17.299s] [01m[K/home/yuritvr/PFC/new_arm_ws/src/ros2_RobotSimulation/ros2_actions/scripts/moveRs_action.cpp:[m[K In member function â€˜[01m[Kvoid ActionServer::execute(std::shared_ptr<rclcpp_action::ServerGoalHandle<ros2_data::action::MoveR> >)[m[Kâ€™:
[17.299s] [01m[K/home/yuritvr/PFC/new_arm_ws/src/ros2_RobotSimulation/ros2_actions/scripts/moveRs_action.cpp:284:112:[m[K [01;35m[Kwarning: [m[Kâ€˜[01m[Kusing MoveItErrorCode = class moveit::core::MoveItErrorCode[m[Kâ€™ is deprecated: Use moveit::core::MoveItErrorCode [[01;35m[K]8;;https://gcc.gnu.org/onlinedocs/gcc/Warning-Options.html#index-Wdeprecated-declarations-Wdeprecated-declarations]8;;[m[K]
[17.299s]   284 |             bool success = (move_group_interface.plan(my_plan) == moveit::planning_interface::MoveItErrorCode::[01;35m[KSUCCESS[m[K);
[17.299s]       |                                                                                                                [01;35m[K^~~~~~~[m[K
[17.300s] In file included from [01m[K/home/yuritvr/PFC/new_arm_ws/src/ros2_RobotSimulation/ros2_actions/scripts/moveRs_action.cpp:43[m[K:
[17.300s] [01m[K/opt/ros/humble/include/moveit/move_group_interface/move_group_interface_improved.h:71:7:[m[K [01;36m[Knote: [m[Kdeclared here
[17.300s]    71 | using [01;36m[KMoveItErrorCode[m[K [[deprecated("Use moveit::core::MoveItErrorCode")]] = moveit::core::MoveItErrorCode;
[17.300s]       |       [01;36m[K^~~~~~~~~~~~~~~[m[K
[17.300s] [01m[K/home/yuritvr/PFC/new_arm_ws/src/ros2_RobotSimulation/ros2_actions/scripts/moveXYZ_action.cpp:155:46:[m[K [01;35m[Kwarning: [m[Kunused variable â€˜[01m[Kjoint_model_group[m[Kâ€™ [[01;35m[K]8;;https://gcc.gnu.org/onlinedocs/gcc/Warning-Options.html#index-Wunused-variable-Wunused-variable]8;;[m[K]
[17.301s]   155 |         const moveit::core::JointModelGroup* [01;35m[Kjoint_model_group[m[K = move_group_interface.getCurrentState()->getJointModelGroup(my_param);
[17.301s]       |                                              [01;35m[K^~~~~~~~~~~~~~~~~[m[K
[17.301s] [01m[K/home/yuritvr/PFC/new_arm_ws/src/ros2_RobotSimulation/ros2_actions/scripts/moveJ_action.cpp:[m[K In member function â€˜[01m[Krclcpp_action::GoalResponse ActionServer::handle_goal(const GoalUUID&, std::shared_ptr<const ros2_data::action::MoveJ_Goal_<std::allocator<void> > >)[m[Kâ€™:
[17.301s] [01m[K/home/yuritvr/PFC/new_arm_ws/src/ros2_RobotSimulation/ros2_actions/scripts/moveJ_action.cpp:95:41:[m[K [01;35m[Kwarning: [m[Kunused parameter â€˜[01m[Kuuid[m[Kâ€™ [[01;35m[K]8;;https://gcc.gnu.org/onlinedocs/gcc/Warning-Options.html#index-Wunused-parameter-Wunused-parameter]8;;[m[K]
[17.301s]    95 |         [01;35m[Kconst rclcpp_action::GoalUUID & uuid[m[K,
[17.302s]       |         [01;35m[K~~~~~~~~~~~~~~~~~~~~~~~~~~~~~~~~^~~~[m[K
[17.304s] [01m[K/home/yuritvr/PFC/new_arm_ws/src/ros2_RobotSimulation/ros2_actions/scripts/moveRs_action.cpp:309:53:[m[K [01;35m[Kwarning: [m[Kcomparison with string literal results in unspecified behavior [[01;35m[K]8;;https://gcc.gnu.org/onlinedocs/gcc/Warning-Options.html#index-Waddress-Waddress]8;;[m[K]
[17.304s]   309 |         } else if (LimitCheck == true && [01;35m[KInputJoint == "Valid"[m[K) {
[17.305s]       |                                          [01;35m[K~~~~~~~~~~~^~~~~~~~~~[m[K
[17.320s] [01m[K/home/yuritvr/PFC/new_arm_ws/src/ros2_RobotSimulation/ros2_actions/scripts/moveJ_action.cpp:[m[K In member function â€˜[01m[Kvoid ActionServer::execute(std::shared_ptr<rclcpp_action::ServerGoalHandle<ros2_data::action::MoveJ> >)[m[Kâ€™:
[17.320s] [01m[K/home/yuritvr/PFC/new_arm_ws/src/ros2_RobotSimulation/ros2_actions/scripts/moveJ_action.cpp:312:112:[m[K [01;35m[Kwarning: [m[Kâ€˜[01m[Kusing MoveItErrorCode = class moveit::core::MoveItErrorCode[m[Kâ€™ is deprecated: Use moveit::core::MoveItErrorCode [[01;35m[K]8;;https://gcc.gnu.org/onlinedocs/gcc/Warning-Options.html#index-Wdeprecated-declarations-Wdeprecated-declarations]8;;[m[K]
[17.320s]   312 | plan(my_plan) == moveit::planning_interface::MoveItErrorCode::[01;35m[KSUCCESS[m[K);
[17.320s]       |                                                               [01;35m[K^~~~~~~[m[K
[17.320s] 
[17.320s] In file included from [01m[K/home/yuritvr/PFC/new_arm_ws/src/ros2_RobotSimulation/ros2_actions/scripts/moveJ_action.cpp:43[m[K:
[17.320s] [01m[K/opt/ros/humble/include/moveit/move_group_interface/move_group_interface_improved.h:71:7:[m[K [01;36m[Knote: [m[Kdeclared here
[17.321s]    71 | using [01;36m[KMoveItErrorCode[m[K [[deprecated("Use moveit::core::MoveItErrorCode")]] = moveit::core::MoveItErrorCode;
[17.321s]       |       [01;36m[K^~~~~~~~~~~~~~~[m[K
[17.358s] [01m[K/home/yuritvr/PFC/new_arm_ws/src/ros2_RobotSimulation/ros2_actions/scripts/moveL_action.cpp:[m[K In member function â€˜[01m[Krclcpp_action::GoalResponse ActionServer::handle_goal(const GoalUUID&, std::shared_ptr<const ros2_data::action::MoveL_Goal_<std::allocator<void> > >)[m[Kâ€™:
[17.358s] [01m[K/home/yuritvr/PFC/new_arm_ws/src/ros2_RobotSimulation/ros2_actions/scripts/moveL_action.cpp:94:41:[m[K [01;35m[Kwarning: [m[Kunused parameter â€˜[01m[Kuuid[m[Kâ€™ [[01;35m[K]8;;https://gcc.gnu.org/onlinedocs/gcc/Warning-Options.html#index-Wunused-parameter-Wunused-parameter]8;;[m[K]
[17.358s]    94 |         [01;35m[Kconst rclcpp_action::GoalUUID & uuid[m[K,
[17.358s]       |         [01;35m[K~~~~~~~~~~~~~~~~~~~~~~~~~~~~~~~~^~~~[m[K
[17.374s] [01m[K/home/yuritvr/PFC/new_arm_ws/src/ros2_RobotSimulation/ros2_actions/scripts/moveL_action.cpp:[m[K In member function â€˜[01m[Kvoid ActionServer::execute(std::shared_ptr<rclcpp_action::ServerGoalHandle<ros2_data::action::MoveL> >)[m[Kâ€™:
[17.375s] [01m[K/home/yuritvr/PFC/new_arm_ws/src/ros2_RobotSimulation/ros2_actions/scripts/moveL_action.cpp:190:109:[m[K [01;35m[Kwarning: [m[Kâ€˜[01m[Kusing MoveItErrorCode = class moveit::core::MoveItErrorCode[m[Kâ€™ is deprecated: Use moveit::core::MoveItErrorCode [[01;35m[K]8;;https://gcc.gnu.org/onlinedocs/gcc/Warning-Options.html#index-Wdeprecated-declarations-Wdeprecated-declarations]8;;[m[K]
[17.375s]   190 |         bool success1 = (move_group_interface.plan(my_plan) == moveit::planning_interface::MoveItErrorCode::[01;35m[KSUCCESS[m[K);
[17.375s]       |                                                                                                             [01;35m[K^~~~~~~[m[K
[17.375s] In file included from [01m[K/home/yuritvr/PFC/new_arm_ws/src/ros2_RobotSimulation/ros2_actions/scripts/moveL_action.cpp:43[m[K:
[17.375s] [01m[K/opt/ros/humble/include/moveit/move_group_interface/move_group_interface_improved.h:71:7:[m[K [01;36m[Knote: [m[Kdeclared here
[17.375s]    71 | using [01;36m[KMoveItErrorCode[m[K [[deprecated("Use moveit::core::MoveItErrorCode")]] = moveit::core::MoveItErrorCode;
[17.375s]       |       [01;36m[K^~~~~~~~~~~~~~~[m[K
[17.375s] [01m[K/home/yuritvr/PFC/new_arm_ws/src/ros2_RobotSimulation/ros2_actions/scripts/moveL_action.cpp:206:119:[m[K [01;35m[Kwarning: [m[Kâ€˜[01m[Kusing MoveItErrorCode = class moveit::core::MoveItErrorCode[m[Kâ€™ is deprecated: Use moveit::core::MoveItErrorCode [[01;35m[K]8;;https://gcc.gnu.org/onlinedocs/gcc/Warning-Options.html#index-Wdeprecated-declarations-Wdeprecated-declarations]8;;[m[K]
[17.376s]   206 |             bool success2 = (move_group_interface.execute(trajectory) == moveit::planning_interface::MoveItErrorCode::[01;35m[KSUCCESS[m[K);
[17.376s]       |                                                                                                                       [01;35m[K^~~~~~~[m[K
[17.376s] In file included from [01m[K/home/yuritvr/PFC/new_arm_ws/src/ros2_RobotSimulation/ros2_actions/scripts/moveL_action.cpp:43[m[K:
[17.376s] [01m[K/opt/ros/humble/include/moveit/move_group_interface/move_group_interface_improved.h:71:7:[m[K [01;36m[Knote: [m[Kdeclared here
[17.376s]    71 | using [01;36m[KMoveItErrorCode[m[K [[deprecated("Use moveit::core::MoveItErrorCode")]] = moveit::core::MoveItErrorCode;
[17.376s]       |       [01;36m[K^~~~~~~~~~~~~~~[m[K
[17.379s] [01m[K/home/yuritvr/PFC/new_arm_ws/src/ros2_RobotSimulation/ros2_actions/scripts/moveL_action.cpp:204:20:[m[K [01;35m[Kwarning: [m[Kunused variable â€˜[01m[Kfraction[m[Kâ€™ [[01;35m[K]8;;https://gcc.gnu.org/onlinedocs/gcc/Warning-Options.html#index-Wunused-variable-Wunused-variable]8;;[m[K]
[17.379s]   204 |             double [01;35m[Kfraction[m[K = move_group_interface.computeCartesianPath(waypoints, eef_step, jump_threshold, trajectory);
[17.379s]       |                    [01;35m[K^~~~~~~~[m[K
[17.379s] [01m[K/home/yuritvr/PFC/new_arm_ws/src/ros2_RobotSimulation/ros2_actions/scripts/moveL_action.cpp:154:46:[m[K [01;35m[Kwarning: [m[Kunused variable â€˜[01m[Kjoint_model_group[m[Kâ€™ [[01;35m[K]8;;https://gcc.gnu.org/onlinedocs/gcc/Warning-Options.html#index-Wunused-variable-Wunused-variable]8;;[m[K]
[17.380s]   154 |         const moveit::core::JointModelGroup* [01;35m[Kjoint_model_group[m[K = move_group_interface.getCurrentState()->getJointModelGroup(my_param);
[17.380s]       |                                              [01;35m[K^~~~~~~~~~~~~~~~~[m[K
[17.387s] [01m[K/home/yuritvr/PFC/new_arm_ws/src/ros2_RobotSimulation/ros2_actions/scripts/moveR_action.cpp:[m[K In constructor â€˜[01m[Kros2_RobotTrigger::ros2_RobotTrigger()[m[Kâ€™:
[17.387s] [01m[K/home/yuritvr/PFC/new_arm_ws/src/ros2_RobotSimulation/ros2_actions/scripts/moveR_action.cpp:64:32:[m[K [01;31m[Kerror: [m[Kno matching function for call to â€˜[01m[Kros2_RobotTrigger::declare_parameter(const char [10])[m[Kâ€™
[17.387s]    64 |         [01;31m[Kthis->declare_parameter("ROB_PARAM")[m[K;
[17.387s]       |         [01;31m[K~~~~~~~~~~~~~~~~~~~~~~~^~~~~~~~~~~~~[m[K
[17.388s] In file included from [01m[K/opt/ros/humble/include/rclcpp/rclcpp/executors/single_threaded_executor.hpp:28[m[K,
[17.388s]                  from [01m[K/opt/ros/humble/include/rclcpp/rclcpp/executors.hpp:22[m[K,
[17.388s]                  from [01m[K/opt/ros/humble/include/rclcpp/rclcpp/rclcpp.hpp:155[m[K,
[17.388s]                  from [01m[K/home/yuritvr/PFC/new_arm_ws/src/ros2_RobotSimulation/ros2_actions/scripts/moveR_action.cpp:40[m[K:
[17.388s] [01m[K/opt/ros/humble/include/rclcpp/rclcpp/node.hpp:421:3:[m[K [01;36m[Knote: [m[Kcandidate: â€˜[01m[Ktemplate<class ParameterT> auto rclcpp::Node::declare_parameter(const string&, const ParameterT&, const ParameterDescriptor&, bool)[m[Kâ€™
[17.388s]   421 |   [01;36m[Kdeclare_parameter[m[K(
[17.388s]       |   [01;36m[K^~~~~~~~~~~~~~~~~[m[K
[17.388s] [01m[K/opt/ros/humble/include/rclcpp/rclcpp/node.hpp:421:3:[m[K [01;36m[Knote: [m[K  template argument deduction/substitution failed:
[17.389s] [01m[K/home/yuritvr/PFC/new_arm_ws/src/ros2_RobotSimulation/ros2_actions/scripts/moveR_action.cpp:64:32:[m[K [01;36m[Knote: [m[K  candidate expects 4 arguments, 1 provided
[17.389s]    64 |         [01;36m[Kthis->declare_parameter("ROB_PARAM")[m[K;
[17.389s]       |         [01;36m[K~~~~~~~~~~~~~~~~~~~~~~~^~~~~~~~~~~~~[m[K
[17.389s] In file included from [01m[K/opt/ros/humble/include/rclcpp/rclcpp/executors/single_threaded_executor.hpp:28[m[K,
[17.389s]                  from [01m[K/opt/ros/humble/include/rclcpp/rclcpp/executors.hpp:22[m[K,
[17.389s]                  from [01m[K/opt/ros/humble/include/rclcpp/rclcpp/rclcpp.hpp:155[m[K,
[17.389s]                  from [01m[K/home/yuritvr/PFC/new_arm_ws/src/ros2_RobotSimulation/ros2_actions/scripts/moveR_action.cpp:40[m[K:
[17.389s] [01m[K/opt/ros/humble/include/rclcpp/rclcpp/node.hpp:434:3:[m[K [01;36m[Knote: [m[Kcandidate: â€˜[01m[Ktemplate<class ParameterT> auto rclcpp::Node::declare_parameter(const string&, const ParameterDescriptor&, bool)[m[Kâ€™
[17.389s]   434 |   [01;36m[Kdeclare_parameter[m[K(
[17.390s]       |   [01;36m[K^~~~~~~~~~~~~~~~~[m[K
[17.390s] [01m[K/opt/ros/humble/include/rclcpp/rclcpp/node.hpp:434:3:[m[K [01;36m[Knote: [m[K  template argument deduction/substitution failed:
[17.390s] [01m[K/home/yuritvr/PFC/new_arm_ws/src/ros2_RobotSimulation/ros2_actions/scripts/moveR_action.cpp:64:32:[m[K [01;36m[Knote: [m[K  couldnâ€™t deduce template parameter â€˜[01m[KParameterT[m[Kâ€™
[17.390s]    64 |         [01;36m[Kthis->declare_parameter("ROB_PARAM")[m[K;
[17.390s]       |         [01;36m[K~~~~~~~~~~~~~~~~~~~~~~~^~~~~~~~~~~~~[m[K
[17.390s] In file included from [01m[K/opt/ros/humble/include/rclcpp/rclcpp/executors/single_threaded_executor.hpp:28[m[K,
[17.390s]                  from [01m[K/opt/ros/humble/include/rclcpp/rclcpp/executors.hpp:22[m[K,
[17.390s]                  from [01m[K/opt/ros/humble/include/rclcpp/rclcpp/rclcpp.hpp:155[m[K,
[17.390s]                  from [01m[K/home/yuritvr/PFC/new_arm_ws/src/ros2_RobotSimulation/ros2_actions/scripts/moveR_action.cpp:40[m[K:
[17.391s] [01m[K/opt/ros/humble/include/rclcpp/rclcpp/node.hpp:366:3:[m[K [01;36m[Knote: [m[Kcandidate: â€˜[01m[Kconst rclcpp::ParameterValue& rclcpp::Node::declare_parameter(const string&, const rclcpp::ParameterValue&, const ParameterDescriptor&, bool)[m[Kâ€™
[17.391s]   366 |   [01;36m[Kdeclare_parameter[m[K(
[17.391s]       |   [01;36m[K^~~~~~~~~~~~~~~~~[m[K
[17.391s] [01m[K/opt/ros/humble/include/rclcpp/rclcpp/node.hpp:366:3:[m[K [01;36m[Knote: [m[K  candidate expects 4 arguments, 1 provided
[17.391s] [01m[K/opt/ros/humble/include/rclcpp/rclcpp/node.hpp:391:3:[m[K [01;36m[Knote: [m[Kcandidate: â€˜[01m[Kconst rclcpp::ParameterValue& rclcpp::Node::declare_parameter(const string&, rclcpp::ParameterType, const ParameterDescriptor&, bool)[m[Kâ€™
[17.391s]   391 |   [01;36m[Kdeclare_parameter[m[K(
[17.391s]       |   [01;36m[K^~~~~~~~~~~~~~~~~[m[K
[17.391s] [01m[K/opt/ros/humble/include/rclcpp/rclcpp/node.hpp:391:3:[m[K [01;36m[Knote: [m[K  candidate expects 4 arguments, 1 provided
[17.474s] [01m[K/home/yuritvr/PFC/new_arm_ws/src/ros2_RobotSimulation/ros2_actions/scripts/moveR_action.cpp:[m[K In member function â€˜[01m[Krclcpp_action::GoalResponse ActionServer::handle_goal(const GoalUUID&, std::shared_ptr<const ros2_data::action::MoveR_Goal_<std::allocator<void> > >)[m[Kâ€™:
[17.474s] [01m[K/home/yuritvr/PFC/new_arm_ws/src/ros2_RobotSimulation/ros2_actions/scripts/moveR_action.cpp:95:41:[m[K [01;35m[Kwarning: [m[Kunused parameter â€˜[01m[Kuuid[m[Kâ€™ [[01;35m[K]8;;https://gcc.gnu.org/onlinedocs/gcc/Warning-Options.html#index-Wunused-parameter-Wunused-parameter]8;;[m[K]
[17.474s]    95 |         [01;35m[Kconst rclcpp_action::GoalUUID & uuid[m[K,
[17.474s]       |         [01;35m[K~~~~~~~~~~~~~~~~~~~~~~~~~~~~~~~~^~~~[m[K
[17.494s] [01m[K/home/yuritvr/PFC/new_arm_ws/src/ros2_RobotSimulation/ros2_actions/scripts/moveR_action.cpp:[m[K In member function â€˜[01m[Kvoid ActionServer::execute(std::shared_ptr<rclcpp_action::ServerGoalHandle<ros2_data::action::MoveR> >)[m[Kâ€™:
[17.494s] [01m[K/home/yuritvr/PFC/new_arm_ws/src/ros2_RobotSimulation/ros2_actions/scripts/moveR_action.cpp:337:112:[m[K [01;35m[Kwarning: [m[Kâ€˜[01m[Kusing MoveItErrorCode = class moveit::core::MoveItErrorCode[m[Kâ€™ is deprecated: Use moveit::core::MoveItErrorCode [[01;35m[K]8;;https://gcc.gnu.org/onlinedocs/gcc/Warning-Options.html#index-Wdeprecated-declarations-Wdeprecated-declarations]8;;[m[K]
[17.494s]   337 |             bool success = (move_group_interface.plan(my_plan) == moveit::planning_interface::MoveItErrorCode::[01;35m[KSUCCESS[m[K);
[17.494s]       |                                                                                                                [01;35m[K^~~~~~~[m[K
[17.494s] In file included from [01m[K/home/yuritvr/PFC/new_arm_ws/src/ros2_RobotSimulation/ros2_actions/scripts/moveR_action.cpp:43[m[K:
[17.495s] [01m[K/opt/ros/humble/include/moveit/move_group_interface/move_group_interface_improved.h:71:7:[m[K [01;36m[Knote: [m[Kdeclared here
[17.495s]    71 | using [01;36m[KMoveItErrorCode[m[K [[deprecated("Use moveit::core::MoveItErrorCode")]] = moveit::core::MoveItErrorCode;
[17.495s]       |       [01;36m[K^~~~~~~~~~~~~~~[m[K
[17.499s] [01m[K/home/yuritvr/PFC/new_arm_ws/src/ros2_RobotSimulation/ros2_actions/scripts/moveR_action.cpp:362:53:[m[K [01;35m[Kwarning: [m[Kcomparison with string literal results in unspecified behavior [[01;35m[K]8;;https://gcc.gnu.org/onlinedocs/gcc/Warning-Options.html#index-Waddress-Waddress]8;;[m[K]
[17.499s]   362 |         } else if (LimitCheck == true && [01;35m[KInputJoint == "Valid"[m[K) {
[17.499s]       |                                          [01;35m[K~~~~~~~~~~~^~~~~~~~~~[m[K
[22.348s] gmake[2]: *** [CMakeFiles/moveXYZW_action.dir/build.make:76: CMakeFiles/moveXYZW_action.dir/scripts/moveXYZW_action.cpp.o] Error 1
[22.348s] gmake[1]: *** [CMakeFiles/Makefile2:235: CMakeFiles/moveXYZW_action.dir/all] Error 2
[22.349s] gmake[1]: *** Waiting for unfinished jobs....
[22.371s] gmake[2]: *** [CMakeFiles/moveG_action.dir/build.make:76: CMakeFiles/moveG_action.dir/scripts/moveG_action.cpp.o] Error 1
[22.371s] gmake[1]: *** [CMakeFiles/Makefile2:209: CMakeFiles/moveG_action.dir/all] Error 2
[22.413s] gmake[2]: *** [CMakeFiles/moveXYZ_action.dir/build.make:76: CMakeFiles/moveXYZ_action.dir/scripts/moveXYZ_action.cpp.o] Error 1
[22.413s] gmake[1]: *** [CMakeFiles/Makefile2:339: CMakeFiles/moveXYZ_action.dir/all] Error 2
[22.420s] gmake[2]: *** [CMakeFiles/moveRs_action.dir/build.make:76: CMakeFiles/moveRs_action.dir/scripts/moveRs_action.cpp.o] Error 1
[22.420s] gmake[1]: *** [CMakeFiles/Makefile2:313: CMakeFiles/moveRs_action.dir/all] Error 2
[22.427s] gmake[2]: *** [CMakeFiles/moveJs_action.dir/build.make:76: CMakeFiles/moveJs_action.dir/scripts/moveJs_action.cpp.o] Error 1
[22.427s] gmake[1]: *** [CMakeFiles/Makefile2:183: CMakeFiles/moveJs_action.dir/all] Error 2
[22.434s] gmake[2]: *** [CMakeFiles/moveJ_action.dir/build.make:76: CMakeFiles/moveJ_action.dir/scripts/moveJ_action.cpp.o] Error 1
[22.434s] gmake[1]: *** [CMakeFiles/Makefile2:157: CMakeFiles/moveJ_action.dir/all] Error 2
[22.539s] gmake[2]: *** [CMakeFiles/moveL_action.dir/build.make:76: CMakeFiles/moveL_action.dir/scripts/moveL_action.cpp.o] Error 1
[22.539s] gmake[1]: *** [CMakeFiles/Makefile2:261: CMakeFiles/moveL_action.dir/all] Error 2
[22.570s] gmake[2]: *** [CMakeFiles/moveR_action.dir/build.make:76: CMakeFiles/moveR_action.dir/scripts/moveR_action.cpp.o] Error 1
[22.570s] gmake[1]: *** [CMakeFiles/Makefile2:287: CMakeFiles/moveR_action.dir/all] Error 2
[22.570s] gmake: *** [Makefile:146: all] Error 2
[22.573s] Invoked command in '/home/yuritvr/PFC/new_arm_ws/build/ros2_actions' returned '2': CMAKE_PREFIX_PATH=/home/yuritvr/PFC/new_arm_ws/install/ros2_data:/home/yuritvr/PFC/new_arm_ws/install/ur5_ros2_moveit2:/home/yuritvr/PFC/new_arm_ws/install/ur5_ros2_gazebo:/home/yuritvr/PFC/new_arm_ws/install/ur3_ros2_moveit2:/home/yuritvr/PFC/new_arm_ws/install/ur3_ros2_gazebo:/home/yuritvr/PFC/new_arm_ws/install/ur10_ros2_moveit2:/home/yuritvr/PFC/new_arm_ws/install/ur10_ros2_gazebo:/home/yuritvr/PFC/new_arm_ws/install/ros2_grasping:/home/yuritvr/PFC/new_arm_ws/install/ros2_execution:/home/yuritvr/PFC/new_arm_ws/install/panda_ros2_moveit2:/home/yuritvr/PFC/new_arm_ws/install/irb6640_ros2_moveit2:/home/yuritvr/PFC/new_arm_ws/install/irb120_ros2_moveit2:/home/yuritvr/PFC/new_arm_ws/install/irb1200_ros2_moveit2:/home/yuritvr/PFC/new_arm_ws/install/iiwa_ros2_moveit2:/home/yuritvr/PFC/new_arm_ws/install/cr35ia_ros2_moveit2:/home/yuritvr/PFC/new_arm_ws/install/panda_ros2_gazebo:/home/yuritvr/PFC/new_arm_ws/install/irb6640_ros2_gazebo:/home/yuritvr/PFC/new_arm_ws/install/irb120_ros2_gazebo:/home/yuritvr/PFC/new_arm_ws/install/irb1200_ros2_gazebo:/home/yuritvr/PFC/new_arm_ws/install/iiwa_ros2_gazebo:/home/yuritvr/PFC/new_arm_ws/install/cr35ia_ros2_gazebo:/opt/ros/humble LD_LIBRARY_PATH=/home/yuritvr/PFC/new_arm_ws/install/ros2_data/lib:/home/yuritvr/PFC/new_arm_ws/install/ros2_grasping/lib:/usr/lib/x86_64-linux-gnu/gazebo-11/plugins:/opt/ros/humble/opt/rviz_ogre_vendor/lib:/opt/ros/humble/lib/x86_64-linux-gnu:/opt/ros/humble/lib:/usr/lib/x86_64-linux-gnu/gazebo-11/plugins /usr/bin/cmake --build /home/yuritvr/PFC/new_arm_ws/build/ros2_actions -- -j8 -l8
