[0.115s] Invoking command in '/home/yuritvr/PFC/wenis_ws/build/ros2_data': CMAKE_PREFIX_PATH=${CMAKE_PREFIX_PATH}:/home/yuritvr/PFC/wenis_ws/install/robotiq_85_driver:/home/yuritvr/PFC/pfc_ws/install/robotiq_85_driver:/opt/ros/humble /usr/bin/cmake /home/yuritvr/PFC/wenis_ws/src/ros2_data -DCMAKE_INSTALL_PREFIX=/home/yuritvr/PFC/wenis_ws/install/ros2_data
[0.185s] -- Found ament_cmake: 1.3.9 (/opt/ros/humble/share/ament_cmake/cmake)
[0.536s] -- Override CMake install command with custom implementation using symlinks instead of copying resources
[0.551s] -- Found rosidl_default_generators: 1.2.0 (/opt/ros/humble/share/rosidl_default_generators/cmake)
[0.572s] -- Using all available rosidl_typesupport_c: rosidl_typesupport_fastrtps_c;rosidl_typesupport_introspection_c
[0.578s] -- Found rosidl_adapter: 3.1.5 (/opt/ros/humble/share/rosidl_adapter/cmake)
[0.650s] -- Using all available rosidl_typesupport_cpp: rosidl_typesupport_fastrtps_cpp;rosidl_typesupport_introspection_cpp
[1.810s] -- Found ament_cmake_ros: 0.10.0 (/opt/ros/humble/share/ament_cmake_ros/cmake)
[2.232s] -- Using all available rosidl_typesupport_c: rosidl_typesupport_fastrtps_c;rosidl_typesupport_introspection_c
[2.747s] -- Using all available rosidl_typesupport_cpp: rosidl_typesupport_fastrtps_cpp;rosidl_typesupport_introspection_cpp
[2.793s] -- Found python_cmake_module: 0.10.0 (/opt/ros/humble/share/python_cmake_module/cmake)
[2.840s] -- Using PYTHON_EXECUTABLE: /usr/bin/python3
[2.841s] -- Using PYTHON_INCLUDE_DIRS: /usr/include/python3.10
[2.841s] -- Using PYTHON_LIBRARIES: /usr/lib/x86_64-linux-gnu/libpython3.10.so
[2.969s] -- Found ament_lint_auto: 0.12.11 (/opt/ros/humble/share/ament_lint_auto/cmake)
[3.005s] -- Added test 'copyright' to check source files copyright and LICENSE
[3.010s] -- Added test 'lint_cmake' to check CMake code style
[3.012s] -- Added test 'xmllint' to check XML markup files
[3.018s] -- Configuring done
[3.121s] -- Generating done
[3.126s] -- Build files have been written to: /home/yuritvr/PFC/wenis_ws/build/ros2_data
[3.147s] Invoked command in '/home/yuritvr/PFC/wenis_ws/build/ros2_data' returned '0': CMAKE_PREFIX_PATH=${CMAKE_PREFIX_PATH}:/home/yuritvr/PFC/wenis_ws/install/robotiq_85_driver:/home/yuritvr/PFC/pfc_ws/install/robotiq_85_driver:/opt/ros/humble /usr/bin/cmake /home/yuritvr/PFC/wenis_ws/src/ros2_data -DCMAKE_INSTALL_PREFIX=/home/yuritvr/PFC/wenis_ws/install/ros2_data
[3.148s] Invoking command in '/home/yuritvr/PFC/wenis_ws/build/ros2_data': CMAKE_PREFIX_PATH=${CMAKE_PREFIX_PATH}:/home/yuritvr/PFC/wenis_ws/install/robotiq_85_driver:/home/yuritvr/PFC/pfc_ws/install/robotiq_85_driver:/opt/ros/humble /usr/bin/cmake --build /home/yuritvr/PFC/wenis_ws/build/ros2_data -- -j8 -l8
[3.287s] [35m[1mConsolidate compiler generated dependencies of target ros2_data__rosidl_generator_c[0m
[3.299s] failed to create symbolic link '/home/yuritvr/PFC/wenis_ws/build/ros2_data/ament_cmake_python/ros2_data/ros2_data' because existing path cannot be removed: Is a directory
[3.301s] gmake[2]: *** [CMakeFiles/ament_cmake_python_symlink_ros2_data.dir/build.make:70: CMakeFiles/ament_cmake_python_symlink_ros2_data] Error 1
[3.303s] gmake[1]: *** [CMakeFiles/Makefile2:421: CMakeFiles/ament_cmake_python_symlink_ros2_data.dir/all] Error 2
[3.303s] gmake[1]: *** Waiting for unfinished jobs....
[3.325s] [  0%] Built target ros2_data__cpp
[3.326s] [ 12%] Built target ros2_data__rosidl_generator_c
[3.329s] gmake: *** [Makefile:146: all] Error 2
[3.339s] Invoked command in '/home/yuritvr/PFC/wenis_ws/build/ros2_data' returned '2': CMAKE_PREFIX_PATH=${CMAKE_PREFIX_PATH}:/home/yuritvr/PFC/wenis_ws/install/robotiq_85_driver:/home/yuritvr/PFC/pfc_ws/install/robotiq_85_driver:/opt/ros/humble /usr/bin/cmake --build /home/yuritvr/PFC/wenis_ws/build/ros2_data -- -j8 -l8
