[0.109s] Invoking command in '/home/yuritvr/PFC/wenis_ws/build/robotiq_85_msgs': CMAKE_PREFIX_PATH=${CMAKE_PREFIX_PATH}:/home/yuritvr/PFC/wenis_ws/install/robotiq_85_driver:/home/yuritvr/PFC/pfc_ws/install/robotiq_85_driver:/opt/ros/humble /usr/bin/cmake /home/yuritvr/PFC/wenis_ws/src/ros2_manipulator/robotiq_85_gripper/robotiq_85_msgs -DCMAKE_INSTALL_PREFIX=/home/yuritvr/PFC/wenis_ws/install/robotiq_85_msgs
[0.179s] -- Found ament_cmake: 1.3.9 (/opt/ros/humble/share/ament_cmake/cmake)
[0.498s] -- Override CMake install command with custom implementation using symlinks instead of copying resources
[0.511s] -- Found builtin_interfaces: 1.2.1 (/opt/ros/humble/share/builtin_interfaces/cmake)
[0.562s] -- Found rosidl_generator_c: 3.1.5 (/opt/ros/humble/share/rosidl_generator_c/cmake)
[0.567s] -- Found rosidl_adapter: 3.1.5 (/opt/ros/humble/share/rosidl_adapter/cmake)
[0.577s] -- Found rosidl_generator_cpp: 3.1.5 (/opt/ros/humble/share/rosidl_generator_cpp/cmake)
[0.604s] -- Using all available rosidl_typesupport_c: rosidl_typesupport_fastrtps_c;rosidl_typesupport_introspection_c
[0.642s] -- Using all available rosidl_typesupport_cpp: rosidl_typesupport_fastrtps_cpp;rosidl_typesupport_introspection_cpp
[0.675s] -- Found rosidl_default_generators: 1.2.0 (/opt/ros/humble/share/rosidl_default_generators/cmake)
[0.699s] -- Found std_msgs: 4.2.4 (/opt/ros/humble/share/std_msgs/cmake)
[1.351s] -- Found ament_cmake_ros: 0.10.0 (/opt/ros/humble/share/ament_cmake_ros/cmake)
[2.088s] -- Using all available rosidl_typesupport_c: rosidl_typesupport_fastrtps_c;rosidl_typesupport_introspection_c
[2.404s] -- Using all available rosidl_typesupport_cpp: rosidl_typesupport_fastrtps_cpp;rosidl_typesupport_introspection_cpp
[2.454s] -- Found python_cmake_module: 0.10.0 (/opt/ros/humble/share/python_cmake_module/cmake)
[2.501s] -- Using PYTHON_EXECUTABLE: /usr/bin/python3
[2.501s] -- Using PYTHON_INCLUDE_DIRS: /usr/include/python3.10
[2.502s] -- Using PYTHON_LIBRARIES: /usr/lib/x86_64-linux-gnu/libpython3.10.so
[2.647s] -- Configuring done
[2.719s] -- Generating done
[2.725s] -- Build files have been written to: /home/yuritvr/PFC/wenis_ws/build/robotiq_85_msgs
[2.745s] Invoked command in '/home/yuritvr/PFC/wenis_ws/build/robotiq_85_msgs' returned '0': CMAKE_PREFIX_PATH=${CMAKE_PREFIX_PATH}:/home/yuritvr/PFC/wenis_ws/install/robotiq_85_driver:/home/yuritvr/PFC/pfc_ws/install/robotiq_85_driver:/opt/ros/humble /usr/bin/cmake /home/yuritvr/PFC/wenis_ws/src/ros2_manipulator/robotiq_85_gripper/robotiq_85_msgs -DCMAKE_INSTALL_PREFIX=/home/yuritvr/PFC/wenis_ws/install/robotiq_85_msgs
[2.746s] Invoking command in '/home/yuritvr/PFC/wenis_ws/build/robotiq_85_msgs': CMAKE_PREFIX_PATH=${CMAKE_PREFIX_PATH}:/home/yuritvr/PFC/wenis_ws/install/robotiq_85_driver:/home/yuritvr/PFC/pfc_ws/install/robotiq_85_driver:/opt/ros/humble /usr/bin/cmake --build /home/yuritvr/PFC/wenis_ws/build/robotiq_85_msgs -- -j8 -l8
[3.131s] [  2%] Built target robotiq_85_msgs__cpp
[3.131s] [35m[1mConsolidate compiler generated dependencies of target robotiq_85_msgs__rosidl_generator_c[0m
[3.131s] [35m[1mConsolidate compiler generated dependencies of target robotiq_85_msgs__rosidl_typesupport_introspection_cpp[0m
[3.131s] [35m[1mConsolidate compiler generated dependencies of target robotiq_85_msgs__rosidl_typesupport_cpp[0m
[3.132s] [ 12%] Built target robotiq_85_msgs__rosidl_typesupport_introspection_cpp
[3.132s] [ 23%] Built target robotiq_85_msgs__rosidl_generator_c
[3.132s] [ 33%] Built target robotiq_85_msgs__rosidl_typesupport_cpp
[3.132s] failed to create symbolic link '/home/yuritvr/PFC/wenis_ws/build/robotiq_85_msgs/ament_cmake_python/robotiq_85_msgs/robotiq_85_msgs' because existing path cannot be removed: Is a directory
[3.132s] gmake[2]: *** [CMakeFiles/ament_cmake_python_symlink_robotiq_85_msgs.dir/build.make:70: CMakeFiles/ament_cmake_python_symlink_robotiq_85_msgs] Error 1
[3.132s] gmake[1]: *** [CMakeFiles/Makefile2:421: CMakeFiles/ament_cmake_python_symlink_robotiq_85_msgs.dir/all] Error 2
[3.132s] gmake[1]: *** Waiting for unfinished jobs....
[3.132s] gmake: *** [Makefile:146: all] Error 2
[3.146s] Invoked command in '/home/yuritvr/PFC/wenis_ws/build/robotiq_85_msgs' returned '2': CMAKE_PREFIX_PATH=${CMAKE_PREFIX_PATH}:/home/yuritvr/PFC/wenis_ws/install/robotiq_85_driver:/home/yuritvr/PFC/pfc_ws/install/robotiq_85_driver:/opt/ros/humble /usr/bin/cmake --build /home/yuritvr/PFC/wenis_ws/build/robotiq_85_msgs -- -j8 -l8
