[0.025s] Invoking command in '/home/yuritvr/PFC/wenis_ws/build/moveit2_scripts': CMAKE_PREFIX_PATH=${CMAKE_PREFIX_PATH}:/opt/ros/humble /usr/bin/cmake /home/yuritvr/PFC/wenis_ws/src/ros2_manipulator/moveit2_scripts -DCMAKE_INSTALL_PREFIX=/home/yuritvr/PFC/wenis_ws/install/moveit2_scripts
[0.103s] -- The C compiler identification is GNU 11.4.0
[0.207s] -- The CXX compiler identification is GNU 11.4.0
[0.228s] -- Detecting C compiler ABI info
[0.339s] -- Detecting C compiler ABI info - done
[0.356s] -- Check for working C compiler: /usr/bin/cc - skipped
[0.356s] -- Detecting C compile features
[0.357s] -- Detecting C compile features - done
[0.362s] -- Detecting CXX compiler ABI info
[0.550s] -- Detecting CXX compiler ABI info - done
[0.567s] -- Check for working CXX compiler: /usr/bin/c++ - skipped
[0.568s] -- Detecting CXX compile features
[0.569s] -- Detecting CXX compile features - done
[0.573s] -- Found ament_cmake: 1.3.8 (/opt/ros/humble/share/ament_cmake/cmake)
[0.866s] -- Found Python3: /usr/bin/python3 (found version "3.10.12") found components: Interpreter 
[1.084s] -- Found rclcpp: 16.0.8 (/opt/ros/humble/share/rclcpp/cmake)
[1.164s] -- Found rosidl_generator_c: 3.1.5 (/opt/ros/humble/share/rosidl_generator_c/cmake)
[1.173s] -- Found rosidl_adapter: 3.1.5 (/opt/ros/humble/share/rosidl_adapter/cmake)
[1.188s] -- Found rosidl_generator_cpp: 3.1.5 (/opt/ros/humble/share/rosidl_generator_cpp/cmake)
[1.225s] -- Using all available rosidl_typesupport_c: rosidl_typesupport_fastrtps_c;rosidl_typesupport_introspection_c
[1.279s] -- Using all available rosidl_typesupport_cpp: rosidl_typesupport_fastrtps_cpp;rosidl_typesupport_introspection_cpp
[1.385s] -- Found rmw_implementation_cmake: 6.1.1 (/opt/ros/humble/share/rmw_implementation_cmake/cmake)
[1.390s] -- Found rmw_fastrtps_cpp: 6.2.6 (/opt/ros/humble/share/rmw_fastrtps_cpp/cmake)
[1.540s] -- Found OpenSSL: /usr/lib/x86_64-linux-gnu/libcrypto.so (found version "3.0.2")  
[1.584s] -- Found FastRTPS: /opt/ros/humble/include  
[1.662s] -- Using RMW implementation 'rmw_fastrtps_cpp' as default
[1.680s] -- Looking for pthread.h
[1.774s] -- Looking for pthread.h - found
[1.775s] -- Performing Test CMAKE_HAVE_LIBC_PTHREAD
[1.916s] -- Performing Test CMAKE_HAVE_LIBC_PTHREAD - Success
[1.917s] -- Found Threads: TRUE  
[2.165s] -- Found rclcpp_action: 16.0.8 (/opt/ros/humble/share/rclcpp_action/cmake)
[2.268s] -- Found moveit_core: 2.5.5 (/opt/ros/humble/share/moveit_core/cmake)
[2.321s] -- Found Boost: /usr/lib/x86_64-linux-gnu/cmake/Boost-1.74.0/BoostConfig.cmake (found version "1.74.0") found components: chrono date_time filesystem iostreams program_options regex serialization system thread 
[2.342s] -- Found parameter_traits: 0.3.8 (/opt/ros/humble/share/parameter_traits/cmake)
[2.381s] -- Found rclcpp_lifecycle: 16.0.8 (/opt/ros/humble/share/rclcpp_lifecycle/cmake)
[2.472s] -- Found Boost: /usr/lib/x86_64-linux-gnu/cmake/Boost-1.74.0/BoostConfig.cmake (found version "1.74.0") found components: filesystem 
[2.677s] -- library: /usr/lib/x86_64-linux-gnu/libcurl.so
[3.230s] -- Found Eigen3: TRUE (found version "3.4.0") 
[3.230s] -- Ensuring Eigen3 include directory is part of orocos-kdl CMake target
[4.951s] -- Found moveit_ros_planning: 2.5.5 (/opt/ros/humble/share/moveit_ros_planning/cmake)
[4.962s] -- Found Boost: /usr/lib/x86_64-linux-gnu/cmake/Boost-1.74.0/BoostConfig.cmake (found version "1.74.0") found components: system filesystem date_time program_options thread chrono 
[5.982s] -- Found moveit_ros_planning_interface: 2.5.5 (/opt/ros/humble/share/moveit_ros_planning_interface/cmake)
[5.993s] -- Found Boost: /usr/lib/x86_64-linux-gnu/cmake/Boost-1.74.0/BoostConfig.cmake (found version "1.74.0") found components: date_time filesystem program_options system thread 
[6.301s] -- Found Boost: /usr/lib/x86_64-linux-gnu/cmake/Boost-1.74.0/BoostConfig.cmake (found version "1.74.0") found components: thread system filesystem regex date_time program_options 
[6.558s] -- Found Boost: /usr/lib/x86_64-linux-gnu/cmake/Boost-1.74.0/BoostConfig.cmake (found version "1.74.0") found components: system filesystem date_time program_options thread 
[7.017s] -- Found interactive_markers: 2.3.2 (/opt/ros/humble/share/interactive_markers/cmake)
[7.030s] -- Found control_msgs: 4.4.0 (/opt/ros/humble/share/control_msgs/cmake)
[7.283s] -- Found ament_lint_auto: 0.12.10 (/opt/ros/humble/share/ament_lint_auto/cmake)
[7.397s] -- Added test 'cppcheck' to perform static code analysis on C / C++ code
[7.398s] -- Configured cppcheck include dirs: /home/yuritvr/PFC/wenis_ws/src/ros2_manipulator/moveit2_scripts/include
[7.398s] -- Configured cppcheck exclude dirs and/or files: 
[7.398s] -- Added test 'flake8' to check Python code syntax and style conventions
[7.399s] -- Added test 'lint_cmake' to check CMake code style
[7.400s] -- Added test 'pep257' to check Python code against some of the docstring style conventions in PEP 257
[7.401s] -- Added test 'uncrustify' to check C / C++ code style
[7.401s] -- Configured uncrustify additional arguments: 
[7.402s] -- Added test 'xmllint' to check XML markup files
[7.403s] -- Configuring done
[7.475s] -- Generating done
[7.478s] -- Build files have been written to: /home/yuritvr/PFC/wenis_ws/build/moveit2_scripts
[7.493s] Invoked command in '/home/yuritvr/PFC/wenis_ws/build/moveit2_scripts' returned '0': CMAKE_PREFIX_PATH=${CMAKE_PREFIX_PATH}:/opt/ros/humble /usr/bin/cmake /home/yuritvr/PFC/wenis_ws/src/ros2_manipulator/moveit2_scripts -DCMAKE_INSTALL_PREFIX=/home/yuritvr/PFC/wenis_ws/install/moveit2_scripts
[7.496s] Invoking command in '/home/yuritvr/PFC/wenis_ws/build/moveit2_scripts': CMAKE_PREFIX_PATH=${CMAKE_PREFIX_PATH}:/opt/ros/humble /usr/bin/cmake --build /home/yuritvr/PFC/wenis_ws/build/moveit2_scripts -- -j8 -l8
[7.576s] [ 25%] [32mBuilding CXX object CMakeFiles/test_trajectory.dir/src/test_trajectory.cpp.o[0m
[7.578s] [ 25%] [32mBuilding CXX object CMakeFiles/test_gripper.dir/src/test_gripper.cpp.o[0m
[7.578s] [ 37%] [32mBuilding CXX object CMakeFiles/test_end_effector_trajectory.dir/src/test_end_effector_trajectory.cpp.o[0m
[7.579s] [ 50%] [32mBuilding CXX object CMakeFiles/two_postions.dir/src/two_positons.cpp.o[0m
[10.656s] gmake[2]: *** [CMakeFiles/test_end_effector_trajectory.dir/build.make:76: CMakeFiles/test_end_effector_trajectory.dir/src/test_end_effector_trajectory.cpp.o] Interrupt
[10.662s] gmake[2]: *** wait: No child processes.  Stop.
[10.663s] gmake[2]: *** Waiting for unfinished jobs....
[10.663s] gmake[2]: *** [CMakeFiles/two_postions.dir/build.make:76: CMakeFiles/two_postions.dir/src/two_positons.cpp.o] Interrupt
[10.663s] gmake[1]: *** [CMakeFiles/Makefile2:195: CMakeFiles/two_postions.dir/all] Interrupt
[10.663s] gmake[2]: *** [CMakeFiles/test_gripper.dir/build.make:76: CMakeFiles/test_gripper.dir/src/test_gripper.cpp.o] Interrupt
[10.663s] gmake[1]: *** [CMakeFiles/Makefile2:221: CMakeFiles/test_gripper.dir/all] Interrupt
[10.664s] gmake[2]: *** wait: No child processes.  Stop.
[10.664s] gmake[1]: *** [CMakeFiles/Makefile2:143: CMakeFiles/test_trajectory.dir/all] Error 2
[10.664s] gmake[1]: *** wait: No child processes.  Stop.
[10.664s] gmake[1]: *** Waiting for unfinished jobs....
[10.664s] gmake[1]: *** wait: No child processes.  Stop.
[10.664s] gmake: *** [Makefile:146: all] Error 2
[10.693s] Invoked command in '/home/yuritvr/PFC/wenis_ws/build/moveit2_scripts' returned '-2': CMAKE_PREFIX_PATH=${CMAKE_PREFIX_PATH}:/opt/ros/humble /usr/bin/cmake --build /home/yuritvr/PFC/wenis_ws/build/moveit2_scripts -- -j8 -l8
