-- The C compiler identification is GNU 11.4.0
-- The CXX compiler identification is GNU 11.4.0
-- Detecting C compiler ABI info
-- Detecting C compiler ABI info - done
-- Check for working C compiler: /usr/bin/cc - skipped
-- Detecting C compile features
-- Detecting C compile features - done
-- Detecting CXX compiler ABI info
-- Detecting CXX compiler ABI info - done
-- Check for working CXX compiler: /usr/bin/c++ - skipped
-- Detecting CXX compile features
-- Detecting CXX compile features - done
-- Found ament_cmake: 1.3.9 (/opt/ros/humble/share/ament_cmake/cmake)
-- Found Python3: /usr/bin/python3 (found version "3.10.12") found components: Interpreter 
-- Found ament_lint_auto: 0.12.11 (/opt/ros/humble/share/ament_lint_auto/cmake)
-- Found moveit_ros_planning_interface: 2.5.5 (/opt/ros/humble/share/moveit_ros_planning_interface/cmake)
-- Found Boost: /usr/lib/x86_64-linux-gnu/cmake/Boost-1.74.0/BoostConfig.cmake (found version "1.74.0") found components: date_time filesystem program_options system thread 
-- Found rosidl_generator_c: 3.1.5 (/opt/ros/humble/share/rosidl_generator_c/cmake)
-- Found rosidl_adapter: 3.1.5 (/opt/ros/humble/share/rosidl_adapter/cmake)
-- Found rosidl_generator_cpp: 3.1.5 (/opt/ros/humble/share/rosidl_generator_cpp/cmake)
-- Using all available rosidl_typesupport_c: rosidl_typesupport_fastrtps_c;rosidl_typesupport_introspection_c
-- Using all available rosidl_typesupport_cpp: rosidl_typesupport_fastrtps_cpp;rosidl_typesupport_introspection_cpp
-- Found Boost: /usr/lib/x86_64-linux-gnu/cmake/Boost-1.74.0/BoostConfig.cmake (found version "1.74.0") found components: chrono date_time filesystem iostreams program_options regex serialization system thread 
-- Found parameter_traits: 0.3.8 (/opt/ros/humble/share/parameter_traits/cmake)
-- Found rmw_implementation_cmake: 6.1.2 (/opt/ros/humble/share/rmw_implementation_cmake/cmake)
-- Found rmw_fastrtps_cpp: 6.2.6 (/opt/ros/humble/share/rmw_fastrtps_cpp/cmake)
-- Found OpenSSL: /usr/lib/x86_64-linux-gnu/libcrypto.so (found version "3.0.2")  
-- Found FastRTPS: /opt/ros/humble/include  
-- Using RMW implementation 'rmw_fastrtps_cpp' as default
-- Found Threads: TRUE  
-- Found rclcpp_lifecycle: 16.0.9 (/opt/ros/humble/share/rclcpp_lifecycle/cmake)
-- Found Boost: /usr/lib/x86_64-linux-gnu/cmake/Boost-1.74.0/BoostConfig.cmake (found version "1.74.0") found components: filesystem 
-- library: /usr/lib/x86_64-linux-gnu/libcurl.so
-- Found Eigen3: TRUE (found version "3.4.0") 
-- Ensuring Eigen3 include directory is part of orocos-kdl CMake target
-- Found Boost: /usr/lib/x86_64-linux-gnu/cmake/Boost-1.74.0/BoostConfig.cmake (found version "1.74.0") found components: system filesystem date_time program_options thread chrono 
-- Found Boost: /usr/lib/x86_64-linux-gnu/cmake/Boost-1.74.0/BoostConfig.cmake (found version "1.74.0") found components: thread system filesystem regex date_time program_options 
-- Found Boost: /usr/lib/x86_64-linux-gnu/cmake/Boost-1.74.0/BoostConfig.cmake (found version "1.74.0") found components: system filesystem date_time program_options thread 
-- Found ros2_data: 0.0.0 (/home/yuritvr/PFC/wenis_ws/install/ros2_data/share/ros2_data/cmake)
-- Added test 'copyright' to check source files copyright and LICENSE
-- Added test 'cppcheck' to perform static code analysis on C / C++ code
-- Configured cppcheck include dirs: 
-- Configured cppcheck exclude dirs and/or files: 
-- Added test 'cpplint' to check C / C++ code against the Google style
-- Configured cpplint exclude dirs and/or files: 
-- Added test 'lint_cmake' to check CMake code style
-- Added test 'uncrustify' to check C / C++ code style
-- Configured uncrustify additional arguments: 
-- Added test 'xmllint' to check XML markup files
-- Configuring done
-- Generating done
-- Build files have been written to: /home/yuritvr/PFC/wenis_ws/build/ros2_actions
[  4%] [32mBuilding CXX object CMakeFiles/moveJs_action.dir/scripts/moveJs_action.cpp.o[0m
[  9%] [32mBuilding CXX object CMakeFiles/moveRs_action.dir/scripts/moveRs_action.cpp.o[0m
[ 13%] [32mBuilding CXX object CMakeFiles/moveG_action.dir/scripts/moveG_action.cpp.o[0m
[ 22%] [32mBuilding CXX object CMakeFiles/moveL_action.dir/scripts/moveL_action.cpp.o[0m
[ 22%] [32mBuilding CXX object CMakeFiles/moveR_action.dir/scripts/moveR_action.cpp.o[0m
[ 27%] [32mBuilding CXX object CMakeFiles/moveXYZW_action.dir/scripts/moveXYZW_action.cpp.o[0m
[ 31%] [32mBuilding CXX object CMakeFiles/moveJ_action.dir/scripts/moveJ_action.cpp.o[0m
[ 36%] [32mBuilding CXX object CMakeFiles/moveXYZ_action.dir/scripts/moveXYZ_action.cpp.o[0m
[01m[K/home/yuritvr/PFC/wenis_ws/src/ros2_actions/scripts/moveRs_action.cpp:43:10:[m[K [01;31m[Kfatal error: [m[Kmoveit/move_group_interface/move_group_interface_improved.h: No such file or directory
   43 | #include [01;31m[K<moveit/move_group_interface/move_group_interface_improved.h>[m[K
      |          [01;31m[K^~~~~~~~~~~~~~~~~~~~~~~~~~~~~~~~~~~~~~~~~~~~~~~~~~~~~~~~~~~~~[m[K
compilation terminated.
gmake[2]: *** [CMakeFiles/moveRs_action.dir/build.make:76: CMakeFiles/moveRs_action.dir/scripts/moveRs_action.cpp.o] Error 1
gmake[1]: *** [CMakeFiles/Makefile2:313: CMakeFiles/moveRs_action.dir/all] Error 2
gmake[1]: *** Waiting for unfinished jobs....
[01m[K/home/yuritvr/PFC/wenis_ws/src/ros2_actions/scripts/moveR_action.cpp:43:10:[m[K [01;31m[Kfatal error: [m[Kmoveit/move_group_interface/move_group_interface_improved.h: No such file or directory
   43 | #include [01;31m[K<moveit/move_group_interface/move_group_interface_improved.h>[m[K
      |          [01;31m[K^~~~~~~~~~~~~~~~~~~~~~~~~~~~~~~~~~~~~~~~~~~~~~~~~~~~~~~~~~~~~[m[K
compilation terminated.
gmake[2]: *** [CMakeFiles/moveR_action.dir/build.make:76: CMakeFiles/moveR_action.dir/scripts/moveR_action.cpp.o] Error 1
gmake[1]: *** [CMakeFiles/Makefile2:287: CMakeFiles/moveR_action.dir/all] Error 2
[01m[K/home/yuritvr/PFC/wenis_ws/src/ros2_actions/scripts/moveXYZW_action.cpp:43:10:[m[K [01;31m[Kfatal error: [m[Kmoveit/move_group_interface/move_group_interface_improved.h: No such file or directory
   43 | #include [01;31m[K<moveit/move_group_interface/move_group_interface_improved.h>[m[K
      |          [01;31m[K^~~~~~~~~~~~~~~~~~~~~~~~~~~~~~~~~~~~~~~~~~~~~~~~~~~~~~~~~~~~~[m[K
compilation terminated.
gmake[2]: *** [CMakeFiles/moveXYZW_action.dir/build.make:76: CMakeFiles/moveXYZW_action.dir/scripts/moveXYZW_action.cpp.o] Error 1
gmake[1]: *** [CMakeFiles/Makefile2:235: CMakeFiles/moveXYZW_action.dir/all] Error 2
[01m[K/home/yuritvr/PFC/wenis_ws/src/ros2_actions/scripts/moveXYZ_action.cpp:43:10:[m[K [01;31m[Kfatal error: [m[Kmoveit/move_group_interface/move_group_interface_improved.h: No such file or directory
   43 | #include [01;31m[K<moveit/move_group_interface/move_group_interface_improved.h>[m[K
      |          [01;31m[K^~~~~~~~~~~~~~~~~~~~~~~~~~~~~~~~~~~~~~~~~~~~~~~~~~~~~~~~~~~~~[m[K
compilation terminated.
[01m[K/home/yuritvr/PFC/wenis_ws/src/ros2_actions/scripts/moveL_action.cpp:43:10:[m[K [01;31m[Kfatal error: [m[Kmoveit/move_group_interface/move_group_interface_improved.h: No such file or directory
   43 | #include [01;31m[K<moveit/move_group_interface/move_group_interface_improved.h>[m[K
      |          [01;31m[K^~~~~~~~~~~~~~~~~~~~~~~~~~~~~~~~~~~~~~~~~~~~~~~~~~~~~~~~~~~~~[m[K
compilation terminated.
gmake[2]: *** [CMakeFiles/moveXYZ_action.dir/build.make:76: CMakeFiles/moveXYZ_action.dir/scripts/moveXYZ_action.cpp.o] Error 1
gmake[1]: *** [CMakeFiles/Makefile2:339: CMakeFiles/moveXYZ_action.dir/all] Error 2
gmake[2]: *** [CMakeFiles/moveL_action.dir/build.make:76: CMakeFiles/moveL_action.dir/scripts/moveL_action.cpp.o] Error 1
[01m[K/home/yuritvr/PFC/wenis_ws/src/ros2_actions/scripts/moveJ_action.cpp:43:10:[m[K [01;31m[Kfatal error: [m[Kmoveit/move_group_interface/move_group_interface_improved.h: No such file or directory
   43 | #include [01;31m[K<moveit/move_group_interface/move_group_interface_improved.h>[m[K
      |          [01;31m[K^~~~~~~~~~~~~~~~~~~~~~~~~~~~~~~~~~~~~~~~~~~~~~~~~~~~~~~~~~~~~[m[K
compilation terminated.
gmake[1]: *** [CMakeFiles/Makefile2:261: CMakeFiles/moveL_action.dir/all] Error 2
gmake[2]: *** [CMakeFiles/moveJ_action.dir/build.make:76: CMakeFiles/moveJ_action.dir/scripts/moveJ_action.cpp.o] Error 1
gmake[1]: *** [CMakeFiles/Makefile2:157: CMakeFiles/moveJ_action.dir/all] Error 2
[01m[K/home/yuritvr/PFC/wenis_ws/src/ros2_actions/scripts/moveJs_action.cpp:43:10:[m[K [01;31m[Kfatal error: [m[Kmoveit/move_group_interface/move_group_interface_improved.h: No such file or directory
   43 | #include [01;31m[K<moveit/move_group_interface/move_group_interface_improved.h>[m[K
      |          [01;31m[K^~~~~~~~~~~~~~~~~~~~~~~~~~~~~~~~~~~~~~~~~~~~~~~~~~~~~~~~~~~~~[m[K
compilation terminated.
gmake[2]: *** [CMakeFiles/moveJs_action.dir/build.make:76: CMakeFiles/moveJs_action.dir/scripts/moveJs_action.cpp.o] Error 1
gmake[1]: *** [CMakeFiles/Makefile2:183: CMakeFiles/moveJs_action.dir/all] Error 2
[01m[K/home/yuritvr/PFC/wenis_ws/src/ros2_actions/scripts/moveG_action.cpp:43:10:[m[K [01;31m[Kfatal error: [m[Kmoveit/move_group_interface/move_group_interface_improved.h: No such file or directory
   43 | #include [01;31m[K<moveit/move_group_interface/move_group_interface_improved.h>[m[K
      |          [01;31m[K^~~~~~~~~~~~~~~~~~~~~~~~~~~~~~~~~~~~~~~~~~~~~~~~~~~~~~~~~~~~~[m[K
compilation terminated.
gmake[2]: *** [CMakeFiles/moveG_action.dir/build.make:76: CMakeFiles/moveG_action.dir/scripts/moveG_action.cpp.o] Error 1
gmake[1]: *** [CMakeFiles/Makefile2:209: CMakeFiles/moveG_action.dir/all] Error 2
gmake: *** [Makefile:146: all] Error 2
