[0.140s] Invoking command in '/home/yuritvr/PFC/wenis_ws/build/ros2_actions': AMENT_PREFIX_PATH=/home/yuritvr/PFC/wenis_ws/install/ros2_data:${AMENT_PREFIX_PATH} CMAKE_PREFIX_PATH=/home/yuritvr/PFC/wenis_ws/install/ros2_data:/opt/ros/humble LD_LIBRARY_PATH=/home/yuritvr/PFC/wenis_ws/install/ros2_data/lib:/usr/lib/x86_64-linux-gnu/gazebo-11/plugins:/opt/ros/humble/opt/rviz_ogre_vendor/lib:/opt/ros/humble/lib/x86_64-linux-gnu:/opt/ros/humble/lib:/usr/lib/x86_64-linux-gnu/gazebo-11/plugins PYTHONPATH=/home/yuritvr/PFC/wenis_ws/install/ros2_data/local/lib/python3.10/dist-packages:${PYTHONPATH} /usr/bin/cmake /home/yuritvr/PFC/wenis_ws/src/ros2_actions -DCMAKE_INSTALL_PREFIX=/home/yuritvr/PFC/wenis_ws/install/ros2_actions
[1.795s] -- The C compiler identification is GNU 11.4.0
[1.796s] -- The CXX compiler identification is GNU 11.4.0
[1.796s] -- Detecting C compiler ABI info
[1.796s] -- Detecting C compiler ABI info - done
[1.796s] -- Check for working C compiler: /usr/bin/cc - skipped
[1.796s] -- Detecting C compile features
[1.796s] -- Detecting C compile features - done
[1.797s] -- Detecting CXX compiler ABI info
[1.797s] -- Detecting CXX compiler ABI info - done
[1.797s] -- Check for working CXX compiler: /usr/bin/c++ - skipped
[1.797s] -- Detecting CXX compile features
[1.797s] -- Detecting CXX compile features - done
[1.797s] -- Found ament_cmake: 1.3.9 (/opt/ros/humble/share/ament_cmake/cmake)
[1.797s] -- Found Python3: /usr/bin/python3 (found version "3.10.12") found components: Interpreter 
[1.797s] -- Found ament_lint_auto: 0.12.11 (/opt/ros/humble/share/ament_lint_auto/cmake)
[1.803s] -- Found moveit_ros_planning_interface: 2.5.5 (/opt/ros/humble/share/moveit_ros_planning_interface/cmake)
[2.233s] -- Found Boost: /usr/lib/x86_64-linux-gnu/cmake/Boost-1.74.0/BoostConfig.cmake (found version "1.74.0") found components: date_time filesystem program_options system thread 
[2.327s] -- Found rosidl_generator_c: 3.1.5 (/opt/ros/humble/share/rosidl_generator_c/cmake)
[2.336s] -- Found rosidl_adapter: 3.1.5 (/opt/ros/humble/share/rosidl_adapter/cmake)
[2.354s] -- Found rosidl_generator_cpp: 3.1.5 (/opt/ros/humble/share/rosidl_generator_cpp/cmake)
[2.388s] -- Using all available rosidl_typesupport_c: rosidl_typesupport_fastrtps_c;rosidl_typesupport_introspection_c
[2.420s] -- Using all available rosidl_typesupport_cpp: rosidl_typesupport_fastrtps_cpp;rosidl_typesupport_introspection_cpp
[4.570s] -- Found Boost: /usr/lib/x86_64-linux-gnu/cmake/Boost-1.74.0/BoostConfig.cmake (found version "1.74.0") found components: chrono date_time filesystem iostreams program_options regex serialization system thread 
[4.596s] -- Found parameter_traits: 0.3.8 (/opt/ros/humble/share/parameter_traits/cmake)
[4.724s] -- Found rmw_implementation_cmake: 6.1.2 (/opt/ros/humble/share/rmw_implementation_cmake/cmake)
[4.729s] -- Found rmw_fastrtps_cpp: 6.2.6 (/opt/ros/humble/share/rmw_fastrtps_cpp/cmake)
[4.933s] -- Found OpenSSL: /usr/lib/x86_64-linux-gnu/libcrypto.so (found version "3.0.2")  
[5.075s] -- Found FastRTPS: /opt/ros/humble/include  
[5.210s] -- Using RMW implementation 'rmw_fastrtps_cpp' as default
[5.228s] -- Found Threads: TRUE  
[5.574s] -- Found rclcpp_lifecycle: 16.0.9 (/opt/ros/humble/share/rclcpp_lifecycle/cmake)
[5.695s] -- Found Boost: /usr/lib/x86_64-linux-gnu/cmake/Boost-1.74.0/BoostConfig.cmake (found version "1.74.0") found components: filesystem 
[5.928s] -- library: /usr/lib/x86_64-linux-gnu/libcurl.so
[6.276s] -- Found Eigen3: TRUE (found version "3.4.0") 
[6.276s] -- Ensuring Eigen3 include directory is part of orocos-kdl CMake target
[6.943s] -- Found Boost: /usr/lib/x86_64-linux-gnu/cmake/Boost-1.74.0/BoostConfig.cmake (found version "1.74.0") found components: system filesystem date_time program_options thread chrono 
[7.589s] -- Found Boost: /usr/lib/x86_64-linux-gnu/cmake/Boost-1.74.0/BoostConfig.cmake (found version "1.74.0") found components: thread system filesystem regex date_time program_options 
[7.899s] -- Found Boost: /usr/lib/x86_64-linux-gnu/cmake/Boost-1.74.0/BoostConfig.cmake (found version "1.74.0") found components: system filesystem date_time program_options thread 
[8.420s] -- Found ros2_data: 0.0.0 (/home/yuritvr/PFC/wenis_ws/install/ros2_data/share/ros2_data/cmake)
[8.504s] -- Added test 'copyright' to check source files copyright and LICENSE
[8.505s] -- Added test 'cppcheck' to perform static code analysis on C / C++ code
[8.506s] -- Configured cppcheck include dirs: 
[8.506s] -- Configured cppcheck exclude dirs and/or files: 
[8.507s] -- Added test 'cpplint' to check C / C++ code against the Google style
[8.507s] -- Configured cpplint exclude dirs and/or files: 
[8.508s] -- Added test 'lint_cmake' to check CMake code style
[8.509s] -- Added test 'uncrustify' to check C / C++ code style
[8.509s] -- Configured uncrustify additional arguments: 
[8.510s] -- Added test 'xmllint' to check XML markup files
[8.511s] -- Configuring done
[8.819s] -- Generating done
[8.824s] -- Build files have been written to: /home/yuritvr/PFC/wenis_ws/build/ros2_actions
[8.849s] Invoked command in '/home/yuritvr/PFC/wenis_ws/build/ros2_actions' returned '0': AMENT_PREFIX_PATH=/home/yuritvr/PFC/wenis_ws/install/ros2_data:${AMENT_PREFIX_PATH} CMAKE_PREFIX_PATH=/home/yuritvr/PFC/wenis_ws/install/ros2_data:/opt/ros/humble LD_LIBRARY_PATH=/home/yuritvr/PFC/wenis_ws/install/ros2_data/lib:/usr/lib/x86_64-linux-gnu/gazebo-11/plugins:/opt/ros/humble/opt/rviz_ogre_vendor/lib:/opt/ros/humble/lib/x86_64-linux-gnu:/opt/ros/humble/lib:/usr/lib/x86_64-linux-gnu/gazebo-11/plugins PYTHONPATH=/home/yuritvr/PFC/wenis_ws/install/ros2_data/local/lib/python3.10/dist-packages:${PYTHONPATH} /usr/bin/cmake /home/yuritvr/PFC/wenis_ws/src/ros2_actions -DCMAKE_INSTALL_PREFIX=/home/yuritvr/PFC/wenis_ws/install/ros2_actions
[8.851s] Invoking command in '/home/yuritvr/PFC/wenis_ws/build/ros2_actions': AMENT_PREFIX_PATH=/home/yuritvr/PFC/wenis_ws/install/ros2_data:${AMENT_PREFIX_PATH} CMAKE_PREFIX_PATH=/home/yuritvr/PFC/wenis_ws/install/ros2_data:/opt/ros/humble LD_LIBRARY_PATH=/home/yuritvr/PFC/wenis_ws/install/ros2_data/lib:/usr/lib/x86_64-linux-gnu/gazebo-11/plugins:/opt/ros/humble/opt/rviz_ogre_vendor/lib:/opt/ros/humble/lib/x86_64-linux-gnu:/opt/ros/humble/lib:/usr/lib/x86_64-linux-gnu/gazebo-11/plugins PYTHONPATH=/home/yuritvr/PFC/wenis_ws/install/ros2_data/local/lib/python3.10/dist-packages:${PYTHONPATH} /usr/bin/cmake --build /home/yuritvr/PFC/wenis_ws/build/ros2_actions -- -j8 -l8
[8.960s] [  4%] [32mBuilding CXX object CMakeFiles/moveJs_action.dir/scripts/moveJs_action.cpp.o[0m
[8.962s] [  9%] [32mBuilding CXX object CMakeFiles/moveRs_action.dir/scripts/moveRs_action.cpp.o[0m
[8.964s] [ 13%] [32mBuilding CXX object CMakeFiles/moveG_action.dir/scripts/moveG_action.cpp.o[0m
[8.964s] [ 22%] [32mBuilding CXX object CMakeFiles/moveL_action.dir/scripts/moveL_action.cpp.o[0m
[8.965s] [ 22%] [32mBuilding CXX object CMakeFiles/moveR_action.dir/scripts/moveR_action.cpp.o[0m
[8.977s] [ 27%] [32mBuilding CXX object CMakeFiles/moveXYZW_action.dir/scripts/moveXYZW_action.cpp.o[0m
[8.994s] [ 31%] [32mBuilding CXX object CMakeFiles/moveJ_action.dir/scripts/moveJ_action.cpp.o[0m
[9.001s] [ 36%] [32mBuilding CXX object CMakeFiles/moveXYZ_action.dir/scripts/moveXYZ_action.cpp.o[0m
[9.797s] [01m[K/home/yuritvr/PFC/wenis_ws/src/ros2_actions/scripts/moveRs_action.cpp:43:10:[m[K [01;31m[Kfatal error: [m[Kmoveit/move_group_interface/move_group_interface_improved.h: No such file or directory
[9.797s]    43 | #include [01;31m[K<moveit/move_group_interface/move_group_interface_improved.h>[m[K
[9.797s]       |          [01;31m[K^~~~~~~~~~~~~~~~~~~~~~~~~~~~~~~~~~~~~~~~~~~~~~~~~~~~~~~~~~~~~[m[K
[9.797s] compilation terminated.
[9.802s] gmake[2]: *** [CMakeFiles/moveRs_action.dir/build.make:76: CMakeFiles/moveRs_action.dir/scripts/moveRs_action.cpp.o] Error 1
[9.802s] gmake[1]: *** [CMakeFiles/Makefile2:313: CMakeFiles/moveRs_action.dir/all] Error 2
[9.803s] gmake[1]: *** Waiting for unfinished jobs....
[9.826s] [01m[K/home/yuritvr/PFC/wenis_ws/src/ros2_actions/scripts/moveR_action.cpp:43:10:[m[K [01;31m[Kfatal error: [m[Kmoveit/move_group_interface/move_group_interface_improved.h: No such file or directory
[9.826s]    43 | #include [01;31m[K<moveit/move_group_interface/move_group_interface_improved.h>[m[K
[9.826s]       |          [01;31m[K^~~~~~~~~~~~~~~~~~~~~~~~~~~~~~~~~~~~~~~~~~~~~~~~~~~~~~~~~~~~~[m[K
[9.826s] compilation terminated.
[9.831s] gmake[2]: *** [CMakeFiles/moveR_action.dir/build.make:76: CMakeFiles/moveR_action.dir/scripts/moveR_action.cpp.o] Error 1
[9.831s] gmake[1]: *** [CMakeFiles/Makefile2:287: CMakeFiles/moveR_action.dir/all] Error 2
[9.892s] [01m[K/home/yuritvr/PFC/wenis_ws/src/ros2_actions/scripts/moveXYZW_action.cpp:43:10:[m[K [01;31m[Kfatal error: [m[Kmoveit/move_group_interface/move_group_interface_improved.h: No such file or directory
[9.892s]    43 | #include [01;31m[K<moveit/move_group_interface/move_group_interface_improved.h>[m[K
[9.893s]       |          [01;31m[K^~~~~~~~~~~~~~~~~~~~~~~~~~~~~~~~~~~~~~~~~~~~~~~~~~~~~~~~~~~~~[m[K
[9.893s] compilation terminated.
[9.900s] gmake[2]: *** [CMakeFiles/moveXYZW_action.dir/build.make:76: CMakeFiles/moveXYZW_action.dir/scripts/moveXYZW_action.cpp.o] Error 1
[9.900s] gmake[1]: *** [CMakeFiles/Makefile2:235: CMakeFiles/moveXYZW_action.dir/all] Error 2
[9.905s] [01m[K/home/yuritvr/PFC/wenis_ws/src/ros2_actions/scripts/moveXYZ_action.cpp:43:10:[m[K [01;31m[Kfatal error: [m[Kmoveit/move_group_interface/move_group_interface_improved.h: No such file or directory
[9.905s]    43 | #include [01;31m[K<moveit/move_group_interface/move_group_interface_improved.h>[m[K
[9.906s]       |          [01;31m[K^~~~~~~~~~~~~~~~~~~~~~~~~~~~~~~~~~~~~~~~~~~~~~~~~~~~~~~~~~~~~[m[K
[9.906s] compilation terminated.
[9.908s] [01m[K/home/yuritvr/PFC/wenis_ws/src/ros2_actions/scripts/moveL_action.cpp:43:10:[m[K [01;31m[Kfatal error: [m[Kmoveit/move_group_interface/move_group_interface_improved.h: No such file or directory
[9.908s]    43 | #include [01;31m[K<moveit/move_group_interface/move_group_interface_improved.h>[m[K
[9.909s]       |          [01;31m[K^~~~~~~~~~~~~~~~~~~~~~~~~~~~~~~~~~~~~~~~~~~~~~~~~~~~~~~~~~~~~[m[K
[9.909s] compilation terminated.
[9.909s] gmake[2]: *** [CMakeFiles/moveXYZ_action.dir/build.make:76: CMakeFiles/moveXYZ_action.dir/scripts/moveXYZ_action.cpp.o] Error 1
[9.909s] gmake[1]: *** [CMakeFiles/Makefile2:339: CMakeFiles/moveXYZ_action.dir/all] Error 2
[9.914s] gmake[2]: *** [CMakeFiles/moveL_action.dir/build.make:76: CMakeFiles/moveL_action.dir/scripts/moveL_action.cpp.o] Error 1
[9.914s] [01m[K/home/yuritvr/PFC/wenis_ws/src/ros2_actions/scripts/moveJ_action.cpp:43:10:[m[K [01;31m[Kfatal error: [m[Kmoveit/move_group_interface/move_group_interface_improved.h: No such file or directory
[9.914s]    43 | #include [01;31m[K<moveit/move_group_interface/move_group_interface_improved.h>[m[K
[9.914s]       |          [01;31m[K^~~~~~~~~~~~~~~~~~~~~~~~~~~~~~~~~~~~~~~~~~~~~~~~~~~~~~~~~~~~~[m[K
[9.914s] compilation terminated.
[9.915s] gmake[1]: *** [CMakeFiles/Makefile2:261: CMakeFiles/moveL_action.dir/all] Error 2
[9.917s] gmake[2]: *** [CMakeFiles/moveJ_action.dir/build.make:76: CMakeFiles/moveJ_action.dir/scripts/moveJ_action.cpp.o] Error 1
[9.918s] gmake[1]: *** [CMakeFiles/Makefile2:157: CMakeFiles/moveJ_action.dir/all] Error 2
[9.989s] [01m[K/home/yuritvr/PFC/wenis_ws/src/ros2_actions/scripts/moveJs_action.cpp:43:10:[m[K [01;31m[Kfatal error: [m[Kmoveit/move_group_interface/move_group_interface_improved.h: No such file or directory
[9.989s]    43 | #include [01;31m[K<moveit/move_group_interface/move_group_interface_improved.h>[m[K
[9.990s]       |          [01;31m[K^~~~~~~~~~~~~~~~~~~~~~~~~~~~~~~~~~~~~~~~~~~~~~~~~~~~~~~~~~~~~[m[K
[9.990s] compilation terminated.
[9.995s] gmake[2]: *** [CMakeFiles/moveJs_action.dir/build.make:76: CMakeFiles/moveJs_action.dir/scripts/moveJs_action.cpp.o] Error 1
[9.995s] gmake[1]: *** [CMakeFiles/Makefile2:183: CMakeFiles/moveJs_action.dir/all] Error 2
[10.016s] [01m[K/home/yuritvr/PFC/wenis_ws/src/ros2_actions/scripts/moveG_action.cpp:43:10:[m[K [01;31m[Kfatal error: [m[Kmoveit/move_group_interface/move_group_interface_improved.h: No such file or directory
[10.016s]    43 | #include [01;31m[K<moveit/move_group_interface/move_group_interface_improved.h>[m[K
[10.016s]       |          [01;31m[K^~~~~~~~~~~~~~~~~~~~~~~~~~~~~~~~~~~~~~~~~~~~~~~~~~~~~~~~~~~~~[m[K
[10.016s] compilation terminated.
[10.021s] gmake[2]: *** [CMakeFiles/moveG_action.dir/build.make:76: CMakeFiles/moveG_action.dir/scripts/moveG_action.cpp.o] Error 1
[10.021s] gmake[1]: *** [CMakeFiles/Makefile2:209: CMakeFiles/moveG_action.dir/all] Error 2
[10.021s] gmake: *** [Makefile:146: all] Error 2
[10.024s] Invoked command in '/home/yuritvr/PFC/wenis_ws/build/ros2_actions' returned '2': AMENT_PREFIX_PATH=/home/yuritvr/PFC/wenis_ws/install/ros2_data:${AMENT_PREFIX_PATH} CMAKE_PREFIX_PATH=/home/yuritvr/PFC/wenis_ws/install/ros2_data:/opt/ros/humble LD_LIBRARY_PATH=/home/yuritvr/PFC/wenis_ws/install/ros2_data/lib:/usr/lib/x86_64-linux-gnu/gazebo-11/plugins:/opt/ros/humble/opt/rviz_ogre_vendor/lib:/opt/ros/humble/lib/x86_64-linux-gnu:/opt/ros/humble/lib:/usr/lib/x86_64-linux-gnu/gazebo-11/plugins PYTHONPATH=/home/yuritvr/PFC/wenis_ws/install/ros2_data/local/lib/python3.10/dist-packages:${PYTHONPATH} /usr/bin/cmake --build /home/yuritvr/PFC/wenis_ws/build/ros2_actions -- -j8 -l8
